
=============
== PyTorch ==
=============

NVIDIA Release 24.02 (build 82611821)
PyTorch Version 2.3.0a0+ebedce2
Container image Copyright (c) 2024, NVIDIA CORPORATION & AFFILIATES. All rights reserved.
Copyright (c) 2014-2024 Facebook Inc.
Copyright (c) 2011-2014 Idiap Research Institute (Ronan Collobert)
Copyright (c) 2012-2014 Deepmind Technologies    (Koray Kavukcuoglu)
Copyright (c) 2011-2012 NEC Laboratories America (Koray Kavukcuoglu)
Copyright (c) 2011-2013 NYU                      (Clement Farabet)
Copyright (c) 2006-2010 NEC Laboratories America (Ronan Collobert, Leon Bottou, Iain Melvin, Jason Weston)
Copyright (c) 2006      Idiap Research Institute (Samy Bengio)
Copyright (c) 2001-2004 Idiap Research Institute (Ronan Collobert, Samy Bengio, Johnny Mariethoz)
Copyright (c) 2015      Google Inc.
Copyright (c) 2015      Yangqing Jia
Copyright (c) 2013-2016 The Caffe contributors
All rights reserved.

Various files include modifications (c) NVIDIA CORPORATION & AFFILIATES.  All rights reserved.

This container image and its contents are governed by the NVIDIA Deep Learning Container License.
By pulling and using the container, you accept the terms and conditions of this license:
https://developer.nvidia.com/ngc/nvidia-deep-learning-container-license

ERROR: This container was built for NVIDIA Driver Release 545.23 or later, but
       version 470.161.03 was detected and compatibility mode is UNAVAILABLE.

       [[]]

gn0815:14391:14391 [7] NCCL INFO cudaDriverVersion 12030
gn0815:14391:14391 [7] NCCL INFO NCCL_SOCKET_IFNAME set by environment to ib0
gn0815:14391:14391 [7] NCCL INFO Bootstrap : Using ib0:10.100.8.15<0>
gn0815:14391:14391 [7] NCCL INFO NET/Plugin: Failed to find ncclNetPlugin_v7 symbol.
gn0815:14391:14391 [7] NCCL INFO NET/Plugin: Loaded net plugin NCCL RDMA Plugin v6 (v6)
gn0815:14391:14391 [7] NCCL INFO NET/Plugin: Failed to find ncclCollNetPlugin_v7 symbol.
gn0815:14391:14391 [7] NCCL INFO NET/Plugin: Loaded coll plugin SHARP (v6)
gn0815:14391:31672 [7] NCCL INFO Plugin Path : /opt/hpcx/nccl_rdma_sharp_plugin/lib/libnccl-net.so
gn0815:14391:31672 [7] NCCL INFO P2P plugin IBext
gn0815:14391:31672 [7] NCCL INFO NCCL_SOCKET_IFNAME set by environment to ib0
gn0815:14391:31672 [7] NCCL INFO NET/IB : Using [0]mlx5_0:1/IB/SHARP [RO]; OOB ib0:10.100.8.15<0>
gn0815:14391:31672 [7] NCCL INFO Using non-device net plugin version 0
gn0815:14391:31672 [7] NCCL INFO Using network IBext
gn0815:14391:31672 [7] NCCL INFO comm 0x55bf347f2090 rank 111 nranks 128 cudaDev 7 nvmlDev 7 busId dc000 commId 0x3a10407dea0f6e61 - Init START
gn0815:14391:31672 [7] NCCL INFO Setting affinity for GPU 7 to 3c0000
gn0815:14391:31672 [7] NCCL INFO NVLS multicast support is not available on dev 7
gn0815:14391:31672 [7] NCCL INFO Trees [0] 108/-1/-1->111->110 [1] 108/-1/-1->111->110
gn0815:14391:31672 [7] NCCL INFO P2P Chunksize set to 131072
gn0815:14391:31672 [7] NCCL INFO Channel 00/0 : 111[7] -> 105[1] via P2P/CUMEM
gn0815:14391:31672 [7] NCCL INFO Channel 01/0 : 111[7] -> 105[1] via P2P/CUMEM
gn0815:14391:31672 [7] NCCL INFO Connected all rings
gn0815:14391:31672 [7] NCCL INFO Channel 00/0 : 111[7] -> 108[4] via P2P/CUMEM
gn0815:14391:31672 [7] NCCL INFO Channel 01/0 : 111[7] -> 108[4] via P2P/CUMEM
gn0815:14391:31672 [7] NCCL INFO Channel 00/0 : 111[7] -> 110[6] via P2P/CUMEM
gn0815:14391:31672 [7] NCCL INFO Channel 01/0 : 111[7] -> 110[6] via P2P/CUMEM
gn0815:14391:31672 [7] NCCL INFO Connected all trees
gn0815:14391:31672 [7] NCCL INFO threadThresholds 8/8/64 | 1024/8/64 | 512 | 512
gn0815:14391:31672 [7] NCCL INFO 2 coll channels, 0 nvls channels, 2 p2p channels, 2 p2p channels per peer
gn0815:14391:31672 [7] NCCL INFO Channel 00/1 : 111[7] -> 104[0] via P2P/indirect/110[6]
gn0815:14391:31672 [7] NCCL INFO Channel 01/1 : 111[7] -> 104[0] via P2P/indirect/110[6]
gn0815:14391:31672 [7] NCCL INFO Channel 00/1 : 111[7] -> 106[2] via P2P/indirect/105[1]
gn0815:14391:31672 [7] NCCL INFO Channel 01/1 : 111[7] -> 106[2] via P2P/indirect/105[1]
gn0815:14391:31672 [7] NCCL INFO Channel 00/1 : 111[7] -> 107[3] via P2P/indirect/105[1]
gn0815:14391:31672 [7] NCCL INFO Channel 01/1 : 111[7] -> 107[3] via P2P/indirect/105[1]
gn0815:14391:31672 [7] NCCL INFO comm 0x55bf347f2090 rank 111 nranks 128 cudaDev 7 nvmlDev 7 busId dc000 commId 0x3a10407dea0f6e61 - Init COMPLETE
gn0815:14391:11308 [7] NCCL INFO Using non-device net plugin version 0
gn0815:14391:11308 [7] NCCL INFO Using network IBext
gn0815:14391:11308 [7] NCCL INFO comm 0x55bf372fe660 rank 31 nranks 32 cudaDev 7 nvmlDev 7 busId dc000 commId 0xb1e413b4fe25dff5 - Init START
gn0815:14391:11308 [7] NCCL INFO Setting affinity for GPU 7 to 3c0000
gn0815:14391:11308 [7] NCCL INFO NVLS multicast support is not available on dev 7
gn0815:14391:11308 [7] NCCL INFO Trees [0] 28/-1/-1->31->30 [1] 28/-1/-1->31->30
gn0815:14391:11308 [7] NCCL INFO P2P Chunksize set to 131072
gn0815:14391:11308 [7] NCCL INFO Channel 00/0 : 31[7] -> 25[1] via P2P/CUMEM
gn0815:14391:11308 [7] NCCL INFO Channel 01/0 : 31[7] -> 25[1] via P2P/CUMEM
gn0815:14391:11308 [7] NCCL INFO Connected all rings
gn0815:14391:11308 [7] NCCL INFO Channel 00/0 : 31[7] -> 28[4] via P2P/CUMEM
gn0815:14391:11308 [7] NCCL INFO Channel 01/0 : 31[7] -> 28[4] via P2P/CUMEM
gn0815:14391:11308 [7] NCCL INFO Channel 00/0 : 31[7] -> 30[6] via P2P/CUMEM
gn0815:14391:11308 [7] NCCL INFO Channel 01/0 : 31[7] -> 30[6] via P2P/CUMEM
gn0815:14391:11308 [7] NCCL INFO Connected all trees
gn0815:14391:11308 [7] NCCL INFO threadThresholds 8/8/64 | 256/8/64 | 512 | 512
gn0815:14391:11308 [7] NCCL INFO 2 coll channels, 0 nvls channels, 2 p2p channels, 2 p2p channels per peer
gn0815:14391:11308 [7] NCCL INFO Channel 00/1 : 31[7] -> 24[0] via P2P/indirect/30[6]
gn0815:14391:11308 [7] NCCL INFO Channel 01/1 : 31[7] -> 24[0] via P2P/indirect/30[6]
gn0815:14391:11308 [7] NCCL INFO Channel 00/1 : 31[7] -> 26[2] via P2P/indirect/25[1]
gn0815:14391:11308 [7] NCCL INFO Channel 01/1 : 31[7] -> 26[2] via P2P/indirect/25[1]
gn0815:14391:11308 [7] NCCL INFO Channel 00/1 : 31[7] -> 27[3] via P2P/indirect/25[1]
gn0815:14391:11308 [7] NCCL INFO Channel 01/1 : 31[7] -> 27[3] via P2P/indirect/25[1]
gn0815:14391:11308 [7] NCCL INFO comm 0x55bf372fe660 rank 31 nranks 32 cudaDev 7 nvmlDev 7 busId dc000 commId 0xb1e413b4fe25dff5 - Init COMPLETE
