
=============
== PyTorch ==
=============

NVIDIA Release 24.02 (build 82611821)
PyTorch Version 2.3.0a0+ebedce2
Container image Copyright (c) 2024, NVIDIA CORPORATION & AFFILIATES. All rights reserved.
Copyright (c) 2014-2024 Facebook Inc.
Copyright (c) 2011-2014 Idiap Research Institute (Ronan Collobert)
Copyright (c) 2012-2014 Deepmind Technologies    (Koray Kavukcuoglu)
Copyright (c) 2011-2012 NEC Laboratories America (Koray Kavukcuoglu)
Copyright (c) 2011-2013 NYU                      (Clement Farabet)
Copyright (c) 2006-2010 NEC Laboratories America (Ronan Collobert, Leon Bottou, Iain Melvin, Jason Weston)
Copyright (c) 2006      Idiap Research Institute (Samy Bengio)
Copyright (c) 2001-2004 Idiap Research Institute (Ronan Collobert, Samy Bengio, Johnny Mariethoz)
Copyright (c) 2015      Google Inc.
Copyright (c) 2015      Yangqing Jia
Copyright (c) 2013-2016 The Caffe contributors
All rights reserved.

Various files include modifications (c) NVIDIA CORPORATION & AFFILIATES.  All rights reserved.

This container image and its contents are governed by the NVIDIA Deep Learning Container License.
By pulling and using the container, you accept the terms and conditions of this license:
https://developer.nvidia.com/ngc/nvidia-deep-learning-container-license

ERROR: This container was built for NVIDIA Driver Release 545.23 or later, but
       version 470.161.03 was detected and compatibility mode is UNAVAILABLE.

       [[]]

gn0703:34987:34987 [0] NCCL INFO cudaDriverVersion 12030
gn0703:34987:34987 [0] NCCL INFO NCCL_SOCKET_IFNAME set by environment to ib0
gn0703:34987:34987 [0] NCCL INFO Bootstrap : Using ib0:10.100.7.3<0>
gn0703:34987:34987 [0] NCCL INFO NET/Plugin: Failed to find ncclNetPlugin_v7 symbol.
gn0703:34987:34987 [0] NCCL INFO NET/Plugin: Loaded net plugin NCCL RDMA Plugin v6 (v6)
gn0703:34987:34987 [0] NCCL INFO NET/Plugin: Failed to find ncclCollNetPlugin_v7 symbol.
gn0703:34987:34987 [0] NCCL INFO NET/Plugin: Loaded coll plugin SHARP (v6)
gn0703:34987:15163 [0] NCCL INFO Plugin Path : /opt/hpcx/nccl_rdma_sharp_plugin/lib/libnccl-net.so
gn0703:34987:15163 [0] NCCL INFO P2P plugin IBext
gn0703:34987:15163 [0] NCCL INFO NCCL_SOCKET_IFNAME set by environment to ib0
gn0703:34987:15163 [0] NCCL INFO NET/IB : Using [0]mlx5_0:1/IB/SHARP [RO]; OOB ib0:10.100.7.3<0>
gn0703:34987:15163 [0] NCCL INFO Using non-device net plugin version 0
gn0703:34987:15163 [0] NCCL INFO Using network IBext
gn0703:34987:15163 [0] NCCL INFO comm 0x56232932a030 rank 16 nranks 128 cudaDev 0 nvmlDev 0 busId 1b000 commId 0x3a10407dea0f6e61 - Init START
gn0703:34987:15163 [0] NCCL INFO NVLS multicast support is not available on dev 0
gn0703:34987:15163 [0] NCCL INFO Trees [0] 17/24/-1->16->33 [1] 17/-1/-1->16->9
gn0703:34987:15163 [0] NCCL INFO P2P Chunksize set to 131072
gn0703:34987:15163 [0] NCCL INFO Channel 00/0 : 16[0] -> 19[3] via P2P/CUMEM
gn0703:34987:15163 [0] NCCL INFO Channel 01/0 : 16[0] -> 19[3] via P2P/CUMEM
gn0703:34987:15163 [0] NCCL INFO Channel 00/0 : 9[1] -> 16[0] [receive] via NET/IBext/0/GDRDMA
gn0703:34987:15163 [0] NCCL INFO Channel 01/0 : 9[1] -> 16[0] [receive] via NET/IBext/0/GDRDMA
gn0703:34987:15163 [0] NCCL INFO Connected all rings
gn0703:34987:15163 [0] NCCL INFO Channel 00/0 : 16[0] -> 17[1] via P2P/CUMEM
gn0703:34987:15163 [0] NCCL INFO Channel 01/0 : 16[0] -> 17[1] via P2P/CUMEM
gn0703:34987:15163 [0] NCCL INFO Channel 00/0 : 16[0] -> 24[0] [send] via NET/IBext/0/GDRDMA
gn0703:34987:15163 [0] NCCL INFO Channel 00/0 : 16[0] -> 33[1] [send] via NET/IBext/0/GDRDMA
gn0703:34987:15163 [0] NCCL INFO Channel 00/0 : 33[1] -> 16[0] [receive] via NET/IBext/0/GDRDMA
gn0703:34987:15163 [0] NCCL INFO Channel 00/0 : 24[0] -> 16[0] [receive] via NET/IBext/0/GDRDMA
gn0703:34987:15163 [0] NCCL INFO Channel 01/0 : 16[0] -> 9[1] [send] via NET/IBext/0/GDRDMA
gn0703:34987:15163 [0] NCCL INFO Connected all trees
gn0703:34987:15163 [0] NCCL INFO threadThresholds 8/8/64 | 1024/8/64 | 512 | 512
gn0703:34987:15163 [0] NCCL INFO 2 coll channels, 0 nvls channels, 2 p2p channels, 2 p2p channels per peer
gn0703:34987:15163 [0] NCCL INFO Channel 00/1 : 16[0] -> 20[4] via P2P/indirect/18[2]
gn0703:34987:15163 [0] NCCL INFO Channel 01/1 : 16[0] -> 20[4] via P2P/indirect/18[2]
gn0703:34987:15163 [0] NCCL INFO Channel 00/1 : 16[0] -> 21[5] via P2P/indirect/22[6]
gn0703:34987:15163 [0] NCCL INFO Channel 01/1 : 16[0] -> 21[5] via P2P/indirect/22[6]
gn0703:34987:15163 [0] NCCL INFO Channel 00/1 : 16[0] -> 23[7] via P2P/indirect/17[1]
gn0703:34987:15163 [0] NCCL INFO Channel 01/1 : 16[0] -> 23[7] via P2P/indirect/17[1]
gn0703:34987:15163 [0] NCCL INFO comm 0x56232932a030 rank 16 nranks 128 cudaDev 0 nvmlDev 0 busId 1b000 commId 0x3a10407dea0f6e61 - Init COMPLETE
NCCL version 2.19.4+cuda12.3
gn0703:34987:31939 [0] NCCL INFO Using non-device net plugin version 0
gn0703:34987:31939 [0] NCCL INFO Using network IBext
gn0703:34987:31939 [0] NCCL INFO comm 0x56232be41a90 rank 0 nranks 32 cudaDev 0 nvmlDev 0 busId 1b000 commId 0xcd697de2e221a617 - Init START
gn0703:34987:31939 [0] NCCL INFO NVLS multicast support is not available on dev 0
gn0703:34987:31939 [0] NCCL INFO Channel 00/02 :    0   3   2   4   5   6   7   1   8  11  10  12  13  14  15   9  16  19  18  20
gn0703:34987:31939 [0] NCCL INFO Channel 01/02 :    0   3   2   4   5   6   7   1   8  11  10  12  13  14  15   9  16  19  18  20
gn0703:34987:31939 [0] NCCL INFO Trees [0] 1/16/-1->0->-1 [1] 1/-1/-1->0->8
gn0703:34987:31939 [0] NCCL INFO P2P Chunksize set to 131072
gn0703:34987:31939 [0] NCCL INFO Channel 00/0 : 0[0] -> 3[3] via P2P/CUMEM
gn0703:34987:31939 [0] NCCL INFO Channel 01/0 : 0[0] -> 3[3] via P2P/CUMEM
gn0703:34987:31939 [0] NCCL INFO Channel 00/0 : 25[1] -> 0[0] [receive] via NET/IBext/0/GDRDMA
gn0703:34987:31939 [0] NCCL INFO Channel 01/0 : 25[1] -> 0[0] [receive] via NET/IBext/0/GDRDMA
gn0703:34987:31939 [0] NCCL INFO Connected all rings
gn0703:34987:31939 [0] NCCL INFO Channel 00/0 : 0[0] -> 1[1] via P2P/CUMEM
gn0703:34987:31939 [0] NCCL INFO Channel 01/0 : 0[0] -> 1[1] via P2P/CUMEM
gn0703:34987:31939 [0] NCCL INFO Channel 01/0 : 0[0] -> 8[0] [send] via NET/IBext/0/GDRDMA
gn0703:34987:31939 [0] NCCL INFO Channel 00/0 : 16[0] -> 0[0] [receive] via NET/IBext/0/GDRDMA
gn0703:34987:31939 [0] NCCL INFO Channel 00/0 : 0[0] -> 16[0] [send] via NET/IBext/0/GDRDMA
gn0703:34987:31939 [0] NCCL INFO Channel 01/0 : 8[0] -> 0[0] [receive] via NET/IBext/0/GDRDMA
gn0703:34987:31939 [0] NCCL INFO Connected all trees
gn0703:34987:31939 [0] NCCL INFO threadThresholds 8/8/64 | 256/8/64 | 512 | 512
gn0703:34987:31939 [0] NCCL INFO 2 coll channels, 0 nvls channels, 2 p2p channels, 2 p2p channels per peer
gn0703:34987:31939 [0] NCCL INFO Channel 00/1 : 0[0] -> 4[4] via P2P/indirect/2[2]
gn0703:34987:31939 [0] NCCL INFO Channel 01/1 : 0[0] -> 4[4] via P2P/indirect/2[2]
gn0703:34987:31939 [0] NCCL INFO Channel 00/1 : 0[0] -> 5[5] via P2P/indirect/6[6]
gn0703:34987:31939 [0] NCCL INFO Channel 01/1 : 0[0] -> 5[5] via P2P/indirect/6[6]
gn0703:34987:31939 [0] NCCL INFO Channel 00/1 : 0[0] -> 7[7] via P2P/indirect/1[1]
gn0703:34987:31939 [0] NCCL INFO Channel 01/1 : 0[0] -> 7[7] via P2P/indirect/1[1]
gn0703:34987:31939 [0] NCCL INFO comm 0x56232be41a90 rank 0 nranks 32 cudaDev 0 nvmlDev 0 busId 1b000 commId 0xcd697de2e221a617 - Init COMPLETE
gn0703:34987:32383 [0] NCCL INFO Using non-device net plugin version 0
gn0703:34987:32383 [0] NCCL INFO Using network IBext
gn0703:34987:32383 [0] NCCL INFO comm 0x56233645d620 rank 0 nranks 8 cudaDev 0 nvmlDev 0 busId 1b000 commId 0x731bafd43ddd5bd5 - Init START
gn0703:34987:32383 [0] NCCL INFO NVLS multicast support is not available on dev 0
gn0703:34987:32383 [0] NCCL INFO Channel 00/12 :    0   3   2   1   7   4   5   6
gn0703:34987:32383 [0] NCCL INFO Channel 01/12 :    0   3   2   1   7   4   5   6
gn0703:34987:32383 [0] NCCL INFO Channel 02/12 :    0   6   5   4   7   1   2   3
gn0703:34987:32383 [0] NCCL INFO Channel 03/12 :    0   6   5   4   7   1   2   3
gn0703:34987:32383 [0] NCCL INFO Channel 04/12 :    0   1   3   5   7   6   4   2
gn0703:34987:32383 [0] NCCL INFO Channel 05/12 :    0   2   4   6   7   5   3   1
gn0703:34987:32383 [0] NCCL INFO Channel 06/12 :    0   3   2   1   7   4   5   6
gn0703:34987:32383 [0] NCCL INFO Channel 07/12 :    0   3   2   1   7   4   5   6
gn0703:34987:32383 [0] NCCL INFO Channel 08/12 :    0   6   5   4   7   1   2   3
gn0703:34987:32383 [0] NCCL INFO Channel 09/12 :    0   6   5   4   7   1   2   3
gn0703:34987:32383 [0] NCCL INFO Channel 10/12 :    0   1   3   5   7   6   4   2
gn0703:34987:32383 [0] NCCL INFO Channel 11/12 :    0   2   4   6   7   5   3   1
gn0703:34987:32383 [0] NCCL INFO Trees [0] 3/-1/-1->0->-1 [1] 3/-1/-1->0->-1 [2] 6/-1/-1->0->-1 [3] 6/-1/-1->0->-1 [4] 1/-1/-1->0->-1 [5] 2/-1/-1->0->-1 [6] 3/-1/-1->0->-1 [7] 3/-1/-1->0->-1 [8] 6/-1/-1->0->-1 [9] 6/-1/-1->0->-1 [10] 1/-1/-1->0->-1 [11] 2/-1/-1->0->-1
gn0703:34987:32383 [0] NCCL INFO P2P Chunksize set to 524288
gn0703:34987:32383 [0] NCCL INFO Channel 04/0 : 0[0] -> 1[1] via P2P/CUMEM
gn0703:34987:32383 [0] NCCL INFO Channel 10/0 : 0[0] -> 1[1] via P2P/CUMEM
gn0703:34987:32383 [0] NCCL INFO Channel 05/0 : 0[0] -> 2[2] via P2P/CUMEM
gn0703:34987:32383 [0] NCCL INFO Channel 11/0 : 0[0] -> 2[2] via P2P/CUMEM
gn0703:34987:32383 [0] NCCL INFO Channel 00/0 : 0[0] -> 3[3] via P2P/CUMEM
gn0703:34987:32383 [0] NCCL INFO Channel 01/0 : 0[0] -> 3[3] via P2P/CUMEM
gn0703:34987:32383 [0] NCCL INFO Channel 06/0 : 0[0] -> 3[3] via P2P/CUMEM
gn0703:34987:32383 [0] NCCL INFO Channel 07/0 : 0[0] -> 3[3] via P2P/CUMEM
gn0703:34987:32383 [0] NCCL INFO Channel 02/0 : 0[0] -> 6[6] via P2P/CUMEM
gn0703:34987:32383 [0] NCCL INFO Channel 03/0 : 0[0] -> 6[6] via P2P/CUMEM
gn0703:34987:32383 [0] NCCL INFO Channel 08/0 : 0[0] -> 6[6] via P2P/CUMEM
gn0703:34987:32383 [0] NCCL INFO Channel 09/0 : 0[0] -> 6[6] via P2P/CUMEM
gn0703:34987:32383 [0] NCCL INFO Connected all rings
gn0703:34987:32383 [0] NCCL INFO Connected all trees
gn0703:34987:32383 [0] NCCL INFO threadThresholds 8/8/64 | 64/8/64 | 512 | 512
gn0703:34987:32383 [0] NCCL INFO 12 coll channels, 0 nvls channels, 16 p2p channels, 2 p2p channels per peer
gn0703:34987:32383 [0] NCCL INFO Channel 02/1 : 0[0] -> 4[4] via P2P/indirect/2[2]
gn0703:34987:32383 [0] NCCL INFO Channel 03/1 : 0[0] -> 4[4] via P2P/indirect/2[2]
gn0703:34987:32383 [0] NCCL INFO Channel 10/1 : 0[0] -> 5[5] via P2P/indirect/6[6]
gn0703:34987:32383 [0] NCCL INFO Channel 11/1 : 0[0] -> 5[5] via P2P/indirect/6[6]
gn0703:34987:32383 [0] NCCL INFO Channel 14/1 : 0[0] -> 7[7] via P2P/indirect/1[1]
gn0703:34987:32383 [0] NCCL INFO Channel 15/1 : 0[0] -> 7[7] via P2P/indirect/1[1]
gn0703:34987:32383 [0] NCCL INFO comm 0x56233645d620 rank 0 nranks 8 cudaDev 0 nvmlDev 0 busId 1b000 commId 0x731bafd43ddd5bd5 - Init COMPLETE
gn0703:34987:33044 [0] NCCL INFO Using non-device net plugin version 0
gn0703:34987:33044 [0] NCCL INFO Using network IBext
gn0703:34987:33044 [0] NCCL INFO comm 0x56233bdc8c00 rank 0 nranks 2 cudaDev 0 nvmlDev 0 busId 1b000 commId 0xd106bde1bbeda6cb - Init START
gn0703:34987:33044 [0] NCCL INFO Channel 00/02 :    0   1
gn0703:34987:33044 [0] NCCL INFO Channel 01/02 :    0   1
gn0703:34987:33044 [0] NCCL INFO Trees [0] 1/-1/-1->0->-1 [1] -1/-1/-1->0->1
gn0703:34987:33044 [0] NCCL INFO P2P Chunksize set to 131072
gn0703:34987:33044 [0] NCCL INFO Channel 00/0 : 1[0] -> 0[0] [receive] via NET/IBext/0/GDRDMA
gn0703:34987:33044 [0] NCCL INFO Channel 01/0 : 1[0] -> 0[0] [receive] via NET/IBext/0/GDRDMA
gn0703:34987:33044 [0] NCCL INFO Channel 00/0 : 0[0] -> 1[0] [send] via NET/IBext/0/GDRDMA
gn0703:34987:33044 [0] NCCL INFO Channel 01/0 : 0[0] -> 1[0] [send] via NET/IBext/0/GDRDMA
gn0703:34987:33044 [0] NCCL INFO Connected all rings
gn0703:34987:33044 [0] NCCL INFO Connected all trees
gn0703:34987:33044 [0] NCCL INFO threadThresholds 8/8/64 | 16/8/64 | 512 | 512
gn0703:34987:33044 [0] NCCL INFO 2 coll channels, 0 nvls channels, 2 p2p channels, 2 p2p channels per peer
gn0703:34987:33044 [0] NCCL INFO comm 0x56233bdc8c00 rank 0 nranks 2 cudaDev 0 nvmlDev 0 busId 1b000 commId 0xd106bde1bbeda6cb - Init COMPLETE
gn0703:34987:33172 [0] NCCL INFO Channel 00/1 : 1[0] -> 0[0] [receive] via NET/IBext/0/GDRDMA/Shared
gn0703:34987:33172 [0] NCCL INFO Channel 01/1 : 1[0] -> 0[0] [receive] via NET/IBext/0/GDRDMA/Shared
gn0703:34987:33172 [0] NCCL INFO Channel 00/1 : 0[0] -> 1[0] [send] via NET/IBext/0/GDRDMA/Shared
gn0703:34987:33172 [0] NCCL INFO Channel 01/1 : 0[0] -> 1[0] [send] via NET/IBext/0/GDRDMA/Shared
gn0703:34987:33057 [0] NCCL INFO [Service thread] Connection closed by localRank 0
gn0703:34987:34987 [0] NCCL INFO comm 0x56233bdc8c00 rank 0 nranks 2 cudaDev 0 busId 1b000 - Abort COMPLETE
gn0703:34987:31973 [0] NCCL INFO [Service thread] Connection closed by localRank 0
gn0703:34987:31973 [0] NCCL INFO [Service thread] Connection closed by localRank 3
gn0703:34987:31973 [0] NCCL INFO [Service thread] Connection closed by localRank 2
gn0703:34987:31973 [0] NCCL INFO [Service thread] Connection closed by localRank 1
gn0703:34987:31973 [0] NCCL INFO [Service thread] Connection closed by localRank 6
gn0703:34987:25196 [0] NCCL INFO [Service thread] Connection closed by localRank 2
gn0703:34987:25196 [0] NCCL INFO [Service thread] Connection closed by localRank 3
gn0703:34987:34987 [0] NCCL INFO comm 0x56232be41a90 rank 0 nranks 32 cudaDev 0 busId 1b000 - Abort COMPLETE
gn0703:34987:25196 [0] NCCL INFO [Service thread] Connection closed by localRank 0
gn0703:34987:25196 [0] NCCL INFO [Service thread] Connection closed by localRank 6
gn0703:34987:25196 [0] NCCL INFO [Service thread] Connection closed by localRank 1
gn0703:34987:34987 [0] NCCL INFO comm 0x56232932a030 rank 16 nranks 128 cudaDev 0 busId 1b000 - Abort COMPLETE
