
=============
== PyTorch ==
=============

NVIDIA Release 24.02 (build 82611821)
PyTorch Version 2.3.0a0+ebedce2
Container image Copyright (c) 2024, NVIDIA CORPORATION & AFFILIATES. All rights reserved.
Copyright (c) 2014-2024 Facebook Inc.
Copyright (c) 2011-2014 Idiap Research Institute (Ronan Collobert)
Copyright (c) 2012-2014 Deepmind Technologies    (Koray Kavukcuoglu)
Copyright (c) 2011-2012 NEC Laboratories America (Koray Kavukcuoglu)
Copyright (c) 2011-2013 NYU                      (Clement Farabet)
Copyright (c) 2006-2010 NEC Laboratories America (Ronan Collobert, Leon Bottou, Iain Melvin, Jason Weston)
Copyright (c) 2006      Idiap Research Institute (Samy Bengio)
Copyright (c) 2001-2004 Idiap Research Institute (Ronan Collobert, Samy Bengio, Johnny Mariethoz)
Copyright (c) 2015      Google Inc.
Copyright (c) 2015      Yangqing Jia
Copyright (c) 2013-2016 The Caffe contributors
All rights reserved.

Various files include modifications (c) NVIDIA CORPORATION & AFFILIATES.  All rights reserved.

This container image and its contents are governed by the NVIDIA Deep Learning Container License.
By pulling and using the container, you accept the terms and conditions of this license:
https://developer.nvidia.com/ngc/nvidia-deep-learning-container-license

ERROR: This container was built for NVIDIA Driver Release 545.23 or later, but
       version 470.161.03 was detected and compatibility mode is UNAVAILABLE.

       [[]]

gn0702:4199:4199 [1] NCCL INFO cudaDriverVersion 12030
gn0702:4199:4199 [1] NCCL INFO NCCL_SOCKET_IFNAME set by environment to ib0
gn0702:4199:4199 [1] NCCL INFO Bootstrap : Using ib0:10.100.7.2<0>
gn0702:4199:4199 [1] NCCL INFO NET/Plugin: Failed to find ncclNetPlugin_v7 symbol.
gn0702:4199:4199 [1] NCCL INFO NET/Plugin: Loaded net plugin NCCL RDMA Plugin v6 (v6)
gn0702:4199:4199 [1] NCCL INFO NET/Plugin: Failed to find ncclCollNetPlugin_v7 symbol.
gn0702:4199:4199 [1] NCCL INFO NET/Plugin: Loaded coll plugin SHARP (v6)
gn0702:4199:23205 [1] NCCL INFO Plugin Path : /opt/hpcx/nccl_rdma_sharp_plugin/lib/libnccl-net.so
gn0702:4199:23205 [1] NCCL INFO P2P plugin IBext
gn0702:4199:23205 [1] NCCL INFO NCCL_SOCKET_IFNAME set by environment to ib0
gn0702:4199:23205 [1] NCCL INFO NET/IB : Using [0]mlx5_0:1/IB/SHARP [RO]; OOB ib0:10.100.7.2<0>
gn0702:4199:23205 [1] NCCL INFO Using non-device net plugin version 0
gn0702:4199:23205 [1] NCCL INFO Using network IBext
gn0702:4199:23205 [1] NCCL INFO comm 0x55a624f137e0 rank 9 nranks 128 cudaDev 1 nvmlDev 1 busId 1c000 commId 0x3a10407dea0f6e61 - Init START
gn0702:4199:23205 [1] NCCL INFO NVLS multicast support is not available on dev 1
gn0702:4199:23205 [1] NCCL INFO Trees [0] 10/-1/-1->9->8 [1] 10/16/-1->9->8
gn0702:4199:23205 [1] NCCL INFO P2P Chunksize set to 131072
gn0702:4199:23205 [1] NCCL INFO Channel 00/0 : 9[1] -> 16[0] [send] via NET/IBext/0/GDRDMA
gn0702:4199:23205 [1] NCCL INFO Channel 01/0 : 9[1] -> 16[0] [send] via NET/IBext/0/GDRDMA
gn0702:4199:23205 [1] NCCL INFO Connected all rings
gn0702:4199:23205 [1] NCCL INFO Channel 00/0 : 9[1] -> 10[2] via P2P/CUMEM
gn0702:4199:23205 [1] NCCL INFO Channel 01/0 : 9[1] -> 10[2] via P2P/CUMEM
gn0702:4199:23205 [1] NCCL INFO Channel 01/0 : 16[0] -> 9[1] [receive] via NET/IBext/0/GDRDMA
gn0702:4199:23205 [1] NCCL INFO Channel 00/0 : 9[1] -> 8[0] via P2P/CUMEM
gn0702:4199:23205 [1] NCCL INFO Channel 01/0 : 9[1] -> 8[0] via P2P/CUMEM
gn0702:4199:23205 [1] NCCL INFO Connected all trees
gn0702:4199:23205 [1] NCCL INFO threadThresholds 8/8/64 | 1024/8/64 | 512 | 512
gn0702:4199:23205 [1] NCCL INFO 2 coll channels, 0 nvls channels, 2 p2p channels, 2 p2p channels per peer
gn0702:4199:23205 [1] NCCL INFO Channel 00/1 : 9[1] -> 12[4] via P2P/indirect/15[7]
gn0702:4199:23205 [1] NCCL INFO Channel 01/1 : 9[1] -> 12[4] via P2P/indirect/15[7]
gn0702:4199:23205 [1] NCCL INFO Channel 00/1 : 9[1] -> 13[5] via P2P/indirect/11[3]
gn0702:4199:23205 [1] NCCL INFO Channel 01/1 : 9[1] -> 13[5] via P2P/indirect/11[3]
gn0702:4199:23205 [1] NCCL INFO Channel 00/1 : 9[1] -> 14[6] via P2P/indirect/8[0]
gn0702:4199:23205 [1] NCCL INFO Channel 01/1 : 9[1] -> 14[6] via P2P/indirect/8[0]
gn0702:4199:23205 [1] NCCL INFO comm 0x55a624f137e0 rank 9 nranks 128 cudaDev 1 nvmlDev 1 busId 1c000 commId 0x3a10407dea0f6e61 - Init COMPLETE
gn0702:4199:2384 [1] NCCL INFO Using non-device net plugin version 0
gn0702:4199:2384 [1] NCCL INFO Using network IBext
gn0702:4199:2384 [1] NCCL INFO comm 0x55a627a438a0 rank 1 nranks 32 cudaDev 1 nvmlDev 1 busId 1c000 commId 0xb1e413b4fe25dff5 - Init START
gn0702:4199:2384 [1] NCCL INFO NVLS multicast support is not available on dev 1
gn0702:4199:2384 [1] NCCL INFO Trees [0] 2/-1/-1->1->0 [1] 2/-1/-1->1->0
gn0702:4199:2384 [1] NCCL INFO P2P Chunksize set to 131072
gn0702:4199:2384 [1] NCCL INFO Channel 00/0 : 1[1] -> 8[0] [send] via NET/IBext/0/GDRDMA
gn0702:4199:2384 [1] NCCL INFO Channel 01/0 : 1[1] -> 8[0] [send] via NET/IBext/0/GDRDMA
gn0702:4199:2384 [1] NCCL INFO Connected all rings
gn0702:4199:2384 [1] NCCL INFO Channel 00/0 : 1[1] -> 2[2] via P2P/CUMEM
gn0702:4199:2384 [1] NCCL INFO Channel 01/0 : 1[1] -> 2[2] via P2P/CUMEM
gn0702:4199:2384 [1] NCCL INFO Channel 00/0 : 1[1] -> 0[0] via P2P/CUMEM
gn0702:4199:2384 [1] NCCL INFO Channel 01/0 : 1[1] -> 0[0] via P2P/CUMEM
gn0702:4199:2384 [1] NCCL INFO Connected all trees
gn0702:4199:2384 [1] NCCL INFO threadThresholds 8/8/64 | 256/8/64 | 512 | 512
gn0702:4199:2384 [1] NCCL INFO 2 coll channels, 0 nvls channels, 2 p2p channels, 2 p2p channels per peer
gn0702:4199:2384 [1] NCCL INFO Channel 00/1 : 1[1] -> 4[4] via P2P/indirect/7[7]
gn0702:4199:2384 [1] NCCL INFO Channel 01/1 : 1[1] -> 4[4] via P2P/indirect/7[7]
gn0702:4199:2384 [1] NCCL INFO Channel 00/1 : 1[1] -> 5[5] via P2P/indirect/3[3]
gn0702:4199:2384 [1] NCCL INFO Channel 01/1 : 1[1] -> 5[5] via P2P/indirect/3[3]
gn0702:4199:2384 [1] NCCL INFO Channel 00/1 : 1[1] -> 6[6] via P2P/indirect/0[0]
gn0702:4199:2384 [1] NCCL INFO Channel 01/1 : 1[1] -> 6[6] via P2P/indirect/0[0]
gn0702:4199:2384 [1] NCCL INFO comm 0x55a627a438a0 rank 1 nranks 32 cudaDev 1 nvmlDev 1 busId 1c000 commId 0xb1e413b4fe25dff5 - Init COMPLETE
gn0702:4199:3066 [1] NCCL INFO Using non-device net plugin version 0
gn0702:4199:3066 [1] NCCL INFO Using network IBext
gn0702:4199:3066 [1] NCCL INFO comm 0x55a63207ac90 rank 1 nranks 8 cudaDev 1 nvmlDev 1 busId 1c000 commId 0x53511a12208838a5 - Init START
gn0702:4199:3066 [1] NCCL INFO NVLS multicast support is not available on dev 1
gn0702:4199:3066 [1] NCCL INFO Trees [0] 7/-1/-1->1->2 [1] 7/-1/-1->1->2 [2] 2/-1/-1->1->7 [3] 2/-1/-1->1->7 [4] 3/-1/-1->1->0 [5] -1/-1/-1->1->3 [6] 7/-1/-1->1->2 [7] 7/-1/-1->1->2 [8] 2/-1/-1->1->7 [9] 2/-1/-1->1->7 [10] 3/-1/-1->1->0 [11] -1/-1/-1->1->3
gn0702:4199:3066 [1] NCCL INFO P2P Chunksize set to 524288
gn0702:4199:3066 [1] NCCL INFO Channel 02/0 : 1[1] -> 2[2] via P2P/CUMEM
gn0702:4199:3066 [1] NCCL INFO Channel 03/0 : 1[1] -> 2[2] via P2P/CUMEM
gn0702:4199:3066 [1] NCCL INFO Channel 08/0 : 1[1] -> 2[2] via P2P/CUMEM
gn0702:4199:3066 [1] NCCL INFO Channel 09/0 : 1[1] -> 2[2] via P2P/CUMEM
gn0702:4199:3066 [1] NCCL INFO Channel 04/0 : 1[1] -> 3[3] via P2P/CUMEM
gn0702:4199:3066 [1] NCCL INFO Channel 10/0 : 1[1] -> 3[3] via P2P/CUMEM
gn0702:4199:3066 [1] NCCL INFO Channel 00/0 : 1[1] -> 7[7] via P2P/CUMEM
gn0702:4199:3066 [1] NCCL INFO Channel 01/0 : 1[1] -> 7[7] via P2P/CUMEM
gn0702:4199:3066 [1] NCCL INFO Channel 06/0 : 1[1] -> 7[7] via P2P/CUMEM
gn0702:4199:3066 [1] NCCL INFO Channel 07/0 : 1[1] -> 7[7] via P2P/CUMEM
gn0702:4199:3066 [1] NCCL INFO Channel 05/0 : 1[1] -> 0[0] via P2P/CUMEM
gn0702:4199:3066 [1] NCCL INFO Channel 11/0 : 1[1] -> 0[0] via P2P/CUMEM
gn0702:4199:3066 [1] NCCL INFO Connected all rings
gn0702:4199:3066 [1] NCCL INFO Channel 00/0 : 1[1] -> 2[2] via P2P/CUMEM
gn0702:4199:3066 [1] NCCL INFO Channel 01/0 : 1[1] -> 2[2] via P2P/CUMEM
gn0702:4199:3066 [1] NCCL INFO Channel 06/0 : 1[1] -> 2[2] via P2P/CUMEM
gn0702:4199:3066 [1] NCCL INFO Channel 07/0 : 1[1] -> 2[2] via P2P/CUMEM
gn0702:4199:3066 [1] NCCL INFO Channel 05/0 : 1[1] -> 3[3] via P2P/CUMEM
gn0702:4199:3066 [1] NCCL INFO Channel 11/0 : 1[1] -> 3[3] via P2P/CUMEM
gn0702:4199:3066 [1] NCCL INFO Channel 02/0 : 1[1] -> 7[7] via P2P/CUMEM
gn0702:4199:3066 [1] NCCL INFO Channel 03/0 : 1[1] -> 7[7] via P2P/CUMEM
gn0702:4199:3066 [1] NCCL INFO Channel 08/0 : 1[1] -> 7[7] via P2P/CUMEM
gn0702:4199:3066 [1] NCCL INFO Channel 09/0 : 1[1] -> 7[7] via P2P/CUMEM
gn0702:4199:3066 [1] NCCL INFO Channel 04/0 : 1[1] -> 0[0] via P2P/CUMEM
gn0702:4199:3066 [1] NCCL INFO Channel 10/0 : 1[1] -> 0[0] via P2P/CUMEM
gn0702:4199:3066 [1] NCCL INFO Connected all trees
gn0702:4199:3066 [1] NCCL INFO threadThresholds 8/8/64 | 64/8/64 | 512 | 512
gn0702:4199:3066 [1] NCCL INFO 12 coll channels, 0 nvls channels, 16 p2p channels, 2 p2p channels per peer
gn0702:4199:3066 [1] NCCL INFO Channel 12/1 : 1[1] -> 4[4] via P2P/indirect/7[7]
gn0702:4199:3066 [1] NCCL INFO Channel 13/1 : 1[1] -> 4[4] via P2P/indirect/7[7]
gn0702:4199:3066 [1] NCCL INFO Channel 02/1 : 1[1] -> 5[5] via P2P/indirect/3[3]
gn0702:4199:3066 [1] NCCL INFO Channel 03/1 : 1[1] -> 5[5] via P2P/indirect/3[3]
gn0702:4199:3066 [1] NCCL INFO Channel 10/1 : 1[1] -> 6[6] via P2P/indirect/0[0]
gn0702:4199:3066 [1] NCCL INFO Channel 11/1 : 1[1] -> 6[6] via P2P/indirect/0[0]
gn0702:4199:3066 [1] NCCL INFO comm 0x55a63207ac90 rank 1 nranks 8 cudaDev 1 nvmlDev 1 busId 1c000 commId 0x53511a12208838a5 - Init COMPLETE
gn0702:4199:3598 [1] NCCL INFO Using non-device net plugin version 0
gn0702:4199:3598 [1] NCCL INFO Using network IBext
gn0702:4199:3598 [1] NCCL INFO comm 0x55a636dcb100 rank 1 nranks 2 cudaDev 1 nvmlDev 1 busId 1c000 commId 0x8ab50e47ba77eecb - Init START
gn0702:4199:3598 [1] NCCL INFO Trees [0] -1/-1/-1->1->0 [1] 0/-1/-1->1->-1
gn0702:4199:3598 [1] NCCL INFO P2P Chunksize set to 131072
gn0702:4199:3598 [1] NCCL INFO Channel 00/0 : 0[1] -> 1[1] [receive] via NET/IBext/0/GDRDMA
gn0702:4199:3598 [1] NCCL INFO Channel 01/0 : 0[1] -> 1[1] [receive] via NET/IBext/0/GDRDMA
gn0702:4199:3598 [1] NCCL INFO Channel 00/0 : 1[1] -> 0[1] [send] via NET/IBext/0/GDRDMA
gn0702:4199:3598 [1] NCCL INFO Channel 01/0 : 1[1] -> 0[1] [send] via NET/IBext/0/GDRDMA
gn0702:4199:3598 [1] NCCL INFO Connected all rings
gn0702:4199:3598 [1] NCCL INFO Connected all trees
gn0702:4199:3598 [1] NCCL INFO threadThresholds 8/8/64 | 16/8/64 | 512 | 512
gn0702:4199:3598 [1] NCCL INFO 2 coll channels, 0 nvls channels, 2 p2p channels, 2 p2p channels per peer
gn0702:4199:3598 [1] NCCL INFO comm 0x55a636dcb100 rank 1 nranks 2 cudaDev 1 nvmlDev 1 busId 1c000 commId 0x8ab50e47ba77eecb - Init COMPLETE
gn0702:4199:3618 [1] NCCL INFO Channel 00/1 : 0[1] -> 1[1] [receive] via NET/IBext/0/GDRDMA/Shared
gn0702:4199:3618 [1] NCCL INFO Channel 01/1 : 0[1] -> 1[1] [receive] via NET/IBext/0/GDRDMA/Shared
gn0702:4199:3618 [1] NCCL INFO Channel 00/1 : 1[1] -> 0[1] [send] via NET/IBext/0/GDRDMA/Shared
gn0702:4199:3618 [1] NCCL INFO Channel 01/1 : 1[1] -> 0[1] [send] via NET/IBext/0/GDRDMA/Shared
