
=============
== PyTorch ==
=============

NVIDIA Release 24.02 (build 82611821)
PyTorch Version 2.3.0a0+ebedce2
Container image Copyright (c) 2024, NVIDIA CORPORATION & AFFILIATES. All rights reserved.
Copyright (c) 2014-2024 Facebook Inc.
Copyright (c) 2011-2014 Idiap Research Institute (Ronan Collobert)
Copyright (c) 2012-2014 Deepmind Technologies    (Koray Kavukcuoglu)
Copyright (c) 2011-2012 NEC Laboratories America (Koray Kavukcuoglu)
Copyright (c) 2011-2013 NYU                      (Clement Farabet)
Copyright (c) 2006-2010 NEC Laboratories America (Ronan Collobert, Leon Bottou, Iain Melvin, Jason Weston)
Copyright (c) 2006      Idiap Research Institute (Samy Bengio)
Copyright (c) 2001-2004 Idiap Research Institute (Ronan Collobert, Samy Bengio, Johnny Mariethoz)
Copyright (c) 2015      Google Inc.
Copyright (c) 2015      Yangqing Jia
Copyright (c) 2013-2016 The Caffe contributors
All rights reserved.

Various files include modifications (c) NVIDIA CORPORATION & AFFILIATES.  All rights reserved.

This container image and its contents are governed by the NVIDIA Deep Learning Container License.
By pulling and using the container, you accept the terms and conditions of this license:
https://developer.nvidia.com/ngc/nvidia-deep-learning-container-license

ERROR: This container was built for NVIDIA Driver Release 545.23 or later, but
       version 470.161.03 was detected and compatibility mode is UNAVAILABLE.

       [[]]

gn0706:25842:25842 [3] NCCL INFO cudaDriverVersion 12030
gn0706:25842:25842 [3] NCCL INFO NCCL_SOCKET_IFNAME set by environment to ib0
gn0706:25842:25842 [3] NCCL INFO Bootstrap : Using ib0:10.100.7.6<0>
gn0706:25842:25842 [3] NCCL INFO NET/Plugin: Failed to find ncclNetPlugin_v7 symbol.
gn0706:25842:25842 [3] NCCL INFO NET/Plugin: Loaded net plugin NCCL RDMA Plugin v6 (v6)
gn0706:25842:25842 [3] NCCL INFO NET/Plugin: Failed to find ncclCollNetPlugin_v7 symbol.
gn0706:25842:25842 [3] NCCL INFO NET/Plugin: Loaded coll plugin SHARP (v6)
gn0706:25842:6087 [3] NCCL INFO Plugin Path : /opt/hpcx/nccl_rdma_sharp_plugin/lib/libnccl-net.so
gn0706:25842:6087 [3] NCCL INFO P2P plugin IBext
gn0706:25842:6087 [3] NCCL INFO NCCL_SOCKET_IFNAME set by environment to ib0
gn0706:25842:6087 [3] NCCL INFO NET/IB : Using [0]mlx5_0:1/IB/SHARP [RO]; OOB ib0:10.100.7.6<0>
gn0706:25842:6087 [3] NCCL INFO Using non-device net plugin version 0
gn0706:25842:6087 [3] NCCL INFO Using network IBext
gn0706:25842:6087 [3] NCCL INFO comm 0x55f3b7f6ae00 rank 35 nranks 128 cudaDev 3 nvmlDev 3 busId 3e000 commId 0x3a10407dea0f6e61 - Init START
gn0706:25842:6087 [3] NCCL INFO NVLS multicast support is not available on dev 3
gn0706:25842:6087 [3] NCCL INFO Trees [0] 37/-1/-1->35->34 [1] 37/-1/-1->35->34
gn0706:25842:6087 [3] NCCL INFO P2P Chunksize set to 131072
gn0706:25842:6087 [3] NCCL INFO Channel 00/0 : 35[3] -> 34[2] via P2P/CUMEM
gn0706:25842:6087 [3] NCCL INFO Channel 01/0 : 35[3] -> 34[2] via P2P/CUMEM
gn0706:25842:6087 [3] NCCL INFO Connected all rings
gn0706:25842:6087 [3] NCCL INFO Channel 00/0 : 35[3] -> 37[5] via P2P/CUMEM
gn0706:25842:6087 [3] NCCL INFO Channel 01/0 : 35[3] -> 37[5] via P2P/CUMEM
gn0706:25842:6087 [3] NCCL INFO Connected all trees
gn0706:25842:6087 [3] NCCL INFO threadThresholds 8/8/64 | 1024/8/64 | 512 | 512
gn0706:25842:6087 [3] NCCL INFO 2 coll channels, 0 nvls channels, 2 p2p channels, 2 p2p channels per peer
gn0706:25842:6087 [3] NCCL INFO Channel 00/1 : 35[3] -> 36[4] via P2P/indirect/37[5]
gn0706:25842:6087 [3] NCCL INFO Channel 01/1 : 35[3] -> 36[4] via P2P/indirect/37[5]
gn0706:25842:6087 [3] NCCL INFO Channel 00/1 : 35[3] -> 38[6] via P2P/indirect/32[0]
gn0706:25842:6087 [3] NCCL INFO Channel 01/1 : 35[3] -> 38[6] via P2P/indirect/32[0]
gn0706:25842:6087 [3] NCCL INFO Channel 00/1 : 35[3] -> 39[7] via P2P/indirect/33[1]
gn0706:25842:6087 [3] NCCL INFO Channel 01/1 : 35[3] -> 39[7] via P2P/indirect/33[1]
gn0706:25842:6087 [3] NCCL INFO comm 0x55f3b7f6ae00 rank 35 nranks 128 cudaDev 3 nvmlDev 3 busId 3e000 commId 0x3a10407dea0f6e61 - Init COMPLETE
gn0706:25842:22954 [3] NCCL INFO Using non-device net plugin version 0
gn0706:25842:22954 [3] NCCL INFO Using network IBext
gn0706:25842:22954 [3] NCCL INFO comm 0x55f3baa7b2b0 rank 11 nranks 32 cudaDev 3 nvmlDev 3 busId 3e000 commId 0x48777f7b51289532 - Init START
gn0706:25842:22954 [3] NCCL INFO NVLS multicast support is not available on dev 3
gn0706:25842:22954 [3] NCCL INFO Trees [0] 13/-1/-1->11->10 [1] 13/-1/-1->11->10
gn0706:25842:22954 [3] NCCL INFO P2P Chunksize set to 131072
gn0706:25842:22954 [3] NCCL INFO Channel 00/0 : 11[3] -> 10[2] via P2P/CUMEM
gn0706:25842:22954 [3] NCCL INFO Channel 01/0 : 11[3] -> 10[2] via P2P/CUMEM
gn0706:25842:22954 [3] NCCL INFO Connected all rings
gn0706:25842:22954 [3] NCCL INFO Channel 00/0 : 11[3] -> 13[5] via P2P/CUMEM
gn0706:25842:22954 [3] NCCL INFO Channel 01/0 : 11[3] -> 13[5] via P2P/CUMEM
gn0706:25842:22954 [3] NCCL INFO Connected all trees
gn0706:25842:22954 [3] NCCL INFO threadThresholds 8/8/64 | 256/8/64 | 512 | 512
gn0706:25842:22954 [3] NCCL INFO 2 coll channels, 0 nvls channels, 2 p2p channels, 2 p2p channels per peer
gn0706:25842:22954 [3] NCCL INFO Channel 00/1 : 11[3] -> 12[4] via P2P/indirect/13[5]
gn0706:25842:22954 [3] NCCL INFO Channel 01/1 : 11[3] -> 12[4] via P2P/indirect/13[5]
gn0706:25842:22954 [3] NCCL INFO Channel 00/1 : 11[3] -> 14[6] via P2P/indirect/8[0]
gn0706:25842:22954 [3] NCCL INFO Channel 01/1 : 11[3] -> 14[6] via P2P/indirect/8[0]
gn0706:25842:22954 [3] NCCL INFO Channel 00/1 : 11[3] -> 15[7] via P2P/indirect/9[1]
gn0706:25842:22954 [3] NCCL INFO Channel 01/1 : 11[3] -> 15[7] via P2P/indirect/9[1]
gn0706:25842:22954 [3] NCCL INFO comm 0x55f3baa7b2b0 rank 11 nranks 32 cudaDev 3 nvmlDev 3 busId 3e000 commId 0x48777f7b51289532 - Init COMPLETE
