
=============
== PyTorch ==
=============

NVIDIA Release 24.02 (build 82611821)
PyTorch Version 2.3.0a0+ebedce2
Container image Copyright (c) 2024, NVIDIA CORPORATION & AFFILIATES. All rights reserved.
Copyright (c) 2014-2024 Facebook Inc.
Copyright (c) 2011-2014 Idiap Research Institute (Ronan Collobert)
Copyright (c) 2012-2014 Deepmind Technologies    (Koray Kavukcuoglu)
Copyright (c) 2011-2012 NEC Laboratories America (Koray Kavukcuoglu)
Copyright (c) 2011-2013 NYU                      (Clement Farabet)
Copyright (c) 2006-2010 NEC Laboratories America (Ronan Collobert, Leon Bottou, Iain Melvin, Jason Weston)
Copyright (c) 2006      Idiap Research Institute (Samy Bengio)
Copyright (c) 2001-2004 Idiap Research Institute (Ronan Collobert, Samy Bengio, Johnny Mariethoz)
Copyright (c) 2015      Google Inc.
Copyright (c) 2015      Yangqing Jia
Copyright (c) 2013-2016 The Caffe contributors
All rights reserved.

Various files include modifications (c) NVIDIA CORPORATION & AFFILIATES.  All rights reserved.

This container image and its contents are governed by the NVIDIA Deep Learning Container License.
By pulling and using the container, you accept the terms and conditions of this license:
https://developer.nvidia.com/ngc/nvidia-deep-learning-container-license

ERROR: This container was built for NVIDIA Driver Release 545.23 or later, but
       version 470.161.03 was detected and compatibility mode is UNAVAILABLE.

       [[]]

gn0701:6873:6873 [5] NCCL INFO cudaDriverVersion 12030
gn0701:6873:6873 [5] NCCL INFO NCCL_SOCKET_IFNAME set by environment to ib0
gn0701:6873:6873 [5] NCCL INFO Bootstrap : Using ib0:10.100.7.1<0>
gn0701:6873:6873 [5] NCCL INFO NET/Plugin: Failed to find ncclNetPlugin_v7 symbol.
gn0701:6873:6873 [5] NCCL INFO NET/Plugin: Loaded net plugin NCCL RDMA Plugin v6 (v6)
gn0701:6873:6873 [5] NCCL INFO NET/Plugin: Failed to find ncclCollNetPlugin_v7 symbol.
gn0701:6873:6873 [5] NCCL INFO NET/Plugin: Loaded coll plugin SHARP (v6)
gn0701:6873:25153 [5] NCCL INFO Plugin Path : /opt/hpcx/nccl_rdma_sharp_plugin/lib/libnccl-net.so
gn0701:6873:25153 [5] NCCL INFO P2P plugin IBext
gn0701:6873:25153 [5] NCCL INFO NCCL_SOCKET_IFNAME set by environment to ib0
gn0701:6873:25153 [5] NCCL INFO NET/IB : Using [0]mlx5_0:1/IB/SHARP [RO]; OOB ib0:10.100.7.1<0>
gn0701:6873:25153 [5] NCCL INFO Using non-device net plugin version 0
gn0701:6873:25153 [5] NCCL INFO Using network IBext
gn0701:6873:25153 [5] NCCL INFO comm 0x555c620bb7e0 rank 5 nranks 128 cudaDev 5 nvmlDev 5 busId b2000 commId 0x3a10407dea0f6e61 - Init START
gn0701:6873:25153 [5] NCCL INFO Setting affinity for GPU 5 to 3c0000
gn0701:6873:25153 [5] NCCL INFO NVLS multicast support is not available on dev 5
gn0701:6873:25153 [5] NCCL INFO Trees [0] 6/-1/-1->5->3 [1] 6/-1/-1->5->3
gn0701:6873:25153 [5] NCCL INFO P2P Chunksize set to 131072
gn0701:6873:25153 [5] NCCL INFO Channel 00/0 : 5[5] -> 6[6] via P2P/CUMEM
gn0701:6873:25153 [5] NCCL INFO Channel 01/0 : 5[5] -> 6[6] via P2P/CUMEM
gn0701:6873:25153 [5] NCCL INFO Connected all rings
gn0701:6873:25153 [5] NCCL INFO Channel 00/0 : 5[5] -> 3[3] via P2P/CUMEM
gn0701:6873:25153 [5] NCCL INFO Channel 01/0 : 5[5] -> 3[3] via P2P/CUMEM
gn0701:6873:25153 [5] NCCL INFO Connected all trees
gn0701:6873:25153 [5] NCCL INFO threadThresholds 8/8/64 | 1024/8/64 | 512 | 512
gn0701:6873:25153 [5] NCCL INFO 2 coll channels, 0 nvls channels, 2 p2p channels, 2 p2p channels per peer
gn0701:6873:25153 [5] NCCL INFO Channel 00/1 : 5[5] -> 0[0] via P2P/indirect/6[6]
gn0701:6873:25153 [5] NCCL INFO Channel 01/1 : 5[5] -> 0[0] via P2P/indirect/6[6]
gn0701:6873:25153 [5] NCCL INFO Channel 00/1 : 5[5] -> 1[1] via P2P/indirect/7[7]
gn0701:6873:25153 [5] NCCL INFO Channel 01/1 : 5[5] -> 1[1] via P2P/indirect/7[7]
gn0701:6873:25153 [5] NCCL INFO Channel 00/1 : 5[5] -> 2[2] via P2P/indirect/3[3]
gn0701:6873:25153 [5] NCCL INFO Channel 01/1 : 5[5] -> 2[2] via P2P/indirect/3[3]
gn0701:6873:25153 [5] NCCL INFO comm 0x555c620bb7e0 rank 5 nranks 128 cudaDev 5 nvmlDev 5 busId b2000 commId 0x3a10407dea0f6e61 - Init COMPLETE
gn0701:6873:5423 [5] NCCL INFO Using non-device net plugin version 0
gn0701:6873:5423 [5] NCCL INFO Using network IBext
gn0701:6873:5423 [5] NCCL INFO comm 0x555c64bcafb0 rank 5 nranks 32 cudaDev 5 nvmlDev 5 busId b2000 commId 0x48777f7b51289532 - Init START
gn0701:6873:5423 [5] NCCL INFO Setting affinity for GPU 5 to 3c0000
gn0701:6873:5423 [5] NCCL INFO NVLS multicast support is not available on dev 5
gn0701:6873:5423 [5] NCCL INFO Trees [0] 6/-1/-1->5->3 [1] 6/-1/-1->5->3
gn0701:6873:5423 [5] NCCL INFO P2P Chunksize set to 131072
gn0701:6873:5423 [5] NCCL INFO Channel 00/0 : 5[5] -> 6[6] via P2P/CUMEM
gn0701:6873:5423 [5] NCCL INFO Channel 01/0 : 5[5] -> 6[6] via P2P/CUMEM
gn0701:6873:5423 [5] NCCL INFO Connected all rings
gn0701:6873:5423 [5] NCCL INFO Channel 00/0 : 5[5] -> 3[3] via P2P/CUMEM
gn0701:6873:5423 [5] NCCL INFO Channel 01/0 : 5[5] -> 3[3] via P2P/CUMEM
gn0701:6873:5423 [5] NCCL INFO Connected all trees
gn0701:6873:5423 [5] NCCL INFO threadThresholds 8/8/64 | 256/8/64 | 512 | 512
gn0701:6873:5423 [5] NCCL INFO 2 coll channels, 0 nvls channels, 2 p2p channels, 2 p2p channels per peer
gn0701:6873:5423 [5] NCCL INFO Channel 00/1 : 5[5] -> 0[0] via P2P/indirect/6[6]
gn0701:6873:5423 [5] NCCL INFO Channel 01/1 : 5[5] -> 0[0] via P2P/indirect/6[6]
gn0701:6873:5423 [5] NCCL INFO Channel 00/1 : 5[5] -> 1[1] via P2P/indirect/7[7]
gn0701:6873:5423 [5] NCCL INFO Channel 01/1 : 5[5] -> 1[1] via P2P/indirect/7[7]
gn0701:6873:5423 [5] NCCL INFO Channel 00/1 : 5[5] -> 2[2] via P2P/indirect/3[3]
gn0701:6873:5423 [5] NCCL INFO Channel 01/1 : 5[5] -> 2[2] via P2P/indirect/3[3]
gn0701:6873:5423 [5] NCCL INFO comm 0x555c64bcafb0 rank 5 nranks 32 cudaDev 5 nvmlDev 5 busId b2000 commId 0x48777f7b51289532 - Init COMPLETE
gn0701:6873:6038 [5] NCCL INFO Using non-device net plugin version 0
gn0701:6873:6038 [5] NCCL INFO Using network IBext
gn0701:6873:6038 [5] NCCL INFO comm 0x555c6f201c20 rank 5 nranks 8 cudaDev 5 nvmlDev 5 busId b2000 commId 0x55fe3fbe2307abe7 - Init START
gn0701:6873:6038 [5] NCCL INFO Setting affinity for GPU 5 to 3c0000
gn0701:6873:6038 [5] NCCL INFO NVLS multicast support is not available on dev 5
gn0701:6873:6038 [5] NCCL INFO Trees [0] 6/-1/-1->5->4 [1] 6/-1/-1->5->4 [2] 4/-1/-1->5->6 [3] 4/-1/-1->5->6 [4] 7/-1/-1->5->3 [5] 3/-1/-1->5->7 [6] 6/-1/-1->5->4 [7] 6/-1/-1->5->4 [8] 4/-1/-1->5->6 [9] 4/-1/-1->5->6 [10] 7/-1/-1->5->3 [11] 3/-1/-1->5->7
gn0701:6873:6038 [5] NCCL INFO P2P Chunksize set to 524288
gn0701:6873:6038 [5] NCCL INFO Channel 00/0 : 5[5] -> 6[6] via P2P/CUMEM
gn0701:6873:6038 [5] NCCL INFO Channel 01/0 : 5[5] -> 6[6] via P2P/CUMEM
gn0701:6873:6038 [5] NCCL INFO Channel 06/0 : 5[5] -> 6[6] via P2P/CUMEM
gn0701:6873:6038 [5] NCCL INFO Channel 07/0 : 5[5] -> 6[6] via P2P/CUMEM
gn0701:6873:6038 [5] NCCL INFO Channel 04/0 : 5[5] -> 7[7] via P2P/CUMEM
gn0701:6873:6038 [5] NCCL INFO Channel 10/0 : 5[5] -> 7[7] via P2P/CUMEM
gn0701:6873:6038 [5] NCCL INFO Channel 05/0 : 5[5] -> 3[3] via P2P/CUMEM
gn0701:6873:6038 [5] NCCL INFO Channel 11/0 : 5[5] -> 3[3] via P2P/CUMEM
gn0701:6873:6038 [5] NCCL INFO Channel 02/0 : 5[5] -> 4[4] via P2P/CUMEM
gn0701:6873:6038 [5] NCCL INFO Channel 03/0 : 5[5] -> 4[4] via P2P/CUMEM
gn0701:6873:6038 [5] NCCL INFO Channel 08/0 : 5[5] -> 4[4] via P2P/CUMEM
gn0701:6873:6038 [5] NCCL INFO Channel 09/0 : 5[5] -> 4[4] via P2P/CUMEM
gn0701:6873:6038 [5] NCCL INFO Connected all rings
gn0701:6873:6038 [5] NCCL INFO Channel 02/0 : 5[5] -> 6[6] via P2P/CUMEM
gn0701:6873:6038 [5] NCCL INFO Channel 03/0 : 5[5] -> 6[6] via P2P/CUMEM
gn0701:6873:6038 [5] NCCL INFO Channel 08/0 : 5[5] -> 6[6] via P2P/CUMEM
gn0701:6873:6038 [5] NCCL INFO Channel 09/0 : 5[5] -> 6[6] via P2P/CUMEM
gn0701:6873:6038 [5] NCCL INFO Channel 05/0 : 5[5] -> 7[7] via P2P/CUMEM
gn0701:6873:6038 [5] NCCL INFO Channel 11/0 : 5[5] -> 7[7] via P2P/CUMEM
gn0701:6873:6038 [5] NCCL INFO Channel 04/0 : 5[5] -> 3[3] via P2P/CUMEM
gn0701:6873:6038 [5] NCCL INFO Channel 10/0 : 5[5] -> 3[3] via P2P/CUMEM
gn0701:6873:6038 [5] NCCL INFO Channel 00/0 : 5[5] -> 4[4] via P2P/CUMEM
gn0701:6873:6038 [5] NCCL INFO Channel 01/0 : 5[5] -> 4[4] via P2P/CUMEM
gn0701:6873:6038 [5] NCCL INFO Channel 06/0 : 5[5] -> 4[4] via P2P/CUMEM
gn0701:6873:6038 [5] NCCL INFO Channel 07/0 : 5[5] -> 4[4] via P2P/CUMEM
gn0701:6873:6038 [5] NCCL INFO Connected all trees
gn0701:6873:6038 [5] NCCL INFO threadThresholds 8/8/64 | 64/8/64 | 512 | 512
gn0701:6873:6038 [5] NCCL INFO 12 coll channels, 0 nvls channels, 16 p2p channels, 2 p2p channels per peer
gn0701:6873:6038 [5] NCCL INFO Channel 12/1 : 5[5] -> 0[0] via P2P/indirect/6[6]
gn0701:6873:6038 [5] NCCL INFO Channel 13/1 : 5[5] -> 0[0] via P2P/indirect/6[6]
gn0701:6873:6038 [5] NCCL INFO Channel 02/1 : 5[5] -> 1[1] via P2P/indirect/7[7]
gn0701:6873:6038 [5] NCCL INFO Channel 03/1 : 5[5] -> 1[1] via P2P/indirect/7[7]
gn0701:6873:6038 [5] NCCL INFO Channel 10/1 : 5[5] -> 2[2] via P2P/indirect/3[3]
gn0701:6873:6038 [5] NCCL INFO Channel 11/1 : 5[5] -> 2[2] via P2P/indirect/3[3]
gn0701:6873:6038 [5] NCCL INFO comm 0x555c6f201c20 rank 5 nranks 8 cudaDev 5 nvmlDev 5 busId b2000 commId 0x55fe3fbe2307abe7 - Init COMPLETE
NCCL version 2.19.4+cuda12.3
gn0701:6873:6741 [5] NCCL INFO Using non-device net plugin version 0
gn0701:6873:6741 [5] NCCL INFO Using network IBext
gn0701:6873:6741 [5] NCCL INFO comm 0x555c73f51c40 rank 0 nranks 2 cudaDev 5 nvmlDev 5 busId b2000 commId 0xa41d7fda44bda093 - Init START
gn0701:6873:6741 [5] NCCL INFO Setting affinity for GPU 5 to 3c0000
gn0701:6873:6741 [5] NCCL INFO Channel 00/02 :    0   1
gn0701:6873:6741 [5] NCCL INFO Channel 01/02 :    0   1
gn0701:6873:6741 [5] NCCL INFO Trees [0] 1/-1/-1->0->-1 [1] -1/-1/-1->0->1
gn0701:6873:6741 [5] NCCL INFO P2P Chunksize set to 131072
gn0701:6873:6741 [5] NCCL INFO Channel 00/0 : 1[5] -> 0[5] [receive] via NET/IBext/0
gn0701:6873:6741 [5] NCCL INFO Channel 01/0 : 1[5] -> 0[5] [receive] via NET/IBext/0
gn0701:6873:6741 [5] NCCL INFO Channel 00/0 : 0[5] -> 1[5] [send] via NET/IBext/0
gn0701:6873:6741 [5] NCCL INFO Channel 01/0 : 0[5] -> 1[5] [send] via NET/IBext/0
gn0701:6873:6741 [5] NCCL INFO Connected all rings
gn0701:6873:6741 [5] NCCL INFO Connected all trees
gn0701:6873:6741 [5] NCCL INFO threadThresholds 8/8/64 | 16/8/64 | 512 | 512
gn0701:6873:6741 [5] NCCL INFO 2 coll channels, 0 nvls channels, 2 p2p channels, 2 p2p channels per peer
gn0701:6873:6741 [5] NCCL INFO comm 0x555c73f51c40 rank 0 nranks 2 cudaDev 5 nvmlDev 5 busId b2000 commId 0xa41d7fda44bda093 - Init COMPLETE
gn0701:6873:6759 [5] NCCL INFO Channel 00/1 : 1[5] -> 0[5] [receive] via NET/IBext/0/Shared
gn0701:6873:6759 [5] NCCL INFO Channel 01/1 : 1[5] -> 0[5] [receive] via NET/IBext/0/Shared
gn0701:6873:6759 [5] NCCL INFO Channel 00/1 : 0[5] -> 1[5] [send] via NET/IBext/0/Shared
gn0701:6873:6759 [5] NCCL INFO Channel 01/1 : 0[5] -> 1[5] [send] via NET/IBext/0/Shared
gn0701:6873:6746 [5] NCCL INFO [Service thread] Connection closed by localRank 0
gn0701:6873:5487 [5] NCCL INFO [Service thread] Connection closed by localRank 6
gn0701:6873:6873 [5] NCCL INFO comm 0x555c73f51c40 rank 0 nranks 2 cudaDev 5 busId b2000 - Abort COMPLETE
gn0701:6873:5487 [5] NCCL INFO [Service thread] Connection closed by localRank 5
gn0701:6873:5487 [5] NCCL INFO [Service thread] Connection closed by localRank 4
gn0701:6873:35592 [5] NCCL INFO [Service thread] Connection closed by localRank 4
gn0701:6873:5487 [5] NCCL INFO [Service thread] Connection closed by localRank 3
gn0701:6873:6873 [5] NCCL INFO comm 0x555c64bcafb0 rank 5 nranks 32 cudaDev 5 busId b2000 - Abort COMPLETE
gn0701:6873:35592 [5] NCCL INFO [Service thread] Connection closed by localRank 5
