
=============
== PyTorch ==
=============

NVIDIA Release 24.02 (build 82611821)
PyTorch Version 2.3.0a0+ebedce2
Container image Copyright (c) 2024, NVIDIA CORPORATION & AFFILIATES. All rights reserved.
Copyright (c) 2014-2024 Facebook Inc.
Copyright (c) 2011-2014 Idiap Research Institute (Ronan Collobert)
Copyright (c) 2012-2014 Deepmind Technologies    (Koray Kavukcuoglu)
Copyright (c) 2011-2012 NEC Laboratories America (Koray Kavukcuoglu)
Copyright (c) 2011-2013 NYU                      (Clement Farabet)
Copyright (c) 2006-2010 NEC Laboratories America (Ronan Collobert, Leon Bottou, Iain Melvin, Jason Weston)
Copyright (c) 2006      Idiap Research Institute (Samy Bengio)
Copyright (c) 2001-2004 Idiap Research Institute (Ronan Collobert, Samy Bengio, Johnny Mariethoz)
Copyright (c) 2015      Google Inc.
Copyright (c) 2015      Yangqing Jia
Copyright (c) 2013-2016 The Caffe contributors
All rights reserved.

Various files include modifications (c) NVIDIA CORPORATION & AFFILIATES.  All rights reserved.

This container image and its contents are governed by the NVIDIA Deep Learning Container License.
By pulling and using the container, you accept the terms and conditions of this license:
https://developer.nvidia.com/ngc/nvidia-deep-learning-container-license

ERROR: This container was built for NVIDIA Driver Release 545.23 or later, but
       version 470.161.03 was detected and compatibility mode is UNAVAILABLE.

       [[]]

gn1101:28674:28674 [6] NCCL INFO cudaDriverVersion 12030
gn1101:28674:28674 [6] NCCL INFO NCCL_SOCKET_IFNAME set by environment to ib0
gn1101:28674:28674 [6] NCCL INFO Bootstrap : Using ib0:10.100.11.1<0>
gn1101:28674:28674 [6] NCCL INFO NET/Plugin: Failed to find ncclNetPlugin_v7 symbol.
gn1101:28674:28674 [6] NCCL INFO NET/Plugin: Loaded net plugin NCCL RDMA Plugin v6 (v6)
gn1101:28674:28674 [6] NCCL INFO NET/Plugin: Failed to find ncclCollNetPlugin_v7 symbol.
gn1101:28674:28674 [6] NCCL INFO NET/Plugin: Loaded coll plugin SHARP (v6)
gn1101:28674:9043 [6] NCCL INFO Plugin Path : /opt/hpcx/nccl_rdma_sharp_plugin/lib/libnccl-net.so
gn1101:28674:9043 [6] NCCL INFO P2P plugin IBext
gn1101:28674:9043 [6] NCCL INFO NCCL_SOCKET_IFNAME set by environment to ib0
gn1101:28674:9043 [6] NCCL INFO NET/IB : Using [0]mlx5_0:1/IB/SHARP [RO]; OOB ib0:10.100.11.1<0>
gn1101:28674:9043 [6] NCCL INFO Using non-device net plugin version 0
gn1101:28674:9043 [6] NCCL INFO Using network IBext
gn1101:28674:9043 [6] NCCL INFO comm 0x555bc2053560 rank 6 nranks 128 cudaDev 6 nvmlDev 6 busId db000 commId 0xc30115f52475687c - Init START
gn1101:28674:9043 [6] NCCL INFO Setting affinity for GPU 6 to 3c0000
gn1101:28674:9043 [6] NCCL INFO NVLS multicast support is not available on dev 6
gn1101:28674:9043 [6] NCCL INFO Trees [0] 7/-1/-1->6->5 [1] 7/-1/-1->6->5
gn1101:28674:9043 [6] NCCL INFO P2P Chunksize set to 131072
gn1101:28674:9043 [6] NCCL INFO Channel 00/0 : 6[6] -> 7[7] via P2P/CUMEM
gn1101:28674:9043 [6] NCCL INFO Channel 01/0 : 6[6] -> 7[7] via P2P/CUMEM
gn1101:28674:9043 [6] NCCL INFO Connected all rings
gn1101:28674:9043 [6] NCCL INFO Channel 00/0 : 6[6] -> 5[5] via P2P/CUMEM
gn1101:28674:9043 [6] NCCL INFO Channel 01/0 : 6[6] -> 5[5] via P2P/CUMEM
gn1101:28674:9043 [6] NCCL INFO Connected all trees
gn1101:28674:9043 [6] NCCL INFO threadThresholds 8/8/64 | 1024/8/64 | 512 | 512
gn1101:28674:9043 [6] NCCL INFO 2 coll channels, 0 nvls channels, 2 p2p channels, 2 p2p channels per peer
gn1101:28674:9043 [6] NCCL INFO Channel 00/1 : 6[6] -> 1[1] via P2P/indirect/7[7]
gn1101:28674:9043 [6] NCCL INFO Channel 01/1 : 6[6] -> 1[1] via P2P/indirect/7[7]
gn1101:28674:9043 [6] NCCL INFO Channel 00/1 : 6[6] -> 2[2] via P2P/indirect/4[4]
gn1101:28674:9043 [6] NCCL INFO Channel 01/1 : 6[6] -> 2[2] via P2P/indirect/4[4]
gn1101:28674:9043 [6] NCCL INFO Channel 00/1 : 6[6] -> 3[3] via P2P/indirect/0[0]
gn1101:28674:9043 [6] NCCL INFO Channel 01/1 : 6[6] -> 3[3] via P2P/indirect/0[0]
gn1101:28674:9043 [6] NCCL INFO comm 0x555bc2053560 rank 6 nranks 128 cudaDev 6 nvmlDev 6 busId db000 commId 0xc30115f52475687c - Init COMPLETE
gn1101:28674:15258 [6] NCCL INFO Using non-device net plugin version 0
gn1101:28674:15258 [6] NCCL INFO Using network IBext
gn1101:28674:15258 [6] NCCL INFO comm 0x555bc4b64ca0 rank 6 nranks 32 cudaDev 6 nvmlDev 6 busId db000 commId 0xb8f5d8458f29be25 - Init START
gn1101:28674:15258 [6] NCCL INFO Setting affinity for GPU 6 to 3c0000
gn1101:28674:15258 [6] NCCL INFO NVLS multicast support is not available on dev 6
gn1101:28674:15258 [6] NCCL INFO Trees [0] 7/-1/-1->6->5 [1] 7/-1/-1->6->5
gn1101:28674:15258 [6] NCCL INFO P2P Chunksize set to 131072
gn1101:28674:15258 [6] NCCL INFO Channel 00/0 : 6[6] -> 7[7] via P2P/CUMEM
gn1101:28674:15258 [6] NCCL INFO Channel 01/0 : 6[6] -> 7[7] via P2P/CUMEM
gn1101:28674:15258 [6] NCCL INFO Connected all rings
gn1101:28674:15258 [6] NCCL INFO Channel 00/0 : 6[6] -> 5[5] via P2P/CUMEM
gn1101:28674:15258 [6] NCCL INFO Channel 01/0 : 6[6] -> 5[5] via P2P/CUMEM
gn1101:28674:15258 [6] NCCL INFO Connected all trees
gn1101:28674:15258 [6] NCCL INFO threadThresholds 8/8/64 | 256/8/64 | 512 | 512
gn1101:28674:15258 [6] NCCL INFO 2 coll channels, 0 nvls channels, 2 p2p channels, 2 p2p channels per peer
gn1101:28674:15258 [6] NCCL INFO Channel 00/1 : 6[6] -> 1[1] via P2P/indirect/7[7]
gn1101:28674:15258 [6] NCCL INFO Channel 01/1 : 6[6] -> 1[1] via P2P/indirect/7[7]
gn1101:28674:15258 [6] NCCL INFO Channel 00/1 : 6[6] -> 2[2] via P2P/indirect/4[4]
gn1101:28674:15258 [6] NCCL INFO Channel 01/1 : 6[6] -> 2[2] via P2P/indirect/4[4]
gn1101:28674:15258 [6] NCCL INFO Channel 00/1 : 6[6] -> 3[3] via P2P/indirect/0[0]
gn1101:28674:15258 [6] NCCL INFO Channel 01/1 : 6[6] -> 3[3] via P2P/indirect/0[0]
gn1101:28674:15258 [6] NCCL INFO comm 0x555bc4b64ca0 rank 6 nranks 32 cudaDev 6 nvmlDev 6 busId db000 commId 0xb8f5d8458f29be25 - Init COMPLETE
gn1101:28674:15720 [6] NCCL INFO Using non-device net plugin version 0
gn1101:28674:15720 [6] NCCL INFO Using network IBext
gn1101:28674:15720 [6] NCCL INFO comm 0x555bcf16e420 rank 6 nranks 8 cudaDev 6 nvmlDev 6 busId db000 commId 0xd2edcb9b0c48cb78 - Init START
gn1101:28674:15720 [6] NCCL INFO Setting affinity for GPU 6 to 3c0000
gn1101:28674:15720 [6] NCCL INFO NVLS multicast support is not available on dev 6
gn1101:28674:15720 [6] NCCL INFO Trees [0] -1/-1/-1->6->5 [1] -1/-1/-1->6->5 [2] 5/-1/-1->6->0 [3] 5/-1/-1->6->0 [4] 4/-1/-1->6->7 [5] 7/-1/-1->6->4 [6] -1/-1/-1->6->5 [7] -1/-1/-1->6->5 [8] 5/-1/-1->6->0 [9] 5/-1/-1->6->0 [10] 4/-1/-1->6->7 [11] 7/-1/-1->6->4
gn1101:28674:15720 [6] NCCL INFO P2P Chunksize set to 524288
gn1101:28674:15720 [6] NCCL INFO Channel 05/0 : 6[6] -> 7[7] via P2P/CUMEM
gn1101:28674:15720 [6] NCCL INFO Channel 11/0 : 6[6] -> 7[7] via P2P/CUMEM
gn1101:28674:15720 [6] NCCL INFO Channel 00/0 : 6[6] -> 0[0] via P2P/CUMEM
gn1101:28674:15720 [6] NCCL INFO Channel 01/0 : 6[6] -> 0[0] via P2P/CUMEM
gn1101:28674:15720 [6] NCCL INFO Channel 06/0 : 6[6] -> 0[0] via P2P/CUMEM
gn1101:28674:15720 [6] NCCL INFO Channel 07/0 : 6[6] -> 0[0] via P2P/CUMEM
gn1101:28674:15720 [6] NCCL INFO Channel 04/0 : 6[6] -> 4[4] via P2P/CUMEM
gn1101:28674:15720 [6] NCCL INFO Channel 10/0 : 6[6] -> 4[4] via P2P/CUMEM
gn1101:28674:15720 [6] NCCL INFO Channel 02/0 : 6[6] -> 5[5] via P2P/CUMEM
gn1101:28674:15720 [6] NCCL INFO Channel 03/0 : 6[6] -> 5[5] via P2P/CUMEM
gn1101:28674:15720 [6] NCCL INFO Channel 08/0 : 6[6] -> 5[5] via P2P/CUMEM
gn1101:28674:15720 [6] NCCL INFO Channel 09/0 : 6[6] -> 5[5] via P2P/CUMEM
gn1101:28674:15720 [6] NCCL INFO Connected all rings
gn1101:28674:15720 [6] NCCL INFO Channel 04/0 : 6[6] -> 7[7] via P2P/CUMEM
gn1101:28674:15720 [6] NCCL INFO Channel 10/0 : 6[6] -> 7[7] via P2P/CUMEM
gn1101:28674:15720 [6] NCCL INFO Channel 02/0 : 6[6] -> 0[0] via P2P/CUMEM
gn1101:28674:15720 [6] NCCL INFO Channel 03/0 : 6[6] -> 0[0] via P2P/CUMEM
gn1101:28674:15720 [6] NCCL INFO Channel 08/0 : 6[6] -> 0[0] via P2P/CUMEM
gn1101:28674:15720 [6] NCCL INFO Channel 09/0 : 6[6] -> 0[0] via P2P/CUMEM
gn1101:28674:15720 [6] NCCL INFO Channel 05/0 : 6[6] -> 4[4] via P2P/CUMEM
gn1101:28674:15720 [6] NCCL INFO Channel 11/0 : 6[6] -> 4[4] via P2P/CUMEM
gn1101:28674:15720 [6] NCCL INFO Channel 00/0 : 6[6] -> 5[5] via P2P/CUMEM
gn1101:28674:15720 [6] NCCL INFO Channel 01/0 : 6[6] -> 5[5] via P2P/CUMEM
gn1101:28674:15720 [6] NCCL INFO Channel 06/0 : 6[6] -> 5[5] via P2P/CUMEM
gn1101:28674:15720 [6] NCCL INFO Channel 07/0 : 6[6] -> 5[5] via P2P/CUMEM
gn1101:28674:15720 [6] NCCL INFO Connected all trees
gn1101:28674:15720 [6] NCCL INFO threadThresholds 8/8/64 | 64/8/64 | 512 | 512
gn1101:28674:15720 [6] NCCL INFO 12 coll channels, 0 nvls channels, 16 p2p channels, 2 p2p channels per peer
gn1101:28674:15720 [6] NCCL INFO Channel 12/1 : 6[6] -> 1[1] via P2P/indirect/7[7]
gn1101:28674:15720 [6] NCCL INFO Channel 13/1 : 6[6] -> 1[1] via P2P/indirect/7[7]
gn1101:28674:15720 [6] NCCL INFO Channel 02/1 : 6[6] -> 2[2] via P2P/indirect/4[4]
gn1101:28674:15720 [6] NCCL INFO Channel 03/1 : 6[6] -> 2[2] via P2P/indirect/4[4]
gn1101:28674:15720 [6] NCCL INFO Channel 10/1 : 6[6] -> 3[3] via P2P/indirect/0[0]
gn1101:28674:15720 [6] NCCL INFO Channel 11/1 : 6[6] -> 3[3] via P2P/indirect/0[0]
gn1101:28674:15720 [6] NCCL INFO comm 0x555bcf16e420 rank 6 nranks 8 cudaDev 6 nvmlDev 6 busId db000 commId 0xd2edcb9b0c48cb78 - Init COMPLETE
NCCL version 2.19.4+cuda12.3
gn1101:28674:16577 [6] NCCL INFO Using non-device net plugin version 0
gn1101:28674:16577 [6] NCCL INFO Using network IBext
gn1101:28674:16577 [6] NCCL INFO comm 0x555bd4ef4480 rank 0 nranks 4 cudaDev 6 nvmlDev 6 busId db000 commId 0xd14bb5ce9c8b6e0f - Init START
gn1101:28674:16577 [6] NCCL INFO Setting affinity for GPU 6 to 3c0000
gn1101:28674:16577 [6] NCCL INFO Channel 00/02 :    0   1   2   3
gn1101:28674:16577 [6] NCCL INFO Channel 01/02 :    0   1   2   3
gn1101:28674:16577 [6] NCCL INFO Trees [0] 2/-1/-1->0->-1 [1] -1/-1/-1->0->1
gn1101:28674:16577 [6] NCCL INFO P2P Chunksize set to 131072
gn1101:28674:16577 [6] NCCL INFO Channel 00/0 : 3[6] -> 0[6] [receive] via NET/IBext/0
gn1101:28674:16577 [6] NCCL INFO Channel 01/0 : 3[6] -> 0[6] [receive] via NET/IBext/0
gn1101:28674:16577 [6] NCCL INFO Channel 00/0 : 0[6] -> 1[6] [send] via NET/IBext/0
gn1101:28674:16577 [6] NCCL INFO Channel 01/0 : 0[6] -> 1[6] [send] via NET/IBext/0
gn1101:28674:16577 [6] NCCL INFO Connected all rings
gn1101:28674:16577 [6] NCCL INFO Channel 00/0 : 2[6] -> 0[6] [receive] via NET/IBext/0
gn1101:28674:16577 [6] NCCL INFO Channel 00/0 : 0[6] -> 2[6] [send] via NET/IBext/0
gn1101:28674:16577 [6] NCCL INFO Channel 01/0 : 1[6] -> 0[6] [receive] via NET/IBext/0
gn1101:28674:16577 [6] NCCL INFO Connected all trees
gn1101:28674:16577 [6] NCCL INFO threadThresholds 8/8/64 | 32/8/64 | 512 | 512
gn1101:28674:16577 [6] NCCL INFO 2 coll channels, 0 nvls channels, 2 p2p channels, 2 p2p channels per peer
gn1101:28674:16577 [6] NCCL INFO comm 0x555bd4ef4480 rank 0 nranks 4 cudaDev 6 nvmlDev 6 busId db000 commId 0xd14bb5ce9c8b6e0f - Init COMPLETE
gn1101:28674:16646 [6] NCCL INFO Channel 00/1 : 0[6] -> 1[6] [send] via NET/IBext/0/Shared
gn1101:28674:16646 [6] NCCL INFO Channel 01/1 : 0[6] -> 1[6] [send] via NET/IBext/0/Shared
gn1101:28674:16737 [6] NCCL INFO Channel 00/1 : 1[6] -> 0[6] [receive] via NET/IBext/0/Shared
gn1101:28674:16737 [6] NCCL INFO Channel 01/1 : 1[6] -> 0[6] [receive] via NET/IBext/0/Shared
gn1101:28674:20281 [6] NCCL INFO Using non-device net plugin version 0
gn1101:28674:20281 [6] NCCL INFO Using network IBext
gn1101:28674:20281 [6] NCCL INFO comm 0x2b2bc6713ea0 rank 0 nranks 4 cudaDev 6 nvmlDev 6 busId db000 commId 0xed62ba353a76581 - Init START
gn1101:28674:20281 [6] NCCL INFO Setting affinity for GPU 6 to 3c0000
gn1101:28674:20281 [6] NCCL INFO Channel 00/02 :    0   1   2   3
gn1101:28674:20281 [6] NCCL INFO Channel 01/02 :    0   1   2   3
gn1101:28674:20281 [6] NCCL INFO Trees [0] 2/-1/-1->0->-1 [1] -1/-1/-1->0->1
gn1101:28674:20281 [6] NCCL INFO P2P Chunksize set to 131072
gn1101:28674:20281 [6] NCCL INFO Channel 00/0 : 3[6] -> 0[6] [receive] via NET/IBext/0
gn1101:28674:20281 [6] NCCL INFO Channel 01/0 : 3[6] -> 0[6] [receive] via NET/IBext/0
gn1101:28674:20281 [6] NCCL INFO Channel 00/0 : 0[6] -> 1[6] [send] via NET/IBext/0
gn1101:28674:20281 [6] NCCL INFO Channel 01/0 : 0[6] -> 1[6] [send] via NET/IBext/0
gn1101:28674:20281 [6] NCCL INFO Connected all rings
gn1101:28674:20281 [6] NCCL INFO Channel 00/0 : 2[6] -> 0[6] [receive] via NET/IBext/0
gn1101:28674:20281 [6] NCCL INFO Channel 00/0 : 0[6] -> 2[6] [send] via NET/IBext/0
gn1101:28674:20281 [6] NCCL INFO Channel 01/0 : 1[6] -> 0[6] [receive] via NET/IBext/0
gn1101:28674:20281 [6] NCCL INFO Connected all trees
gn1101:28674:20281 [6] NCCL INFO threadThresholds 8/8/64 | 32/8/64 | 512 | 512
gn1101:28674:20281 [6] NCCL INFO 2 coll channels, 0 nvls channels, 2 p2p channels, 2 p2p channels per peer
gn1101:28674:20281 [6] NCCL INFO comm 0x2b2bc6713ea0 rank 0 nranks 4 cudaDev 6 nvmlDev 6 busId db000 commId 0xed62ba353a76581 - Init COMPLETE
gn1101:28674:15276 [6] NCCL INFO [Service thread] Connection closed by localRank 7
gn1101:28674:20341 [6] NCCL INFO [Service thread] Connection closed by localRank 0
