
=============
== PyTorch ==
=============

NVIDIA Release 24.02 (build 82611821)
PyTorch Version 2.3.0a0+ebedce2
Container image Copyright (c) 2024, NVIDIA CORPORATION & AFFILIATES. All rights reserved.
Copyright (c) 2014-2024 Facebook Inc.
Copyright (c) 2011-2014 Idiap Research Institute (Ronan Collobert)
Copyright (c) 2012-2014 Deepmind Technologies    (Koray Kavukcuoglu)
Copyright (c) 2011-2012 NEC Laboratories America (Koray Kavukcuoglu)
Copyright (c) 2011-2013 NYU                      (Clement Farabet)
Copyright (c) 2006-2010 NEC Laboratories America (Ronan Collobert, Leon Bottou, Iain Melvin, Jason Weston)
Copyright (c) 2006      Idiap Research Institute (Samy Bengio)
Copyright (c) 2001-2004 Idiap Research Institute (Ronan Collobert, Samy Bengio, Johnny Mariethoz)
Copyright (c) 2015      Google Inc.
Copyright (c) 2015      Yangqing Jia
Copyright (c) 2013-2016 The Caffe contributors
All rights reserved.

Various files include modifications (c) NVIDIA CORPORATION & AFFILIATES.  All rights reserved.

This container image and its contents are governed by the NVIDIA Deep Learning Container License.
By pulling and using the container, you accept the terms and conditions of this license:
https://developer.nvidia.com/ngc/nvidia-deep-learning-container-license

ERROR: This container was built for NVIDIA Driver Release 545.23 or later, but
       version 470.161.03 was detected and compatibility mode is UNAVAILABLE.

       [[]]

gn1206:28666:28666 [3] NCCL INFO cudaDriverVersion 12030
gn1206:28666:28666 [3] NCCL INFO NCCL_SOCKET_IFNAME set by environment to ib0
gn1206:28666:28666 [3] NCCL INFO Bootstrap : Using ib0:10.100.12.6<0>
gn1206:28666:28666 [3] NCCL INFO NET/Plugin: Failed to find ncclNetPlugin_v7 symbol.
gn1206:28666:28666 [3] NCCL INFO NET/Plugin: Loaded net plugin NCCL RDMA Plugin v6 (v6)
gn1206:28666:28666 [3] NCCL INFO NET/Plugin: Failed to find ncclCollNetPlugin_v7 symbol.
gn1206:28666:28666 [3] NCCL INFO NET/Plugin: Loaded coll plugin SHARP (v6)
gn1206:28666:8862 [3] NCCL INFO Plugin Path : /opt/hpcx/nccl_rdma_sharp_plugin/lib/libnccl-net.so
gn1206:28666:8862 [3] NCCL INFO P2P plugin IBext
gn1206:28666:8862 [3] NCCL INFO NCCL_SOCKET_IFNAME set by environment to ib0
gn1206:28666:8862 [3] NCCL INFO NET/IB : Using [0]mlx5_0:1/IB/SHARP [RO]; OOB ib0:10.100.12.6<0>
gn1206:28666:8862 [3] NCCL INFO Using non-device net plugin version 0
gn1206:28666:8862 [3] NCCL INFO Using network IBext
gn1206:28666:8862 [3] NCCL INFO comm 0x55eda0a30a00 rank 75 nranks 128 cudaDev 3 nvmlDev 3 busId 3e000 commId 0xc30115f52475687c - Init START
gn1206:28666:8862 [3] NCCL INFO NVLS multicast support is not available on dev 3
gn1206:28666:8862 [3] NCCL INFO Trees [0] 77/-1/-1->75->74 [1] 77/-1/-1->75->74
gn1206:28666:8862 [3] NCCL INFO P2P Chunksize set to 131072
gn1206:28666:8862 [3] NCCL INFO Channel 00/0 : 75[3] -> 74[2] via P2P/CUMEM
gn1206:28666:8862 [3] NCCL INFO Channel 01/0 : 75[3] -> 74[2] via P2P/CUMEM
gn1206:28666:8862 [3] NCCL INFO Connected all rings
gn1206:28666:8862 [3] NCCL INFO Channel 00/0 : 75[3] -> 77[5] via P2P/CUMEM
gn1206:28666:8862 [3] NCCL INFO Channel 01/0 : 75[3] -> 77[5] via P2P/CUMEM
gn1206:28666:8862 [3] NCCL INFO Connected all trees
gn1206:28666:8862 [3] NCCL INFO threadThresholds 8/8/64 | 1024/8/64 | 512 | 512
gn1206:28666:8862 [3] NCCL INFO 2 coll channels, 0 nvls channels, 2 p2p channels, 2 p2p channels per peer
gn1206:28666:8862 [3] NCCL INFO Channel 00/1 : 75[3] -> 76[4] via P2P/indirect/77[5]
gn1206:28666:8862 [3] NCCL INFO Channel 01/1 : 75[3] -> 76[4] via P2P/indirect/77[5]
gn1206:28666:8862 [3] NCCL INFO Channel 00/1 : 75[3] -> 78[6] via P2P/indirect/72[0]
gn1206:28666:8862 [3] NCCL INFO Channel 01/1 : 75[3] -> 78[6] via P2P/indirect/72[0]
gn1206:28666:8862 [3] NCCL INFO Channel 00/1 : 75[3] -> 79[7] via P2P/indirect/73[1]
gn1206:28666:8862 [3] NCCL INFO Channel 01/1 : 75[3] -> 79[7] via P2P/indirect/73[1]
gn1206:28666:8862 [3] NCCL INFO comm 0x55eda0a30a00 rank 75 nranks 128 cudaDev 3 nvmlDev 3 busId 3e000 commId 0xc30115f52475687c - Init COMPLETE
gn1206:28666:14905 [3] NCCL INFO Using non-device net plugin version 0
gn1206:28666:14905 [3] NCCL INFO Using network IBext
gn1206:28666:14905 [3] NCCL INFO comm 0x55eda353bc60 rank 19 nranks 32 cudaDev 3 nvmlDev 3 busId 3e000 commId 0x5915742a62b60c1a - Init START
gn1206:28666:14905 [3] NCCL INFO NVLS multicast support is not available on dev 3
gn1206:28666:14905 [3] NCCL INFO Trees [0] 21/-1/-1->19->18 [1] 21/-1/-1->19->18
gn1206:28666:14905 [3] NCCL INFO P2P Chunksize set to 131072
gn1206:28666:14905 [3] NCCL INFO Channel 00/0 : 19[3] -> 18[2] via P2P/CUMEM
gn1206:28666:14905 [3] NCCL INFO Channel 01/0 : 19[3] -> 18[2] via P2P/CUMEM
gn1206:28666:14905 [3] NCCL INFO Connected all rings
gn1206:28666:14905 [3] NCCL INFO Channel 00/0 : 19[3] -> 21[5] via P2P/CUMEM
gn1206:28666:14905 [3] NCCL INFO Channel 01/0 : 19[3] -> 21[5] via P2P/CUMEM
gn1206:28666:14905 [3] NCCL INFO Connected all trees
gn1206:28666:14905 [3] NCCL INFO threadThresholds 8/8/64 | 256/8/64 | 512 | 512
gn1206:28666:14905 [3] NCCL INFO 2 coll channels, 0 nvls channels, 2 p2p channels, 2 p2p channels per peer
gn1206:28666:14905 [3] NCCL INFO Channel 00/1 : 19[3] -> 20[4] via P2P/indirect/21[5]
gn1206:28666:14905 [3] NCCL INFO Channel 01/1 : 19[3] -> 20[4] via P2P/indirect/21[5]
gn1206:28666:14905 [3] NCCL INFO Channel 00/1 : 19[3] -> 22[6] via P2P/indirect/16[0]
gn1206:28666:14905 [3] NCCL INFO Channel 01/1 : 19[3] -> 22[6] via P2P/indirect/16[0]
gn1206:28666:14905 [3] NCCL INFO Channel 00/1 : 19[3] -> 23[7] via P2P/indirect/17[1]
gn1206:28666:14905 [3] NCCL INFO Channel 01/1 : 19[3] -> 23[7] via P2P/indirect/17[1]
gn1206:28666:14905 [3] NCCL INFO comm 0x55eda353bc60 rank 19 nranks 32 cudaDev 3 nvmlDev 3 busId 3e000 commId 0x5915742a62b60c1a - Init COMPLETE
gn1206:28666:16176 [3] NCCL INFO Using non-device net plugin version 0
gn1206:28666:16176 [3] NCCL INFO Using network IBext
gn1206:28666:16176 [3] NCCL INFO comm 0x55eda43d84c0 rank 2 nranks 4 cudaDev 3 nvmlDev 3 busId 3e000 commId 0xdeba3c4ca0a41f5d - Init START
gn1206:28666:16176 [3] NCCL INFO Trees [0] 1/3/-1->2->0 [1] -1/-1/-1->2->1
gn1206:28666:16176 [3] NCCL INFO P2P Chunksize set to 131072
gn1206:28666:16176 [3] NCCL INFO Channel 00/0 : 1[3] -> 2[3] [receive] via NET/IBext/0
gn1206:28666:16176 [3] NCCL INFO Channel 01/0 : 1[3] -> 2[3] [receive] via NET/IBext/0
gn1206:28666:16176 [3] NCCL INFO Channel 00/0 : 2[3] -> 3[3] [send] via NET/IBext/0
gn1206:28666:16176 [3] NCCL INFO Channel 01/0 : 2[3] -> 3[3] [send] via NET/IBext/0
gn1206:28666:16176 [3] NCCL INFO Connected all rings
gn1206:28666:16176 [3] NCCL INFO Channel 00/0 : 0[3] -> 2[3] [receive] via NET/IBext/0
gn1206:28666:16176 [3] NCCL INFO Channel 00/0 : 2[3] -> 0[3] [send] via NET/IBext/0
gn1206:28666:16176 [3] NCCL INFO Channel 00/0 : 3[3] -> 2[3] [receive] via NET/IBext/0
gn1206:28666:16176 [3] NCCL INFO Channel 00/0 : 2[3] -> 1[3] [send] via NET/IBext/0
gn1206:28666:16176 [3] NCCL INFO Channel 01/0 : 2[3] -> 1[3] [send] via NET/IBext/0
gn1206:28666:16176 [3] NCCL INFO Connected all trees
gn1206:28666:16176 [3] NCCL INFO threadThresholds 8/8/64 | 32/8/64 | 512 | 512
gn1206:28666:16176 [3] NCCL INFO 2 coll channels, 0 nvls channels, 2 p2p channels, 2 p2p channels per peer
gn1206:28666:16176 [3] NCCL INFO comm 0x55eda43d84c0 rank 2 nranks 4 cudaDev 3 nvmlDev 3 busId 3e000 commId 0xdeba3c4ca0a41f5d - Init COMPLETE
gn1206:28666:16301 [3] NCCL INFO Channel 00/1 : 1[3] -> 2[3] [receive] via NET/IBext/0/Shared
gn1206:28666:16301 [3] NCCL INFO Channel 01/1 : 1[3] -> 2[3] [receive] via NET/IBext/0/Shared
gn1206:28666:16939 [3] NCCL INFO Using non-device net plugin version 0
gn1206:28666:16939 [3] NCCL INFO Using network IBext
gn1206:28666:16939 [3] NCCL INFO comm 0x55eda5198f10 rank 3 nranks 8 cudaDev 3 nvmlDev 3 busId 3e000 commId 0xa0767dd6dc6768c6 - Init START
gn1206:28666:16939 [3] NCCL INFO NVLS multicast support is not available on dev 3
gn1206:28666:16939 [3] NCCL INFO Trees [0] 2/-1/-1->3->0 [1] 2/-1/-1->3->0 [2] -1/-1/-1->3->2 [3] -1/-1/-1->3->2 [4] 5/-1/-1->3->1 [5] 1/-1/-1->3->5 [6] 2/-1/-1->3->0 [7] 2/-1/-1->3->0 [8] -1/-1/-1->3->2 [9] -1/-1/-1->3->2 [10] 5/-1/-1->3->1 [11] 1/-1/-1->3->5
gn1206:28666:16939 [3] NCCL INFO P2P Chunksize set to 524288
gn1206:28666:16939 [3] NCCL INFO Channel 04/0 : 3[3] -> 5[5] via P2P/CUMEM
gn1206:28666:16939 [3] NCCL INFO Channel 10/0 : 3[3] -> 5[5] via P2P/CUMEM
gn1206:28666:16939 [3] NCCL INFO Channel 02/0 : 3[3] -> 0[0] via P2P/CUMEM
gn1206:28666:16939 [3] NCCL INFO Channel 03/0 : 3[3] -> 0[0] via P2P/CUMEM
gn1206:28666:16939 [3] NCCL INFO Channel 08/0 : 3[3] -> 0[0] via P2P/CUMEM
gn1206:28666:16939 [3] NCCL INFO Channel 09/0 : 3[3] -> 0[0] via P2P/CUMEM
gn1206:28666:16939 [3] NCCL INFO Channel 05/0 : 3[3] -> 1[1] via P2P/CUMEM
gn1206:28666:16939 [3] NCCL INFO Channel 11/0 : 3[3] -> 1[1] via P2P/CUMEM
gn1206:28666:16939 [3] NCCL INFO Channel 00/0 : 3[3] -> 2[2] via P2P/CUMEM
gn1206:28666:16939 [3] NCCL INFO Channel 01/0 : 3[3] -> 2[2] via P2P/CUMEM
gn1206:28666:16939 [3] NCCL INFO Channel 06/0 : 3[3] -> 2[2] via P2P/CUMEM
gn1206:28666:16939 [3] NCCL INFO Channel 07/0 : 3[3] -> 2[2] via P2P/CUMEM
gn1206:28666:16939 [3] NCCL INFO Connected all rings
gn1206:28666:16939 [3] NCCL INFO Channel 05/0 : 3[3] -> 5[5] via P2P/CUMEM
gn1206:28666:16939 [3] NCCL INFO Channel 11/0 : 3[3] -> 5[5] via P2P/CUMEM
gn1206:28666:16939 [3] NCCL INFO Channel 00/0 : 3[3] -> 0[0] via P2P/CUMEM
gn1206:28666:16939 [3] NCCL INFO Channel 01/0 : 3[3] -> 0[0] via P2P/CUMEM
gn1206:28666:16939 [3] NCCL INFO Channel 06/0 : 3[3] -> 0[0] via P2P/CUMEM
gn1206:28666:16939 [3] NCCL INFO Channel 07/0 : 3[3] -> 0[0] via P2P/CUMEM
gn1206:28666:16939 [3] NCCL INFO Channel 04/0 : 3[3] -> 1[1] via P2P/CUMEM
gn1206:28666:16939 [3] NCCL INFO Channel 10/0 : 3[3] -> 1[1] via P2P/CUMEM
gn1206:28666:16939 [3] NCCL INFO Channel 02/0 : 3[3] -> 2[2] via P2P/CUMEM
gn1206:28666:16939 [3] NCCL INFO Channel 03/0 : 3[3] -> 2[2] via P2P/CUMEM
gn1206:28666:16939 [3] NCCL INFO Channel 08/0 : 3[3] -> 2[2] via P2P/CUMEM
gn1206:28666:16939 [3] NCCL INFO Channel 09/0 : 3[3] -> 2[2] via P2P/CUMEM
gn1206:28666:16939 [3] NCCL INFO Connected all trees
gn1206:28666:16939 [3] NCCL INFO threadThresholds 8/8/64 | 64/8/64 | 512 | 512
gn1206:28666:16939 [3] NCCL INFO 12 coll channels, 0 nvls channels, 16 p2p channels, 2 p2p channels per peer
gn1206:28666:16939 [3] NCCL INFO Channel 08/1 : 3[3] -> 4[4] via P2P/indirect/5[5]
gn1206:28666:16939 [3] NCCL INFO Channel 09/1 : 3[3] -> 4[4] via P2P/indirect/5[5]
gn1206:28666:16939 [3] NCCL INFO Channel 12/1 : 3[3] -> 6[6] via P2P/indirect/0[0]
gn1206:28666:16939 [3] NCCL INFO Channel 13/1 : 3[3] -> 6[6] via P2P/indirect/0[0]
gn1206:28666:16939 [3] NCCL INFO Channel 02/1 : 3[3] -> 7[7] via P2P/indirect/1[1]
gn1206:28666:16939 [3] NCCL INFO Channel 03/1 : 3[3] -> 7[7] via P2P/indirect/1[1]
gn1206:28666:16939 [3] NCCL INFO comm 0x55eda5198f10 rank 3 nranks 8 cudaDev 3 nvmlDev 3 busId 3e000 commId 0xa0767dd6dc6768c6 - Init COMPLETE
gn1206:28666:17753 [3] NCCL INFO Channel 00/1 : 2[3] -> 3[3] [send] via NET/IBext/0/Shared
gn1206:28666:17753 [3] NCCL INFO Channel 01/1 : 2[3] -> 3[3] [send] via NET/IBext/0/Shared
gn1206:28666:17914 [3] NCCL INFO Channel 00/1 : 3[3] -> 2[3] [receive] via NET/IBext/0/Shared
gn1206:28666:17914 [3] NCCL INFO Channel 01/1 : 3[3] -> 2[3] [receive] via NET/IBext/0/Shared
gn1206:28666:19313 [3] NCCL INFO Channel 00/1 : 2[3] -> 1[3] [send] via NET/IBext/0/Shared
gn1206:28666:19313 [3] NCCL INFO Channel 01/1 : 2[3] -> 1[3] [send] via NET/IBext/0/Shared
gn1206:28666:19515 [3] NCCL INFO Using non-device net plugin version 0
gn1206:28666:19515 [3] NCCL INFO Using network IBext
gn1206:28666:19515 [3] NCCL INFO comm 0x55edaa03bce0 rank 1 nranks 4 cudaDev 3 nvmlDev 3 busId 3e000 commId 0x5272033f50e9c3e0 - Init START
gn1206:28666:19515 [3] NCCL INFO Trees [0] -1/-1/-1->1->2 [1] 2/0/-1->1->3
gn1206:28666:19515 [3] NCCL INFO P2P Chunksize set to 131072
gn1206:28666:19515 [3] NCCL INFO Channel 00/0 : 0[3] -> 1[3] [receive] via NET/IBext/0
gn1206:28666:19515 [3] NCCL INFO Channel 01/0 : 0[3] -> 1[3] [receive] via NET/IBext/0
gn1206:28666:19515 [3] NCCL INFO Channel 00/0 : 1[3] -> 2[3] [send] via NET/IBext/0
gn1206:28666:19515 [3] NCCL INFO Channel 01/0 : 1[3] -> 2[3] [send] via NET/IBext/0
gn1206:28666:19515 [3] NCCL INFO Connected all rings
gn1206:28666:19515 [3] NCCL INFO Channel 01/0 : 3[3] -> 1[3] [receive] via NET/IBext/0
gn1206:28666:19515 [3] NCCL INFO Channel 01/0 : 1[3] -> 3[3] [send] via NET/IBext/0
gn1206:28666:19515 [3] NCCL INFO Channel 00/0 : 2[3] -> 1[3] [receive] via NET/IBext/0
gn1206:28666:19515 [3] NCCL INFO Channel 01/0 : 2[3] -> 1[3] [receive] via NET/IBext/0
gn1206:28666:19515 [3] NCCL INFO Channel 01/0 : 1[3] -> 0[3] [send] via NET/IBext/0
gn1206:28666:19515 [3] NCCL INFO Connected all trees
gn1206:28666:19515 [3] NCCL INFO threadThresholds 8/8/64 | 32/8/64 | 512 | 512
gn1206:28666:19515 [3] NCCL INFO 2 coll channels, 0 nvls channels, 2 p2p channels, 2 p2p channels per peer
gn1206:28666:19515 [3] NCCL INFO comm 0x55edaa03bce0 rank 1 nranks 4 cudaDev 3 nvmlDev 3 busId 3e000 commId 0x5272033f50e9c3e0 - Init COMPLETE
