
=============
== PyTorch ==
=============

NVIDIA Release 24.02 (build 82611821)
PyTorch Version 2.3.0a0+ebedce2
Container image Copyright (c) 2024, NVIDIA CORPORATION & AFFILIATES. All rights reserved.
Copyright (c) 2014-2024 Facebook Inc.
Copyright (c) 2011-2014 Idiap Research Institute (Ronan Collobert)
Copyright (c) 2012-2014 Deepmind Technologies    (Koray Kavukcuoglu)
Copyright (c) 2011-2012 NEC Laboratories America (Koray Kavukcuoglu)
Copyright (c) 2011-2013 NYU                      (Clement Farabet)
Copyright (c) 2006-2010 NEC Laboratories America (Ronan Collobert, Leon Bottou, Iain Melvin, Jason Weston)
Copyright (c) 2006      Idiap Research Institute (Samy Bengio)
Copyright (c) 2001-2004 Idiap Research Institute (Ronan Collobert, Samy Bengio, Johnny Mariethoz)
Copyright (c) 2015      Google Inc.
Copyright (c) 2015      Yangqing Jia
Copyright (c) 2013-2016 The Caffe contributors
All rights reserved.

Various files include modifications (c) NVIDIA CORPORATION & AFFILIATES.  All rights reserved.

This container image and its contents are governed by the NVIDIA Deep Learning Container License.
By pulling and using the container, you accept the terms and conditions of this license:
https://developer.nvidia.com/ngc/nvidia-deep-learning-container-license

ERROR: This container was built for NVIDIA Driver Release 545.23 or later, but
       version 470.161.03 was detected and compatibility mode is UNAVAILABLE.

       [[]]

gn1223:20545:20545 [4] NCCL INFO cudaDriverVersion 12030
gn1223:20545:20545 [4] NCCL INFO NCCL_SOCKET_IFNAME set by environment to ib0
gn1223:20545:20545 [4] NCCL INFO Bootstrap : Using ib0:10.100.12.23<0>
gn1223:20545:20545 [4] NCCL INFO NET/Plugin: Failed to find ncclNetPlugin_v7 symbol.
gn1223:20545:20545 [4] NCCL INFO NET/Plugin: Loaded net plugin NCCL RDMA Plugin v6 (v6)
gn1223:20545:20545 [4] NCCL INFO NET/Plugin: Failed to find ncclCollNetPlugin_v7 symbol.
gn1223:20545:20545 [4] NCCL INFO NET/Plugin: Loaded coll plugin SHARP (v6)
gn1223:20545:967 [4] NCCL INFO Plugin Path : /opt/hpcx/nccl_rdma_sharp_plugin/lib/libnccl-net.so
gn1223:20545:967 [4] NCCL INFO P2P plugin IBext
gn1223:20545:967 [4] NCCL INFO NCCL_SOCKET_IFNAME set by environment to ib0
gn1223:20545:967 [4] NCCL INFO NET/IB : Using [0]mlx5_0:1/IB/SHARP [RO]; OOB ib0:10.100.12.23<0>
gn1223:20545:967 [4] NCCL INFO Using non-device net plugin version 0
gn1223:20545:967 [4] NCCL INFO Using network IBext
gn1223:20545:967 [4] NCCL INFO comm 0x55575c20e990 rank 116 nranks 128 cudaDev 4 nvmlDev 4 busId b1000 commId 0xc30115f52475687c - Init START
gn1223:20545:967 [4] NCCL INFO Setting affinity for GPU 4 to 3c0000
gn1223:20545:967 [4] NCCL INFO NVLS multicast support is not available on dev 4
gn1223:20545:967 [4] NCCL INFO Trees [0] -1/-1/-1->116->119 [1] -1/-1/-1->116->119
gn1223:20545:967 [4] NCCL INFO P2P Chunksize set to 131072
gn1223:20545:967 [4] NCCL INFO Channel 00/0 : 116[4] -> 117[5] via P2P/CUMEM
gn1223:20545:967 [4] NCCL INFO Channel 01/0 : 116[4] -> 117[5] via P2P/CUMEM
gn1223:20545:967 [4] NCCL INFO Connected all rings
gn1223:20545:967 [4] NCCL INFO Channel 00/0 : 116[4] -> 119[7] via P2P/CUMEM
gn1223:20545:967 [4] NCCL INFO Channel 01/0 : 116[4] -> 119[7] via P2P/CUMEM
gn1223:20545:967 [4] NCCL INFO Connected all trees
gn1223:20545:967 [4] NCCL INFO threadThresholds 8/8/64 | 1024/8/64 | 512 | 512
gn1223:20545:967 [4] NCCL INFO 2 coll channels, 0 nvls channels, 2 p2p channels, 2 p2p channels per peer
gn1223:20545:967 [4] NCCL INFO Channel 00/1 : 116[4] -> 112[0] via P2P/indirect/118[6]
gn1223:20545:967 [4] NCCL INFO Channel 01/1 : 116[4] -> 112[0] via P2P/indirect/118[6]
gn1223:20545:967 [4] NCCL INFO Channel 00/1 : 116[4] -> 113[1] via P2P/indirect/119[7]
gn1223:20545:967 [4] NCCL INFO Channel 01/1 : 116[4] -> 113[1] via P2P/indirect/119[7]
gn1223:20545:967 [4] NCCL INFO Channel 00/1 : 116[4] -> 115[3] via P2P/indirect/114[2]
gn1223:20545:967 [4] NCCL INFO Channel 01/1 : 116[4] -> 115[3] via P2P/indirect/114[2]
gn1223:20545:967 [4] NCCL INFO comm 0x55575c20e990 rank 116 nranks 128 cudaDev 4 nvmlDev 4 busId b1000 commId 0xc30115f52475687c - Init COMPLETE
gn1223:20545:7074 [4] NCCL INFO Using non-device net plugin version 0
gn1223:20545:7074 [4] NCCL INFO Using network IBext
gn1223:20545:7074 [4] NCCL INFO comm 0x55575ed1cc30 rank 28 nranks 32 cudaDev 4 nvmlDev 4 busId b1000 commId 0x74bb4c244197332c - Init START
gn1223:20545:7074 [4] NCCL INFO Setting affinity for GPU 4 to 3c0000
gn1223:20545:7074 [4] NCCL INFO NVLS multicast support is not available on dev 4
gn1223:20545:7074 [4] NCCL INFO Trees [0] -1/-1/-1->28->31 [1] -1/-1/-1->28->31
gn1223:20545:7074 [4] NCCL INFO P2P Chunksize set to 131072
gn1223:20545:7074 [4] NCCL INFO Channel 00/0 : 28[4] -> 29[5] via P2P/CUMEM
gn1223:20545:7074 [4] NCCL INFO Channel 01/0 : 28[4] -> 29[5] via P2P/CUMEM
gn1223:20545:7074 [4] NCCL INFO Connected all rings
gn1223:20545:7074 [4] NCCL INFO Channel 00/0 : 28[4] -> 31[7] via P2P/CUMEM
gn1223:20545:7074 [4] NCCL INFO Channel 01/0 : 28[4] -> 31[7] via P2P/CUMEM
gn1223:20545:7074 [4] NCCL INFO Connected all trees
gn1223:20545:7074 [4] NCCL INFO threadThresholds 8/8/64 | 256/8/64 | 512 | 512
gn1223:20545:7074 [4] NCCL INFO 2 coll channels, 0 nvls channels, 2 p2p channels, 2 p2p channels per peer
gn1223:20545:7074 [4] NCCL INFO Channel 00/1 : 28[4] -> 24[0] via P2P/indirect/30[6]
gn1223:20545:7074 [4] NCCL INFO Channel 01/1 : 28[4] -> 24[0] via P2P/indirect/30[6]
gn1223:20545:7074 [4] NCCL INFO Channel 00/1 : 28[4] -> 25[1] via P2P/indirect/31[7]
gn1223:20545:7074 [4] NCCL INFO Channel 01/1 : 28[4] -> 25[1] via P2P/indirect/31[7]
gn1223:20545:7074 [4] NCCL INFO Channel 00/1 : 28[4] -> 27[3] via P2P/indirect/26[2]
gn1223:20545:7074 [4] NCCL INFO Channel 01/1 : 28[4] -> 27[3] via P2P/indirect/26[2]
gn1223:20545:7074 [4] NCCL INFO comm 0x55575ed1cc30 rank 28 nranks 32 cudaDev 4 nvmlDev 4 busId b1000 commId 0x74bb4c244197332c - Init COMPLETE
gn1223:20545:8206 [4] NCCL INFO Using non-device net plugin version 0
gn1223:20545:8206 [4] NCCL INFO Using network IBext
gn1223:20545:8206 [4] NCCL INFO comm 0x55575fbda6e0 rank 3 nranks 4 cudaDev 4 nvmlDev 4 busId b1000 commId 0xb79c5640a88a6f1a - Init START
gn1223:20545:8206 [4] NCCL INFO Setting affinity for GPU 4 to 3c0000
gn1223:20545:8206 [4] NCCL INFO Trees [0] -1/-1/-1->3->2 [1] 1/-1/-1->3->-1
gn1223:20545:8206 [4] NCCL INFO P2P Chunksize set to 131072
gn1223:20545:8206 [4] NCCL INFO Channel 00/0 : 2[4] -> 3[4] [receive] via NET/IBext/0
gn1223:20545:8206 [4] NCCL INFO Channel 01/0 : 2[4] -> 3[4] [receive] via NET/IBext/0
gn1223:20545:8206 [4] NCCL INFO Channel 00/0 : 3[4] -> 0[4] [send] via NET/IBext/0
gn1223:20545:8206 [4] NCCL INFO Channel 01/0 : 3[4] -> 0[4] [send] via NET/IBext/0
gn1223:20545:8206 [4] NCCL INFO Connected all rings
gn1223:20545:8206 [4] NCCL INFO Channel 01/0 : 1[4] -> 3[4] [receive] via NET/IBext/0
gn1223:20545:8206 [4] NCCL INFO Channel 01/0 : 3[4] -> 1[4] [send] via NET/IBext/0
gn1223:20545:8206 [4] NCCL INFO Channel 00/0 : 3[4] -> 2[4] [send] via NET/IBext/0
gn1223:20545:8206 [4] NCCL INFO Connected all trees
gn1223:20545:8206 [4] NCCL INFO threadThresholds 8/8/64 | 32/8/64 | 512 | 512
gn1223:20545:8206 [4] NCCL INFO 2 coll channels, 0 nvls channels, 2 p2p channels, 2 p2p channels per peer
gn1223:20545:8206 [4] NCCL INFO comm 0x55575fbda6e0 rank 3 nranks 4 cudaDev 4 nvmlDev 4 busId b1000 commId 0xb79c5640a88a6f1a - Init COMPLETE
gn1223:20545:8259 [4] NCCL INFO Channel 00/1 : 2[4] -> 3[4] [receive] via NET/IBext/0/Shared
gn1223:20545:8259 [4] NCCL INFO Channel 01/1 : 2[4] -> 3[4] [receive] via NET/IBext/0/Shared
gn1223:20545:9728 [4] NCCL INFO Using non-device net plugin version 0
gn1223:20545:9728 [4] NCCL INFO Using network IBext
gn1223:20545:9728 [4] NCCL INFO comm 0x555760995370 rank 4 nranks 8 cudaDev 4 nvmlDev 4 busId b1000 commId 0x99310f9caeda0bea - Init START
gn1223:20545:9728 [4] NCCL INFO Setting affinity for GPU 4 to 3c0000
gn1223:20545:9728 [4] NCCL INFO NVLS multicast support is not available on dev 4
gn1223:20545:9728 [4] NCCL INFO Trees [0] 5/-1/-1->4->7 [1] 5/-1/-1->4->7 [2] 7/-1/-1->4->5 [3] 7/-1/-1->4->5 [4] 2/-1/-1->4->6 [5] 6/-1/-1->4->2 [6] 5/-1/-1->4->7 [7] 5/-1/-1->4->7 [8] 7/-1/-1->4->5 [9] 7/-1/-1->4->5 [10] 2/-1/-1->4->6 [11] 6/-1/-1->4->2
gn1223:20545:9728 [4] NCCL INFO P2P Chunksize set to 524288
gn1223:20545:9728 [4] NCCL INFO Channel 00/0 : 4[4] -> 5[5] via P2P/CUMEM
gn1223:20545:9728 [4] NCCL INFO Channel 01/0 : 4[4] -> 5[5] via P2P/CUMEM
gn1223:20545:9728 [4] NCCL INFO Channel 06/0 : 4[4] -> 5[5] via P2P/CUMEM
gn1223:20545:9728 [4] NCCL INFO Channel 07/0 : 4[4] -> 5[5] via P2P/CUMEM
gn1223:20545:9728 [4] NCCL INFO Channel 05/0 : 4[4] -> 6[6] via P2P/CUMEM
gn1223:20545:9728 [4] NCCL INFO Channel 11/0 : 4[4] -> 6[6] via P2P/CUMEM
gn1223:20545:9728 [4] NCCL INFO Channel 02/0 : 4[4] -> 7[7] via P2P/CUMEM
gn1223:20545:9728 [4] NCCL INFO Channel 03/0 : 4[4] -> 7[7] via P2P/CUMEM
gn1223:20545:9728 [4] NCCL INFO Channel 08/0 : 4[4] -> 7[7] via P2P/CUMEM
gn1223:20545:9728 [4] NCCL INFO Channel 09/0 : 4[4] -> 7[7] via P2P/CUMEM
gn1223:20545:9728 [4] NCCL INFO Channel 04/0 : 4[4] -> 2[2] via P2P/CUMEM
gn1223:20545:9728 [4] NCCL INFO Channel 10/0 : 4[4] -> 2[2] via P2P/CUMEM
gn1223:20545:9728 [4] NCCL INFO Connected all rings
gn1223:20545:9728 [4] NCCL INFO Channel 02/0 : 4[4] -> 5[5] via P2P/CUMEM
gn1223:20545:9728 [4] NCCL INFO Channel 03/0 : 4[4] -> 5[5] via P2P/CUMEM
gn1223:20545:9728 [4] NCCL INFO Channel 08/0 : 4[4] -> 5[5] via P2P/CUMEM
gn1223:20545:9728 [4] NCCL INFO Channel 09/0 : 4[4] -> 5[5] via P2P/CUMEM
gn1223:20545:9728 [4] NCCL INFO Channel 04/0 : 4[4] -> 6[6] via P2P/CUMEM
gn1223:20545:9728 [4] NCCL INFO Channel 10/0 : 4[4] -> 6[6] via P2P/CUMEM
gn1223:20545:9728 [4] NCCL INFO Channel 00/0 : 4[4] -> 7[7] via P2P/CUMEM
gn1223:20545:9728 [4] NCCL INFO Channel 01/0 : 4[4] -> 7[7] via P2P/CUMEM
gn1223:20545:9728 [4] NCCL INFO Channel 06/0 : 4[4] -> 7[7] via P2P/CUMEM
gn1223:20545:9728 [4] NCCL INFO Channel 07/0 : 4[4] -> 7[7] via P2P/CUMEM
gn1223:20545:9728 [4] NCCL INFO Channel 05/0 : 4[4] -> 2[2] via P2P/CUMEM
gn1223:20545:9728 [4] NCCL INFO Channel 11/0 : 4[4] -> 2[2] via P2P/CUMEM
gn1223:20545:9728 [4] NCCL INFO Connected all trees
gn1223:20545:9728 [4] NCCL INFO threadThresholds 8/8/64 | 64/8/64 | 512 | 512
gn1223:20545:9728 [4] NCCL INFO 12 coll channels, 0 nvls channels, 16 p2p channels, 2 p2p channels per peer
gn1223:20545:9728 [4] NCCL INFO Channel 02/1 : 4[4] -> 0[0] via P2P/indirect/6[6]
gn1223:20545:9728 [4] NCCL INFO Channel 03/1 : 4[4] -> 0[0] via P2P/indirect/6[6]
gn1223:20545:9728 [4] NCCL INFO Channel 10/1 : 4[4] -> 1[1] via P2P/indirect/7[7]
gn1223:20545:9728 [4] NCCL INFO Channel 11/1 : 4[4] -> 1[1] via P2P/indirect/7[7]
gn1223:20545:9728 [4] NCCL INFO Channel 14/1 : 4[4] -> 3[3] via P2P/indirect/2[2]
gn1223:20545:9728 [4] NCCL INFO Channel 15/1 : 4[4] -> 3[3] via P2P/indirect/2[2]
gn1223:20545:9728 [4] NCCL INFO comm 0x555760995370 rank 4 nranks 8 cudaDev 4 nvmlDev 4 busId b1000 commId 0x99310f9caeda0bea - Init COMPLETE
gn1223:20545:10576 [4] NCCL INFO Using non-device net plugin version 0
gn1223:20545:10576 [4] NCCL INFO Using network IBext
gn1223:20545:10576 [4] NCCL INFO comm 0x555772802fe0 rank 2 nranks 4 cudaDev 4 nvmlDev 4 busId b1000 commId 0x8d333b70b07c2865 - Init START
gn1223:20545:10576 [4] NCCL INFO Setting affinity for GPU 4 to 3c0000
gn1223:20545:10576 [4] NCCL INFO Trees [0] 1/3/-1->2->0 [1] -1/-1/-1->2->1
gn1223:20545:10576 [4] NCCL INFO P2P Chunksize set to 131072
gn1223:20545:10576 [4] NCCL INFO Channel 00/0 : 1[4] -> 2[4] [receive] via NET/IBext/0
gn1223:20545:10576 [4] NCCL INFO Channel 01/0 : 1[4] -> 2[4] [receive] via NET/IBext/0
gn1223:20545:10576 [4] NCCL INFO Channel 00/0 : 2[4] -> 3[4] [send] via NET/IBext/0
gn1223:20545:10576 [4] NCCL INFO Channel 01/0 : 2[4] -> 3[4] [send] via NET/IBext/0
gn1223:20545:10576 [4] NCCL INFO Connected all rings
gn1223:20545:10576 [4] NCCL INFO Channel 00/0 : 0[4] -> 2[4] [receive] via NET/IBext/0
gn1223:20545:10576 [4] NCCL INFO Channel 00/0 : 2[4] -> 0[4] [send] via NET/IBext/0
gn1223:20545:10576 [4] NCCL INFO Channel 00/0 : 3[4] -> 2[4] [receive] via NET/IBext/0
gn1223:20545:10576 [4] NCCL INFO Channel 00/0 : 2[4] -> 1[4] [send] via NET/IBext/0
gn1223:20545:10576 [4] NCCL INFO Channel 01/0 : 2[4] -> 1[4] [send] via NET/IBext/0
gn1223:20545:10576 [4] NCCL INFO Connected all trees
gn1223:20545:10576 [4] NCCL INFO threadThresholds 8/8/64 | 32/8/64 | 512 | 512
gn1223:20545:10576 [4] NCCL INFO 2 coll channels, 0 nvls channels, 2 p2p channels, 2 p2p channels per peer
gn1223:20545:10576 [4] NCCL INFO comm 0x555772802fe0 rank 2 nranks 4 cudaDev 4 nvmlDev 4 busId b1000 commId 0x8d333b70b07c2865 - Init COMPLETE
gn1223:20545:10868 [4] NCCL INFO Channel 00/1 : 3[4] -> 2[4] [send] via NET/IBext/0/Shared
gn1223:20545:10868 [4] NCCL INFO Channel 01/1 : 3[4] -> 2[4] [send] via NET/IBext/0/Shared
gn1223:20545:11184 [4] NCCL INFO Using non-device net plugin version 0
gn1223:20545:11184 [4] NCCL INFO Using network IBext
gn1223:20545:11184 [4] NCCL INFO comm 0x5557728d5320 rank 2 nranks 4 cudaDev 4 nvmlDev 4 busId b1000 commId 0x60c57046b3097eea - Init START
gn1223:20545:11184 [4] NCCL INFO Setting affinity for GPU 4 to 3c0000
gn1223:20545:11184 [4] NCCL INFO Trees [0] 1/3/-1->2->0 [1] -1/-1/-1->2->1
gn1223:20545:11184 [4] NCCL INFO P2P Chunksize set to 131072
gn1223:20545:11184 [4] NCCL INFO Channel 00/0 : 1[4] -> 2[4] [receive] via NET/IBext/0
gn1223:20545:11184 [4] NCCL INFO Channel 01/0 : 1[4] -> 2[4] [receive] via NET/IBext/0
gn1223:20545:11184 [4] NCCL INFO Channel 00/0 : 2[4] -> 3[4] [send] via NET/IBext/0
gn1223:20545:11184 [4] NCCL INFO Channel 01/0 : 2[4] -> 3[4] [send] via NET/IBext/0
gn1223:20545:11184 [4] NCCL INFO Connected all rings
gn1223:20545:11184 [4] NCCL INFO Channel 00/0 : 0[4] -> 2[4] [receive] via NET/IBext/0
gn1223:20545:11184 [4] NCCL INFO Channel 00/0 : 2[4] -> 0[4] [send] via NET/IBext/0
gn1223:20545:11184 [4] NCCL INFO Channel 00/0 : 3[4] -> 2[4] [receive] via NET/IBext/0
gn1223:20545:11184 [4] NCCL INFO Channel 00/0 : 2[4] -> 1[4] [send] via NET/IBext/0
gn1223:20545:11184 [4] NCCL INFO Channel 01/0 : 2[4] -> 1[4] [send] via NET/IBext/0
gn1223:20545:11184 [4] NCCL INFO Connected all trees
gn1223:20545:11184 [4] NCCL INFO threadThresholds 8/8/64 | 32/8/64 | 512 | 512
gn1223:20545:11184 [4] NCCL INFO 2 coll channels, 0 nvls channels, 2 p2p channels, 2 p2p channels per peer
gn1223:20545:11184 [4] NCCL INFO comm 0x5557728d5320 rank 2 nranks 4 cudaDev 4 nvmlDev 4 busId b1000 commId 0x60c57046b3097eea - Init COMPLETE
