
=============
== PyTorch ==
=============

NVIDIA Release 24.02 (build 82611821)
PyTorch Version 2.3.0a0+ebedce2
Container image Copyright (c) 2024, NVIDIA CORPORATION & AFFILIATES. All rights reserved.
Copyright (c) 2014-2024 Facebook Inc.
Copyright (c) 2011-2014 Idiap Research Institute (Ronan Collobert)
Copyright (c) 2012-2014 Deepmind Technologies    (Koray Kavukcuoglu)
Copyright (c) 2011-2012 NEC Laboratories America (Koray Kavukcuoglu)
Copyright (c) 2011-2013 NYU                      (Clement Farabet)
Copyright (c) 2006-2010 NEC Laboratories America (Ronan Collobert, Leon Bottou, Iain Melvin, Jason Weston)
Copyright (c) 2006      Idiap Research Institute (Samy Bengio)
Copyright (c) 2001-2004 Idiap Research Institute (Ronan Collobert, Samy Bengio, Johnny Mariethoz)
Copyright (c) 2015      Google Inc.
Copyright (c) 2015      Yangqing Jia
Copyright (c) 2013-2016 The Caffe contributors
All rights reserved.

Various files include modifications (c) NVIDIA CORPORATION & AFFILIATES.  All rights reserved.

This container image and its contents are governed by the NVIDIA Deep Learning Container License.
By pulling and using the container, you accept the terms and conditions of this license:
https://developer.nvidia.com/ngc/nvidia-deep-learning-container-license

ERROR: This container was built for NVIDIA Driver Release 545.23 or later, but
       version 470.161.03 was detected and compatibility mode is UNAVAILABLE.

       [[]]

gn1224:1971:1971 [1] NCCL INFO cudaDriverVersion 12030
gn1224:1971:1971 [1] NCCL INFO NCCL_SOCKET_IFNAME set by environment to ib0
gn1224:1971:1971 [1] NCCL INFO Bootstrap : Using ib0:10.100.12.24<0>
gn1224:1971:1971 [1] NCCL INFO NET/Plugin: Failed to find ncclNetPlugin_v7 symbol.
gn1224:1971:1971 [1] NCCL INFO NET/Plugin: Loaded net plugin NCCL RDMA Plugin v6 (v6)
gn1224:1971:1971 [1] NCCL INFO NET/Plugin: Failed to find ncclCollNetPlugin_v7 symbol.
gn1224:1971:1971 [1] NCCL INFO NET/Plugin: Loaded coll plugin SHARP (v6)
gn1224:1971:18649 [1] NCCL INFO Plugin Path : /opt/hpcx/nccl_rdma_sharp_plugin/lib/libnccl-net.so
gn1224:1971:18649 [1] NCCL INFO P2P plugin IBext
gn1224:1971:18649 [1] NCCL INFO NCCL_SOCKET_IFNAME set by environment to ib0
gn1224:1971:18649 [1] NCCL INFO NET/IB : Using [0]mlx5_0:1/IB/SHARP [RO]; OOB ib0:10.100.12.24<0>
gn1224:1971:18649 [1] NCCL INFO Using non-device net plugin version 0
gn1224:1971:18649 [1] NCCL INFO Using network IBext
gn1224:1971:18649 [1] NCCL INFO comm 0x5602d9d2a400 rank 121 nranks 128 cudaDev 1 nvmlDev 1 busId 1c000 commId 0xc30115f52475687c - Init START
gn1224:1971:18649 [1] NCCL INFO NVLS multicast support is not available on dev 1
gn1224:1971:18649 [1] NCCL INFO Trees [0] 122/-1/-1->121->120 [1] 122/-1/-1->121->120
gn1224:1971:18649 [1] NCCL INFO P2P Chunksize set to 131072
gn1224:1971:18649 [1] NCCL INFO Channel 00/0 : 121[1] -> 0[0] [send] via NET/IBext/0/GDRDMA
gn1224:1971:18649 [1] NCCL INFO Channel 01/0 : 121[1] -> 0[0] [send] via NET/IBext/0/GDRDMA
gn1224:1971:18649 [1] NCCL INFO Connected all rings
gn1224:1971:18649 [1] NCCL INFO Channel 00/0 : 121[1] -> 122[2] via P2P/CUMEM
gn1224:1971:18649 [1] NCCL INFO Channel 01/0 : 121[1] -> 122[2] via P2P/CUMEM
gn1224:1971:18649 [1] NCCL INFO Channel 00/0 : 121[1] -> 120[0] via P2P/CUMEM
gn1224:1971:18649 [1] NCCL INFO Channel 01/0 : 121[1] -> 120[0] via P2P/CUMEM
gn1224:1971:18649 [1] NCCL INFO Connected all trees
gn1224:1971:18649 [1] NCCL INFO threadThresholds 8/8/64 | 1024/8/64 | 512 | 512
gn1224:1971:18649 [1] NCCL INFO 2 coll channels, 0 nvls channels, 2 p2p channels, 2 p2p channels per peer
gn1224:1971:18649 [1] NCCL INFO Channel 00/1 : 121[1] -> 124[4] via P2P/indirect/127[7]
gn1224:1971:18649 [1] NCCL INFO Channel 01/1 : 121[1] -> 124[4] via P2P/indirect/127[7]
gn1224:1971:18649 [1] NCCL INFO Channel 00/1 : 121[1] -> 125[5] via P2P/indirect/123[3]
gn1224:1971:18649 [1] NCCL INFO Channel 01/1 : 121[1] -> 125[5] via P2P/indirect/123[3]
gn1224:1971:18649 [1] NCCL INFO Channel 00/1 : 121[1] -> 126[6] via P2P/indirect/120[0]
gn1224:1971:18649 [1] NCCL INFO Channel 01/1 : 121[1] -> 126[6] via P2P/indirect/120[0]
gn1224:1971:18649 [1] NCCL INFO comm 0x5602d9d2a400 rank 121 nranks 128 cudaDev 1 nvmlDev 1 busId 1c000 commId 0xc30115f52475687c - Init COMPLETE
gn1224:1971:25033 [1] NCCL INFO Using non-device net plugin version 0
gn1224:1971:25033 [1] NCCL INFO Using network IBext
gn1224:1971:25033 [1] NCCL INFO comm 0x5602dc830250 rank 25 nranks 32 cudaDev 1 nvmlDev 1 busId 1c000 commId 0x39bb5eaddc5bac6e - Init START
gn1224:1971:25033 [1] NCCL INFO NVLS multicast support is not available on dev 1
gn1224:1971:25033 [1] NCCL INFO Trees [0] 26/-1/-1->25->24 [1] 26/-1/-1->25->24
gn1224:1971:25033 [1] NCCL INFO P2P Chunksize set to 131072
gn1224:1971:25033 [1] NCCL INFO Channel 00/0 : 25[1] -> 0[0] [send] via NET/IBext/0/GDRDMA
gn1224:1971:25033 [1] NCCL INFO Channel 01/0 : 25[1] -> 0[0] [send] via NET/IBext/0/GDRDMA
gn1224:1971:25033 [1] NCCL INFO Connected all rings
gn1224:1971:25033 [1] NCCL INFO Channel 00/0 : 25[1] -> 26[2] via P2P/CUMEM
gn1224:1971:25033 [1] NCCL INFO Channel 01/0 : 25[1] -> 26[2] via P2P/CUMEM
gn1224:1971:25033 [1] NCCL INFO Channel 00/0 : 25[1] -> 24[0] via P2P/CUMEM
gn1224:1971:25033 [1] NCCL INFO Channel 01/0 : 25[1] -> 24[0] via P2P/CUMEM
gn1224:1971:25033 [1] NCCL INFO Connected all trees
gn1224:1971:25033 [1] NCCL INFO threadThresholds 8/8/64 | 256/8/64 | 512 | 512
gn1224:1971:25033 [1] NCCL INFO 2 coll channels, 0 nvls channels, 2 p2p channels, 2 p2p channels per peer
gn1224:1971:25033 [1] NCCL INFO Channel 00/1 : 25[1] -> 28[4] via P2P/indirect/31[7]
gn1224:1971:25033 [1] NCCL INFO Channel 01/1 : 25[1] -> 28[4] via P2P/indirect/31[7]
gn1224:1971:25033 [1] NCCL INFO Channel 00/1 : 25[1] -> 29[5] via P2P/indirect/27[3]
gn1224:1971:25033 [1] NCCL INFO Channel 01/1 : 25[1] -> 29[5] via P2P/indirect/27[3]
gn1224:1971:25033 [1] NCCL INFO Channel 00/1 : 25[1] -> 30[6] via P2P/indirect/24[0]
gn1224:1971:25033 [1] NCCL INFO Channel 01/1 : 25[1] -> 30[6] via P2P/indirect/24[0]
gn1224:1971:25033 [1] NCCL INFO comm 0x5602dc830250 rank 25 nranks 32 cudaDev 1 nvmlDev 1 busId 1c000 commId 0x39bb5eaddc5bac6e - Init COMPLETE
gn1224:1971:26519 [1] NCCL INFO Using non-device net plugin version 0
gn1224:1971:26519 [1] NCCL INFO Using network IBext
gn1224:1971:26519 [1] NCCL INFO comm 0x5602dd6f28d0 rank 3 nranks 4 cudaDev 1 nvmlDev 1 busId 1c000 commId 0x11a5e39bb81adf11 - Init START
gn1224:1971:26519 [1] NCCL INFO Trees [0] -1/-1/-1->3->2 [1] 1/-1/-1->3->-1
gn1224:1971:26519 [1] NCCL INFO P2P Chunksize set to 131072
gn1224:1971:26519 [1] NCCL INFO Channel 00/0 : 2[1] -> 3[1] [receive] via NET/IBext/0/GDRDMA
gn1224:1971:26519 [1] NCCL INFO Channel 01/0 : 2[1] -> 3[1] [receive] via NET/IBext/0/GDRDMA
gn1224:1971:26519 [1] NCCL INFO Channel 00/0 : 3[1] -> 0[1] [send] via NET/IBext/0/GDRDMA
gn1224:1971:26519 [1] NCCL INFO Channel 01/0 : 3[1] -> 0[1] [send] via NET/IBext/0/GDRDMA
gn1224:1971:26519 [1] NCCL INFO Connected all rings
gn1224:1971:26519 [1] NCCL INFO Channel 01/0 : 1[1] -> 3[1] [receive] via NET/IBext/0/GDRDMA
gn1224:1971:26519 [1] NCCL INFO Channel 01/0 : 3[1] -> 1[1] [send] via NET/IBext/0/GDRDMA
gn1224:1971:26519 [1] NCCL INFO Channel 00/0 : 3[1] -> 2[1] [send] via NET/IBext/0/GDRDMA
gn1224:1971:26519 [1] NCCL INFO Connected all trees
gn1224:1971:26519 [1] NCCL INFO threadThresholds 8/8/64 | 32/8/64 | 512 | 512
gn1224:1971:26519 [1] NCCL INFO 2 coll channels, 0 nvls channels, 2 p2p channels, 2 p2p channels per peer
gn1224:1971:26519 [1] NCCL INFO comm 0x5602dd6f28d0 rank 3 nranks 4 cudaDev 1 nvmlDev 1 busId 1c000 commId 0x11a5e39bb81adf11 - Init COMPLETE
gn1224:1971:26549 [1] NCCL INFO Channel 00/1 : 2[1] -> 3[1] [receive] via NET/IBext/0/GDRDMA/Shared
gn1224:1971:26549 [1] NCCL INFO Channel 01/1 : 2[1] -> 3[1] [receive] via NET/IBext/0/GDRDMA/Shared
gn1224:1971:27970 [1] NCCL INFO Using non-device net plugin version 0
gn1224:1971:27970 [1] NCCL INFO Using network IBext
gn1224:1971:27970 [1] NCCL INFO comm 0x5602de4b06c0 rank 1 nranks 8 cudaDev 1 nvmlDev 1 busId 1c000 commId 0x54345b54354120f9 - Init START
gn1224:1971:27970 [1] NCCL INFO NVLS multicast support is not available on dev 1
gn1224:1971:27970 [1] NCCL INFO Trees [0] 7/-1/-1->1->2 [1] 7/-1/-1->1->2 [2] 2/-1/-1->1->7 [3] 2/-1/-1->1->7 [4] 3/-1/-1->1->0 [5] -1/-1/-1->1->3 [6] 7/-1/-1->1->2 [7] 7/-1/-1->1->2 [8] 2/-1/-1->1->7 [9] 2/-1/-1->1->7 [10] 3/-1/-1->1->0 [11] -1/-1/-1->1->3
gn1224:1971:27970 [1] NCCL INFO P2P Chunksize set to 524288
gn1224:1971:27970 [1] NCCL INFO Channel 02/0 : 1[1] -> 2[2] via P2P/CUMEM
gn1224:1971:27970 [1] NCCL INFO Channel 03/0 : 1[1] -> 2[2] via P2P/CUMEM
gn1224:1971:27970 [1] NCCL INFO Channel 08/0 : 1[1] -> 2[2] via P2P/CUMEM
gn1224:1971:27970 [1] NCCL INFO Channel 09/0 : 1[1] -> 2[2] via P2P/CUMEM
gn1224:1971:27970 [1] NCCL INFO Channel 04/0 : 1[1] -> 3[3] via P2P/CUMEM
gn1224:1971:27970 [1] NCCL INFO Channel 10/0 : 1[1] -> 3[3] via P2P/CUMEM
gn1224:1971:27970 [1] NCCL INFO Channel 00/0 : 1[1] -> 7[7] via P2P/CUMEM
gn1224:1971:27970 [1] NCCL INFO Channel 01/0 : 1[1] -> 7[7] via P2P/CUMEM
gn1224:1971:27970 [1] NCCL INFO Channel 06/0 : 1[1] -> 7[7] via P2P/CUMEM
gn1224:1971:27970 [1] NCCL INFO Channel 07/0 : 1[1] -> 7[7] via P2P/CUMEM
gn1224:1971:27970 [1] NCCL INFO Channel 05/0 : 1[1] -> 0[0] via P2P/CUMEM
gn1224:1971:27970 [1] NCCL INFO Channel 11/0 : 1[1] -> 0[0] via P2P/CUMEM
gn1224:1971:27970 [1] NCCL INFO Connected all rings
gn1224:1971:27970 [1] NCCL INFO Channel 00/0 : 1[1] -> 2[2] via P2P/CUMEM
gn1224:1971:27970 [1] NCCL INFO Channel 01/0 : 1[1] -> 2[2] via P2P/CUMEM
gn1224:1971:27970 [1] NCCL INFO Channel 06/0 : 1[1] -> 2[2] via P2P/CUMEM
gn1224:1971:27970 [1] NCCL INFO Channel 07/0 : 1[1] -> 2[2] via P2P/CUMEM
gn1224:1971:27970 [1] NCCL INFO Channel 05/0 : 1[1] -> 3[3] via P2P/CUMEM
gn1224:1971:27970 [1] NCCL INFO Channel 11/0 : 1[1] -> 3[3] via P2P/CUMEM
gn1224:1971:27970 [1] NCCL INFO Channel 02/0 : 1[1] -> 7[7] via P2P/CUMEM
gn1224:1971:27970 [1] NCCL INFO Channel 03/0 : 1[1] -> 7[7] via P2P/CUMEM
gn1224:1971:27970 [1] NCCL INFO Channel 08/0 : 1[1] -> 7[7] via P2P/CUMEM
gn1224:1971:27970 [1] NCCL INFO Channel 09/0 : 1[1] -> 7[7] via P2P/CUMEM
gn1224:1971:27970 [1] NCCL INFO Channel 04/0 : 1[1] -> 0[0] via P2P/CUMEM
gn1224:1971:27970 [1] NCCL INFO Channel 10/0 : 1[1] -> 0[0] via P2P/CUMEM
gn1224:1971:27970 [1] NCCL INFO Connected all trees
gn1224:1971:27970 [1] NCCL INFO threadThresholds 8/8/64 | 64/8/64 | 512 | 512
gn1224:1971:27970 [1] NCCL INFO 12 coll channels, 0 nvls channels, 16 p2p channels, 2 p2p channels per peer
gn1224:1971:27970 [1] NCCL INFO Channel 12/1 : 1[1] -> 4[4] via P2P/indirect/7[7]
gn1224:1971:27970 [1] NCCL INFO Channel 13/1 : 1[1] -> 4[4] via P2P/indirect/7[7]
gn1224:1971:27970 [1] NCCL INFO Channel 02/1 : 1[1] -> 5[5] via P2P/indirect/3[3]
gn1224:1971:27970 [1] NCCL INFO Channel 03/1 : 1[1] -> 5[5] via P2P/indirect/3[3]
gn1224:1971:27970 [1] NCCL INFO Channel 10/1 : 1[1] -> 6[6] via P2P/indirect/0[0]
gn1224:1971:27970 [1] NCCL INFO Channel 11/1 : 1[1] -> 6[6] via P2P/indirect/0[0]
gn1224:1971:27970 [1] NCCL INFO comm 0x5602de4b06c0 rank 1 nranks 8 cudaDev 1 nvmlDev 1 busId 1c000 commId 0x54345b54354120f9 - Init COMPLETE
gn1224:1971:28625 [1] NCCL INFO Using non-device net plugin version 0
gn1224:1971:28625 [1] NCCL INFO Using network IBext
gn1224:1971:28625 [1] NCCL INFO comm 0x5602f033e7a0 rank 3 nranks 4 cudaDev 1 nvmlDev 1 busId 1c000 commId 0xd75c53c83e102c98 - Init START
gn1224:1971:28625 [1] NCCL INFO Trees [0] -1/-1/-1->3->2 [1] 1/-1/-1->3->-1
gn1224:1971:28625 [1] NCCL INFO P2P Chunksize set to 131072
gn1224:1971:28625 [1] NCCL INFO Channel 00/0 : 2[1] -> 3[1] [receive] via NET/IBext/0/GDRDMA
gn1224:1971:28625 [1] NCCL INFO Channel 01/0 : 2[1] -> 3[1] [receive] via NET/IBext/0/GDRDMA
gn1224:1971:28625 [1] NCCL INFO Channel 00/0 : 3[1] -> 0[1] [send] via NET/IBext/0/GDRDMA
gn1224:1971:28625 [1] NCCL INFO Channel 01/0 : 3[1] -> 0[1] [send] via NET/IBext/0/GDRDMA
gn1224:1971:28625 [1] NCCL INFO Connected all rings
gn1224:1971:28625 [1] NCCL INFO Channel 01/0 : 1[1] -> 3[1] [receive] via NET/IBext/0/GDRDMA
gn1224:1971:28625 [1] NCCL INFO Channel 01/0 : 3[1] -> 1[1] [send] via NET/IBext/0/GDRDMA
gn1224:1971:28625 [1] NCCL INFO Channel 00/0 : 3[1] -> 2[1] [send] via NET/IBext/0/GDRDMA
gn1224:1971:28625 [1] NCCL INFO Connected all trees
gn1224:1971:28625 [1] NCCL INFO threadThresholds 8/8/64 | 32/8/64 | 512 | 512
gn1224:1971:28625 [1] NCCL INFO 2 coll channels, 0 nvls channels, 2 p2p channels, 2 p2p channels per peer
gn1224:1971:28625 [1] NCCL INFO comm 0x5602f033e7a0 rank 3 nranks 4 cudaDev 1 nvmlDev 1 busId 1c000 commId 0xd75c53c83e102c98 - Init COMPLETE
gn1224:1971:28995 [1] NCCL INFO Channel 00/1 : 3[1] -> 2[1] [send] via NET/IBext/0/GDRDMA/Shared
gn1224:1971:28995 [1] NCCL INFO Channel 01/1 : 3[1] -> 2[1] [send] via NET/IBext/0/GDRDMA/Shared
gn1224:1971:29142 [1] NCCL INFO Using non-device net plugin version 0
gn1224:1971:29142 [1] NCCL INFO Using network IBext
gn1224:1971:29142 [1] NCCL INFO comm 0x5602f04103b0 rank 3 nranks 4 cudaDev 1 nvmlDev 1 busId 1c000 commId 0xf49d14449e829716 - Init START
gn1224:1971:29142 [1] NCCL INFO Trees [0] -1/-1/-1->3->2 [1] 1/-1/-1->3->-1
gn1224:1971:29142 [1] NCCL INFO P2P Chunksize set to 131072
gn1224:1971:29142 [1] NCCL INFO Channel 00/0 : 2[1] -> 3[1] [receive] via NET/IBext/0/GDRDMA
gn1224:1971:29142 [1] NCCL INFO Channel 01/0 : 2[1] -> 3[1] [receive] via NET/IBext/0/GDRDMA
gn1224:1971:29142 [1] NCCL INFO Channel 00/0 : 3[1] -> 0[1] [send] via NET/IBext/0/GDRDMA
gn1224:1971:29142 [1] NCCL INFO Channel 01/0 : 3[1] -> 0[1] [send] via NET/IBext/0/GDRDMA
gn1224:1971:29142 [1] NCCL INFO Connected all rings
gn1224:1971:29142 [1] NCCL INFO Channel 01/0 : 1[1] -> 3[1] [receive] via NET/IBext/0/GDRDMA
gn1224:1971:29142 [1] NCCL INFO Channel 01/0 : 3[1] -> 1[1] [send] via NET/IBext/0/GDRDMA
gn1224:1971:29142 [1] NCCL INFO Channel 00/0 : 3[1] -> 2[1] [send] via NET/IBext/0/GDRDMA
gn1224:1971:29142 [1] NCCL INFO Connected all trees
gn1224:1971:29142 [1] NCCL INFO threadThresholds 8/8/64 | 32/8/64 | 512 | 512
gn1224:1971:29142 [1] NCCL INFO 2 coll channels, 0 nvls channels, 2 p2p channels, 2 p2p channels per peer
gn1224:1971:29142 [1] NCCL INFO comm 0x5602f04103b0 rank 3 nranks 4 cudaDev 1 nvmlDev 1 busId 1c000 commId 0xf49d14449e829716 - Init COMPLETE
