
=============
== PyTorch ==
=============

NVIDIA Release 24.02 (build 82611821)
PyTorch Version 2.3.0a0+ebedce2
Container image Copyright (c) 2024, NVIDIA CORPORATION & AFFILIATES. All rights reserved.
Copyright (c) 2014-2024 Facebook Inc.
Copyright (c) 2011-2014 Idiap Research Institute (Ronan Collobert)
Copyright (c) 2012-2014 Deepmind Technologies    (Koray Kavukcuoglu)
Copyright (c) 2011-2012 NEC Laboratories America (Koray Kavukcuoglu)
Copyright (c) 2011-2013 NYU                      (Clement Farabet)
Copyright (c) 2006-2010 NEC Laboratories America (Ronan Collobert, Leon Bottou, Iain Melvin, Jason Weston)
Copyright (c) 2006      Idiap Research Institute (Samy Bengio)
Copyright (c) 2001-2004 Idiap Research Institute (Ronan Collobert, Samy Bengio, Johnny Mariethoz)
Copyright (c) 2015      Google Inc.
Copyright (c) 2015      Yangqing Jia
Copyright (c) 2013-2016 The Caffe contributors
All rights reserved.

Various files include modifications (c) NVIDIA CORPORATION & AFFILIATES.  All rights reserved.

This container image and its contents are governed by the NVIDIA Deep Learning Container License.
By pulling and using the container, you accept the terms and conditions of this license:
https://developer.nvidia.com/ngc/nvidia-deep-learning-container-license

ERROR: This container was built for NVIDIA Driver Release 545.23 or later, but
       version 470.161.03 was detected and compatibility mode is UNAVAILABLE.

       [[]]

gn1124:32230:32230 [0] NCCL INFO cudaDriverVersion 12030
gn1124:32230:32230 [0] NCCL INFO NCCL_SOCKET_IFNAME set by environment to ib0
gn1124:32230:32230 [0] NCCL INFO Bootstrap : Using ib0:10.100.11.24<0>
gn1124:32230:32230 [0] NCCL INFO NET/Plugin: Failed to find ncclNetPlugin_v7 symbol.
gn1124:32230:32230 [0] NCCL INFO NET/Plugin: Loaded net plugin NCCL RDMA Plugin v6 (v6)
gn1124:32230:32230 [0] NCCL INFO NET/Plugin: Failed to find ncclCollNetPlugin_v7 symbol.
gn1124:32230:32230 [0] NCCL INFO NET/Plugin: Loaded coll plugin SHARP (v6)
gn1124:32230:13353 [0] NCCL INFO Plugin Path : /opt/hpcx/nccl_rdma_sharp_plugin/lib/libnccl-net.so
gn1124:32230:13353 [0] NCCL INFO P2P plugin IBext
gn1124:32230:13353 [0] NCCL INFO NCCL_SOCKET_IFNAME set by environment to ib0
gn1124:32230:13353 [0] NCCL INFO NET/IB : Using [0]mlx5_0:1/IB/SHARP [RO]; OOB ib0:10.100.11.24<0>
gn1124:32230:13353 [0] NCCL INFO Using non-device net plugin version 0
gn1124:32230:13353 [0] NCCL INFO Using network IBext
gn1124:32230:13353 [0] NCCL INFO comm 0x55bf58475f00 rank 24 nranks 128 cudaDev 0 nvmlDev 0 busId 1b000 commId 0xc30115f52475687c - Init START
gn1124:32230:13353 [0] NCCL INFO NVLS multicast support is not available on dev 0
gn1124:32230:13353 [0] NCCL INFO Trees [0] 25/-1/-1->24->16 [1] 25/8/-1->24->56
gn1124:32230:13353 [0] NCCL INFO P2P Chunksize set to 131072
gn1124:32230:13353 [0] NCCL INFO Channel 00/0 : 24[0] -> 27[3] via P2P/CUMEM
gn1124:32230:13353 [0] NCCL INFO Channel 01/0 : 24[0] -> 27[3] via P2P/CUMEM
gn1124:32230:13353 [0] NCCL INFO Channel 00/0 : 17[1] -> 24[0] [receive] via NET/IBext/0/GDRDMA
gn1124:32230:13353 [0] NCCL INFO Channel 01/0 : 17[1] -> 24[0] [receive] via NET/IBext/0/GDRDMA
gn1124:32230:13353 [0] NCCL INFO Connected all rings
gn1124:32230:13353 [0] NCCL INFO Channel 00/0 : 24[0] -> 25[1] via P2P/CUMEM
gn1124:32230:13353 [0] NCCL INFO Channel 01/0 : 24[0] -> 25[1] via P2P/CUMEM
gn1124:32230:13353 [0] NCCL INFO Channel 00/0 : 16[0] -> 24[0] [receive] via NET/IBext/0/GDRDMA
gn1124:32230:13353 [0] NCCL INFO Channel 01/0 : 8[0] -> 24[0] [receive] via NET/IBext/0/GDRDMA
gn1124:32230:13353 [0] NCCL INFO Channel 01/0 : 24[0] -> 56[0] [send] via NET/IBext/0/GDRDMA
gn1124:32230:13353 [0] NCCL INFO Channel 01/0 : 56[0] -> 24[0] [receive] via NET/IBext/0/GDRDMA
gn1124:32230:13353 [0] NCCL INFO Channel 01/0 : 24[0] -> 8[0] [send] via NET/IBext/0/GDRDMA
gn1124:32230:13353 [0] NCCL INFO Channel 00/0 : 24[0] -> 16[0] [send] via NET/IBext/0/GDRDMA
gn1124:32230:13353 [0] NCCL INFO Connected all trees
gn1124:32230:13353 [0] NCCL INFO threadThresholds 8/8/64 | 1024/8/64 | 512 | 512
gn1124:32230:13353 [0] NCCL INFO 2 coll channels, 0 nvls channels, 2 p2p channels, 2 p2p channels per peer
gn1124:32230:13353 [0] NCCL INFO Channel 00/1 : 24[0] -> 28[4] via P2P/indirect/26[2]
gn1124:32230:13353 [0] NCCL INFO Channel 01/1 : 24[0] -> 28[4] via P2P/indirect/26[2]
gn1124:32230:13353 [0] NCCL INFO Channel 00/1 : 24[0] -> 29[5] via P2P/indirect/30[6]
gn1124:32230:13353 [0] NCCL INFO Channel 01/1 : 24[0] -> 29[5] via P2P/indirect/30[6]
gn1124:32230:13353 [0] NCCL INFO Channel 00/1 : 24[0] -> 31[7] via P2P/indirect/25[1]
gn1124:32230:13353 [0] NCCL INFO Channel 01/1 : 24[0] -> 31[7] via P2P/indirect/25[1]
gn1124:32230:13353 [0] NCCL INFO comm 0x55bf58475f00 rank 24 nranks 128 cudaDev 0 nvmlDev 0 busId 1b000 commId 0xc30115f52475687c - Init COMPLETE
NCCL version 2.19.4+cuda12.3
gn1124:32230:19216 [0] NCCL INFO Using non-device net plugin version 0
gn1124:32230:19216 [0] NCCL INFO Using network IBext
gn1124:32230:19216 [0] NCCL INFO comm 0x55bf5af8e030 rank 0 nranks 32 cudaDev 0 nvmlDev 0 busId 1b000 commId 0x39bb5eaddc5bac6e - Init START
gn1124:32230:19216 [0] NCCL INFO NVLS multicast support is not available on dev 0
gn1124:32230:19216 [0] NCCL INFO Channel 00/02 :    0   3   2   4   5   6   7   1   8  11  10  12  13  14  15   9  16  19  18  20
gn1124:32230:19216 [0] NCCL INFO Channel 01/02 :    0   3   2   4   5   6   7   1   8  11  10  12  13  14  15   9  16  19  18  20
gn1124:32230:19216 [0] NCCL INFO Trees [0] 1/16/-1->0->-1 [1] 1/-1/-1->0->8
gn1124:32230:19216 [0] NCCL INFO P2P Chunksize set to 131072
gn1124:32230:19216 [0] NCCL INFO Channel 00/0 : 0[0] -> 3[3] via P2P/CUMEM
gn1124:32230:19216 [0] NCCL INFO Channel 01/0 : 0[0] -> 3[3] via P2P/CUMEM
gn1124:32230:19216 [0] NCCL INFO Channel 00/0 : 25[1] -> 0[0] [receive] via NET/IBext/0/GDRDMA
gn1124:32230:19216 [0] NCCL INFO Channel 01/0 : 25[1] -> 0[0] [receive] via NET/IBext/0/GDRDMA
gn1124:32230:19216 [0] NCCL INFO Connected all rings
gn1124:32230:19216 [0] NCCL INFO Channel 00/0 : 0[0] -> 1[1] via P2P/CUMEM
gn1124:32230:19216 [0] NCCL INFO Channel 01/0 : 0[0] -> 1[1] via P2P/CUMEM
gn1124:32230:19216 [0] NCCL INFO Channel 01/0 : 0[0] -> 8[0] [send] via NET/IBext/0/GDRDMA
gn1124:32230:19216 [0] NCCL INFO Channel 00/0 : 16[0] -> 0[0] [receive] via NET/IBext/0/GDRDMA
gn1124:32230:19216 [0] NCCL INFO Channel 00/0 : 0[0] -> 16[0] [send] via NET/IBext/0/GDRDMA
gn1124:32230:19216 [0] NCCL INFO Channel 01/0 : 8[0] -> 0[0] [receive] via NET/IBext/0/GDRDMA
gn1124:32230:19216 [0] NCCL INFO Connected all trees
gn1124:32230:19216 [0] NCCL INFO threadThresholds 8/8/64 | 256/8/64 | 512 | 512
gn1124:32230:19216 [0] NCCL INFO 2 coll channels, 0 nvls channels, 2 p2p channels, 2 p2p channels per peer
gn1124:32230:19216 [0] NCCL INFO Channel 00/1 : 0[0] -> 4[4] via P2P/indirect/2[2]
gn1124:32230:19216 [0] NCCL INFO Channel 01/1 : 0[0] -> 4[4] via P2P/indirect/2[2]
gn1124:32230:19216 [0] NCCL INFO Channel 00/1 : 0[0] -> 5[5] via P2P/indirect/6[6]
gn1124:32230:19216 [0] NCCL INFO Channel 01/1 : 0[0] -> 5[5] via P2P/indirect/6[6]
gn1124:32230:19216 [0] NCCL INFO Channel 00/1 : 0[0] -> 7[7] via P2P/indirect/1[1]
gn1124:32230:19216 [0] NCCL INFO Channel 01/1 : 0[0] -> 7[7] via P2P/indirect/1[1]
gn1124:32230:19216 [0] NCCL INFO comm 0x55bf5af8e030 rank 0 nranks 32 cudaDev 0 nvmlDev 0 busId 1b000 commId 0x39bb5eaddc5bac6e - Init COMPLETE
gn1124:32230:19643 [0] NCCL INFO Using non-device net plugin version 0
gn1124:32230:19643 [0] NCCL INFO Using network IBext
gn1124:32230:19643 [0] NCCL INFO comm 0x55bf6559b2c0 rank 0 nranks 8 cudaDev 0 nvmlDev 0 busId 1b000 commId 0x606a6bf689b8b2c7 - Init START
gn1124:32230:19643 [0] NCCL INFO NVLS multicast support is not available on dev 0
gn1124:32230:19643 [0] NCCL INFO Channel 00/12 :    0   3   2   1   7   4   5   6
gn1124:32230:19643 [0] NCCL INFO Channel 01/12 :    0   3   2   1   7   4   5   6
gn1124:32230:19643 [0] NCCL INFO Channel 02/12 :    0   6   5   4   7   1   2   3
gn1124:32230:19643 [0] NCCL INFO Channel 03/12 :    0   6   5   4   7   1   2   3
gn1124:32230:19643 [0] NCCL INFO Channel 04/12 :    0   1   3   5   7   6   4   2
gn1124:32230:19643 [0] NCCL INFO Channel 05/12 :    0   2   4   6   7   5   3   1
gn1124:32230:19643 [0] NCCL INFO Channel 06/12 :    0   3   2   1   7   4   5   6
gn1124:32230:19643 [0] NCCL INFO Channel 07/12 :    0   3   2   1   7   4   5   6
gn1124:32230:19643 [0] NCCL INFO Channel 08/12 :    0   6   5   4   7   1   2   3
gn1124:32230:19643 [0] NCCL INFO Channel 09/12 :    0   6   5   4   7   1   2   3
gn1124:32230:19643 [0] NCCL INFO Channel 10/12 :    0   1   3   5   7   6   4   2
gn1124:32230:19643 [0] NCCL INFO Channel 11/12 :    0   2   4   6   7   5   3   1
gn1124:32230:19643 [0] NCCL INFO Trees [0] 3/-1/-1->0->-1 [1] 3/-1/-1->0->-1 [2] 6/-1/-1->0->-1 [3] 6/-1/-1->0->-1 [4] 1/-1/-1->0->-1 [5] 2/-1/-1->0->-1 [6] 3/-1/-1->0->-1 [7] 3/-1/-1->0->-1 [8] 6/-1/-1->0->-1 [9] 6/-1/-1->0->-1 [10] 1/-1/-1->0->-1 [11] 2/-1/-1->0->-1
gn1124:32230:19643 [0] NCCL INFO P2P Chunksize set to 524288
gn1124:32230:19643 [0] NCCL INFO Channel 04/0 : 0[0] -> 1[1] via P2P/CUMEM
gn1124:32230:19643 [0] NCCL INFO Channel 10/0 : 0[0] -> 1[1] via P2P/CUMEM
gn1124:32230:19643 [0] NCCL INFO Channel 05/0 : 0[0] -> 2[2] via P2P/CUMEM
gn1124:32230:19643 [0] NCCL INFO Channel 11/0 : 0[0] -> 2[2] via P2P/CUMEM
gn1124:32230:19643 [0] NCCL INFO Channel 00/0 : 0[0] -> 3[3] via P2P/CUMEM
gn1124:32230:19643 [0] NCCL INFO Channel 01/0 : 0[0] -> 3[3] via P2P/CUMEM
gn1124:32230:19643 [0] NCCL INFO Channel 06/0 : 0[0] -> 3[3] via P2P/CUMEM
gn1124:32230:19643 [0] NCCL INFO Channel 07/0 : 0[0] -> 3[3] via P2P/CUMEM
gn1124:32230:19643 [0] NCCL INFO Channel 02/0 : 0[0] -> 6[6] via P2P/CUMEM
gn1124:32230:19643 [0] NCCL INFO Channel 03/0 : 0[0] -> 6[6] via P2P/CUMEM
gn1124:32230:19643 [0] NCCL INFO Channel 08/0 : 0[0] -> 6[6] via P2P/CUMEM
gn1124:32230:19643 [0] NCCL INFO Channel 09/0 : 0[0] -> 6[6] via P2P/CUMEM
gn1124:32230:19643 [0] NCCL INFO Connected all rings
gn1124:32230:19643 [0] NCCL INFO Connected all trees
gn1124:32230:19643 [0] NCCL INFO threadThresholds 8/8/64 | 64/8/64 | 512 | 512
gn1124:32230:19643 [0] NCCL INFO 12 coll channels, 0 nvls channels, 16 p2p channels, 2 p2p channels per peer
gn1124:32230:19643 [0] NCCL INFO Channel 02/1 : 0[0] -> 4[4] via P2P/indirect/2[2]
gn1124:32230:19643 [0] NCCL INFO Channel 03/1 : 0[0] -> 4[4] via P2P/indirect/2[2]
gn1124:32230:19643 [0] NCCL INFO Channel 10/1 : 0[0] -> 5[5] via P2P/indirect/6[6]
gn1124:32230:19643 [0] NCCL INFO Channel 11/1 : 0[0] -> 5[5] via P2P/indirect/6[6]
gn1124:32230:19643 [0] NCCL INFO Channel 14/1 : 0[0] -> 7[7] via P2P/indirect/1[1]
gn1124:32230:19643 [0] NCCL INFO Channel 15/1 : 0[0] -> 7[7] via P2P/indirect/1[1]
gn1124:32230:19643 [0] NCCL INFO comm 0x55bf6559b2c0 rank 0 nranks 8 cudaDev 0 nvmlDev 0 busId 1b000 commId 0x606a6bf689b8b2c7 - Init COMPLETE
gn1124:32230:20743 [0] NCCL INFO Using non-device net plugin version 0
gn1124:32230:20743 [0] NCCL INFO Using network IBext
gn1124:32230:20743 [0] NCCL INFO comm 0x55bf6b326310 rank 0 nranks 4 cudaDev 0 nvmlDev 0 busId 1b000 commId 0x572ff44b75be92b8 - Init START
gn1124:32230:20743 [0] NCCL INFO Channel 00/02 :    0   1   2   3
gn1124:32230:20743 [0] NCCL INFO Channel 01/02 :    0   1   2   3
gn1124:32230:20743 [0] NCCL INFO Trees [0] 2/-1/-1->0->-1 [1] -1/-1/-1->0->1
gn1124:32230:20743 [0] NCCL INFO P2P Chunksize set to 131072
gn1124:32230:20743 [0] NCCL INFO Channel 00/0 : 3[0] -> 0[0] [receive] via NET/IBext/0/GDRDMA
gn1124:32230:20743 [0] NCCL INFO Channel 01/0 : 3[0] -> 0[0] [receive] via NET/IBext/0/GDRDMA
gn1124:32230:20743 [0] NCCL INFO Channel 00/0 : 0[0] -> 1[0] [send] via NET/IBext/0/GDRDMA
gn1124:32230:20743 [0] NCCL INFO Channel 01/0 : 0[0] -> 1[0] [send] via NET/IBext/0/GDRDMA
gn1124:32230:20743 [0] NCCL INFO Connected all rings
gn1124:32230:20743 [0] NCCL INFO Channel 00/0 : 2[0] -> 0[0] [receive] via NET/IBext/0/GDRDMA
gn1124:32230:20743 [0] NCCL INFO Channel 00/0 : 0[0] -> 2[0] [send] via NET/IBext/0/GDRDMA
gn1124:32230:20743 [0] NCCL INFO Channel 01/0 : 1[0] -> 0[0] [receive] via NET/IBext/0/GDRDMA
gn1124:32230:20743 [0] NCCL INFO Connected all trees
gn1124:32230:20743 [0] NCCL INFO threadThresholds 8/8/64 | 32/8/64 | 512 | 512
gn1124:32230:20743 [0] NCCL INFO 2 coll channels, 0 nvls channels, 2 p2p channels, 2 p2p channels per peer
gn1124:32230:20743 [0] NCCL INFO comm 0x55bf6b326310 rank 0 nranks 4 cudaDev 0 nvmlDev 0 busId 1b000 commId 0x572ff44b75be92b8 - Init COMPLETE
gn1124:32230:20774 [0] NCCL INFO Channel 00/1 : 0[0] -> 1[0] [send] via NET/IBext/0/GDRDMA/Shared
gn1124:32230:20774 [0] NCCL INFO Channel 01/1 : 0[0] -> 1[0] [send] via NET/IBext/0/GDRDMA/Shared
gn1124:32230:21044 [0] NCCL INFO Channel 00/1 : 1[0] -> 0[0] [receive] via NET/IBext/0/GDRDMA/Shared
gn1124:32230:21044 [0] NCCL INFO Channel 01/1 : 1[0] -> 0[0] [receive] via NET/IBext/0/GDRDMA/Shared
gn1124:32230:24213 [0] NCCL INFO Using non-device net plugin version 0
gn1124:32230:24213 [0] NCCL INFO Using network IBext
gn1124:32230:24213 [0] NCCL INFO comm 0x2ac1affa1e20 rank 3 nranks 4 cudaDev 0 nvmlDev 0 busId 1b000 commId 0x50361a548046e9e5 - Init START
gn1124:32230:24213 [0] NCCL INFO Trees [0] -1/-1/-1->3->2 [1] 1/-1/-1->3->-1
gn1124:32230:24213 [0] NCCL INFO P2P Chunksize set to 131072
gn1124:32230:24213 [0] NCCL INFO Channel 00/0 : 2[0] -> 3[0] [receive] via NET/IBext/0/GDRDMA
gn1124:32230:24213 [0] NCCL INFO Channel 01/0 : 2[0] -> 3[0] [receive] via NET/IBext/0/GDRDMA
gn1124:32230:24213 [0] NCCL INFO Channel 00/0 : 3[0] -> 0[0] [send] via NET/IBext/0/GDRDMA
gn1124:32230:24213 [0] NCCL INFO Channel 01/0 : 3[0] -> 0[0] [send] via NET/IBext/0/GDRDMA
gn1124:32230:24213 [0] NCCL INFO Connected all rings
gn1124:32230:24213 [0] NCCL INFO Channel 01/0 : 1[0] -> 3[0] [receive] via NET/IBext/0/GDRDMA
gn1124:32230:24213 [0] NCCL INFO Channel 01/0 : 3[0] -> 1[0] [send] via NET/IBext/0/GDRDMA
gn1124:32230:24213 [0] NCCL INFO Channel 00/0 : 3[0] -> 2[0] [send] via NET/IBext/0/GDRDMA
gn1124:32230:24213 [0] NCCL INFO Connected all trees
gn1124:32230:24213 [0] NCCL INFO threadThresholds 8/8/64 | 32/8/64 | 512 | 512
gn1124:32230:24213 [0] NCCL INFO 2 coll channels, 0 nvls channels, 2 p2p channels, 2 p2p channels per peer
gn1124:32230:24213 [0] NCCL INFO comm 0x2ac1affa1e20 rank 3 nranks 4 cudaDev 0 nvmlDev 0 busId 1b000 commId 0x50361a548046e9e5 - Init COMPLETE
gn1124:32230:19223 [0] NCCL INFO [Service thread] Connection closed by localRank 6
gn1124:32230:19223 [0] NCCL INFO [Service thread] Connection closed by localRank 1
