
=============
== PyTorch ==
=============

NVIDIA Release 24.02 (build 82611821)
PyTorch Version 2.3.0a0+ebedce2
Container image Copyright (c) 2024, NVIDIA CORPORATION & AFFILIATES. All rights reserved.
Copyright (c) 2014-2024 Facebook Inc.
Copyright (c) 2011-2014 Idiap Research Institute (Ronan Collobert)
Copyright (c) 2012-2014 Deepmind Technologies    (Koray Kavukcuoglu)
Copyright (c) 2011-2012 NEC Laboratories America (Koray Kavukcuoglu)
Copyright (c) 2011-2013 NYU                      (Clement Farabet)
Copyright (c) 2006-2010 NEC Laboratories America (Ronan Collobert, Leon Bottou, Iain Melvin, Jason Weston)
Copyright (c) 2006      Idiap Research Institute (Samy Bengio)
Copyright (c) 2001-2004 Idiap Research Institute (Ronan Collobert, Samy Bengio, Johnny Mariethoz)
Copyright (c) 2015      Google Inc.
Copyright (c) 2015      Yangqing Jia
Copyright (c) 2013-2016 The Caffe contributors
All rights reserved.

Various files include modifications (c) NVIDIA CORPORATION & AFFILIATES.  All rights reserved.

This container image and its contents are governed by the NVIDIA Deep Learning Container License.
By pulling and using the container, you accept the terms and conditions of this license:
https://developer.nvidia.com/ngc/nvidia-deep-learning-container-license

ERROR: This container was built for NVIDIA Driver Release 545.23 or later, but
       version 470.161.03 was detected and compatibility mode is UNAVAILABLE.

       [[]]

gn1201:1892:1892 [0] NCCL INFO cudaDriverVersion 12030
gn1201:1892:1892 [0] NCCL INFO NCCL_SOCKET_IFNAME set by environment to ib0
gn1201:1892:1892 [0] NCCL INFO Bootstrap : Using ib0:10.100.12.1<0>
gn1201:1892:1892 [0] NCCL INFO NET/Plugin: Failed to find ncclNetPlugin_v7 symbol.
gn1201:1892:1892 [0] NCCL INFO NET/Plugin: Loaded net plugin NCCL RDMA Plugin v6 (v6)
gn1201:1892:1892 [0] NCCL INFO NET/Plugin: Failed to find ncclCollNetPlugin_v7 symbol.
gn1201:1892:1892 [0] NCCL INFO NET/Plugin: Loaded coll plugin SHARP (v6)
gn1201:1892:20037 [0] NCCL INFO Plugin Path : /opt/hpcx/nccl_rdma_sharp_plugin/lib/libnccl-net.so
gn1201:1892:20037 [0] NCCL INFO P2P plugin IBext
gn1201:1892:20037 [0] NCCL INFO NCCL_SOCKET_IFNAME set by environment to ib0
gn1201:1892:20037 [0] NCCL INFO NET/IB : Using [0]mlx5_0:1/IB/SHARP [RO]; OOB ib0:10.100.12.1<0>
gn1201:1892:20037 [0] NCCL INFO Using non-device net plugin version 0
gn1201:1892:20037 [0] NCCL INFO Using network IBext
gn1201:1892:20037 [0] NCCL INFO comm 0x557e6fd8e8d0 rank 56 nranks 128 cudaDev 0 nvmlDev 0 busId 1b000 commId 0xc30115f52475687c - Init START
gn1201:1892:20037 [0] NCCL INFO NVLS multicast support is not available on dev 0
gn1201:1892:20037 [0] NCCL INFO Trees [0] 57/-1/-1->56->48 [1] 57/24/-1->56->120
gn1201:1892:20037 [0] NCCL INFO P2P Chunksize set to 131072
gn1201:1892:20037 [0] NCCL INFO Channel 00/0 : 56[0] -> 59[3] via P2P/CUMEM
gn1201:1892:20037 [0] NCCL INFO Channel 01/0 : 56[0] -> 59[3] via P2P/CUMEM
gn1201:1892:20037 [0] NCCL INFO Channel 00/0 : 49[1] -> 56[0] [receive] via NET/IBext/0/GDRDMA
gn1201:1892:20037 [0] NCCL INFO Channel 01/0 : 49[1] -> 56[0] [receive] via NET/IBext/0/GDRDMA
gn1201:1892:20037 [0] NCCL INFO Connected all rings
gn1201:1892:20037 [0] NCCL INFO Channel 00/0 : 56[0] -> 57[1] via P2P/CUMEM
gn1201:1892:20037 [0] NCCL INFO Channel 01/0 : 56[0] -> 57[1] via P2P/CUMEM
gn1201:1892:20037 [0] NCCL INFO Channel 00/0 : 48[0] -> 56[0] [receive] via NET/IBext/0/GDRDMA
gn1201:1892:20037 [0] NCCL INFO Channel 01/0 : 24[0] -> 56[0] [receive] via NET/IBext/0/GDRDMA
gn1201:1892:20037 [0] NCCL INFO Channel 01/0 : 120[0] -> 56[0] [receive] via NET/IBext/0/GDRDMA
gn1201:1892:20037 [0] NCCL INFO Channel 01/0 : 56[0] -> 120[0] [send] via NET/IBext/0/GDRDMA
gn1201:1892:20037 [0] NCCL INFO Channel 01/0 : 56[0] -> 24[0] [send] via NET/IBext/0/GDRDMA
gn1201:1892:20037 [0] NCCL INFO Channel 00/0 : 56[0] -> 48[0] [send] via NET/IBext/0/GDRDMA
gn1201:1892:20037 [0] NCCL INFO Connected all trees
gn1201:1892:20037 [0] NCCL INFO threadThresholds 8/8/64 | 1024/8/64 | 512 | 512
gn1201:1892:20037 [0] NCCL INFO 2 coll channels, 0 nvls channels, 2 p2p channels, 2 p2p channels per peer
gn1201:1892:20037 [0] NCCL INFO Channel 00/1 : 56[0] -> 60[4] via P2P/indirect/58[2]
gn1201:1892:20037 [0] NCCL INFO Channel 01/1 : 56[0] -> 60[4] via P2P/indirect/58[2]
gn1201:1892:20037 [0] NCCL INFO Channel 00/1 : 56[0] -> 61[5] via P2P/indirect/62[6]
gn1201:1892:20037 [0] NCCL INFO Channel 01/1 : 56[0] -> 61[5] via P2P/indirect/62[6]
gn1201:1892:20037 [0] NCCL INFO Channel 00/1 : 56[0] -> 63[7] via P2P/indirect/57[1]
gn1201:1892:20037 [0] NCCL INFO Channel 01/1 : 56[0] -> 63[7] via P2P/indirect/57[1]
gn1201:1892:20037 [0] NCCL INFO comm 0x557e6fd8e8d0 rank 56 nranks 128 cudaDev 0 nvmlDev 0 busId 1b000 commId 0xc30115f52475687c - Init COMPLETE
gn1201:1892:26407 [0] NCCL INFO Using non-device net plugin version 0
gn1201:1892:26407 [0] NCCL INFO Using network IBext
gn1201:1892:26407 [0] NCCL INFO comm 0x557e728bdd30 rank 8 nranks 32 cudaDev 0 nvmlDev 0 busId 1b000 commId 0x39bb5eaddc5bac6e - Init START
gn1201:1892:26407 [0] NCCL INFO NVLS multicast support is not available on dev 0
gn1201:1892:26407 [0] NCCL INFO Trees [0] 9/-1/-1->8->17 [1] 9/0/-1->8->24
gn1201:1892:26407 [0] NCCL INFO P2P Chunksize set to 131072
gn1201:1892:26407 [0] NCCL INFO Channel 00/0 : 8[0] -> 11[3] via P2P/CUMEM
gn1201:1892:26407 [0] NCCL INFO Channel 01/0 : 8[0] -> 11[3] via P2P/CUMEM
gn1201:1892:26407 [0] NCCL INFO Channel 00/0 : 1[1] -> 8[0] [receive] via NET/IBext/0/GDRDMA
gn1201:1892:26407 [0] NCCL INFO Channel 01/0 : 1[1] -> 8[0] [receive] via NET/IBext/0/GDRDMA
gn1201:1892:26407 [0] NCCL INFO Connected all rings
gn1201:1892:26407 [0] NCCL INFO Channel 00/0 : 8[0] -> 9[1] via P2P/CUMEM
gn1201:1892:26407 [0] NCCL INFO Channel 01/0 : 8[0] -> 9[1] via P2P/CUMEM
gn1201:1892:26407 [0] NCCL INFO Channel 01/0 : 0[0] -> 8[0] [receive] via NET/IBext/0/GDRDMA
gn1201:1892:26407 [0] NCCL INFO Channel 00/0 : 8[0] -> 17[1] [send] via NET/IBext/0/GDRDMA
gn1201:1892:26407 [0] NCCL INFO Channel 01/0 : 24[0] -> 8[0] [receive] via NET/IBext/0/GDRDMA
gn1201:1892:26407 [0] NCCL INFO Channel 01/0 : 8[0] -> 24[0] [send] via NET/IBext/0/GDRDMA
gn1201:1892:26407 [0] NCCL INFO Channel 00/0 : 17[1] -> 8[0] [receive] via NET/IBext/0/GDRDMA
gn1201:1892:26407 [0] NCCL INFO Channel 01/0 : 8[0] -> 0[0] [send] via NET/IBext/0/GDRDMA
gn1201:1892:26407 [0] NCCL INFO Connected all trees
gn1201:1892:26407 [0] NCCL INFO threadThresholds 8/8/64 | 256/8/64 | 512 | 512
gn1201:1892:26407 [0] NCCL INFO 2 coll channels, 0 nvls channels, 2 p2p channels, 2 p2p channels per peer
gn1201:1892:26407 [0] NCCL INFO Channel 00/1 : 8[0] -> 12[4] via P2P/indirect/10[2]
gn1201:1892:26407 [0] NCCL INFO Channel 01/1 : 8[0] -> 12[4] via P2P/indirect/10[2]
gn1201:1892:26407 [0] NCCL INFO Channel 00/1 : 8[0] -> 13[5] via P2P/indirect/14[6]
gn1201:1892:26407 [0] NCCL INFO Channel 01/1 : 8[0] -> 13[5] via P2P/indirect/14[6]
gn1201:1892:26407 [0] NCCL INFO Channel 00/1 : 8[0] -> 15[7] via P2P/indirect/9[1]
gn1201:1892:26407 [0] NCCL INFO Channel 01/1 : 8[0] -> 15[7] via P2P/indirect/9[1]
gn1201:1892:26407 [0] NCCL INFO comm 0x557e728bdd30 rank 8 nranks 32 cudaDev 0 nvmlDev 0 busId 1b000 commId 0x39bb5eaddc5bac6e - Init COMPLETE
gn1201:1892:27652 [0] NCCL INFO Using non-device net plugin version 0
gn1201:1892:27652 [0] NCCL INFO Using network IBext
gn1201:1892:27652 [0] NCCL INFO comm 0x557e7376a190 rank 1 nranks 4 cudaDev 0 nvmlDev 0 busId 1b000 commId 0x572ff44b75be92b8 - Init START
gn1201:1892:27652 [0] NCCL INFO Trees [0] -1/-1/-1->1->2 [1] 2/0/-1->1->3
gn1201:1892:27652 [0] NCCL INFO P2P Chunksize set to 131072
gn1201:1892:27652 [0] NCCL INFO Channel 00/0 : 0[0] -> 1[0] [receive] via NET/IBext/0/GDRDMA
gn1201:1892:27652 [0] NCCL INFO Channel 01/0 : 0[0] -> 1[0] [receive] via NET/IBext/0/GDRDMA
gn1201:1892:27652 [0] NCCL INFO Channel 00/0 : 1[0] -> 2[0] [send] via NET/IBext/0/GDRDMA
gn1201:1892:27652 [0] NCCL INFO Channel 01/0 : 1[0] -> 2[0] [send] via NET/IBext/0/GDRDMA
gn1201:1892:27652 [0] NCCL INFO Connected all rings
gn1201:1892:27652 [0] NCCL INFO Channel 01/0 : 3[0] -> 1[0] [receive] via NET/IBext/0/GDRDMA
gn1201:1892:27652 [0] NCCL INFO Channel 01/0 : 1[0] -> 3[0] [send] via NET/IBext/0/GDRDMA
gn1201:1892:27652 [0] NCCL INFO Channel 00/0 : 2[0] -> 1[0] [receive] via NET/IBext/0/GDRDMA
gn1201:1892:27652 [0] NCCL INFO Channel 01/0 : 2[0] -> 1[0] [receive] via NET/IBext/0/GDRDMA
gn1201:1892:27652 [0] NCCL INFO Channel 01/0 : 1[0] -> 0[0] [send] via NET/IBext/0/GDRDMA
gn1201:1892:27652 [0] NCCL INFO Connected all trees
gn1201:1892:27652 [0] NCCL INFO threadThresholds 8/8/64 | 32/8/64 | 512 | 512
gn1201:1892:27652 [0] NCCL INFO 2 coll channels, 0 nvls channels, 2 p2p channels, 2 p2p channels per peer
gn1201:1892:27652 [0] NCCL INFO comm 0x557e7376a190 rank 1 nranks 4 cudaDev 0 nvmlDev 0 busId 1b000 commId 0x572ff44b75be92b8 - Init COMPLETE
gn1201:1892:27771 [0] NCCL INFO Channel 00/1 : 0[0] -> 1[0] [receive] via NET/IBext/0/GDRDMA/Shared
gn1201:1892:27771 [0] NCCL INFO Channel 01/1 : 0[0] -> 1[0] [receive] via NET/IBext/0/GDRDMA/Shared
NCCL version 2.19.4+cuda12.3
gn1201:1892:27779 [0] NCCL INFO Using non-device net plugin version 0
gn1201:1892:27779 [0] NCCL INFO Using network IBext
gn1201:1892:27779 [0] NCCL INFO comm 0x557e74525aa0 rank 0 nranks 8 cudaDev 0 nvmlDev 0 busId 1b000 commId 0xaf9ba0ff1b3208de - Init START
gn1201:1892:27779 [0] NCCL INFO NVLS multicast support is not available on dev 0
gn1201:1892:27779 [0] NCCL INFO Channel 00/12 :    0   3   2   1   7   4   5   6
gn1201:1892:27779 [0] NCCL INFO Channel 01/12 :    0   3   2   1   7   4   5   6
gn1201:1892:27779 [0] NCCL INFO Channel 02/12 :    0   6   5   4   7   1   2   3
gn1201:1892:27779 [0] NCCL INFO Channel 03/12 :    0   6   5   4   7   1   2   3
gn1201:1892:27779 [0] NCCL INFO Channel 04/12 :    0   1   3   5   7   6   4   2
gn1201:1892:27779 [0] NCCL INFO Channel 05/12 :    0   2   4   6   7   5   3   1
gn1201:1892:27779 [0] NCCL INFO Channel 06/12 :    0   3   2   1   7   4   5   6
gn1201:1892:27779 [0] NCCL INFO Channel 07/12 :    0   3   2   1   7   4   5   6
gn1201:1892:27779 [0] NCCL INFO Channel 08/12 :    0   6   5   4   7   1   2   3
gn1201:1892:27779 [0] NCCL INFO Channel 09/12 :    0   6   5   4   7   1   2   3
gn1201:1892:27779 [0] NCCL INFO Channel 10/12 :    0   1   3   5   7   6   4   2
gn1201:1892:27779 [0] NCCL INFO Channel 11/12 :    0   2   4   6   7   5   3   1
gn1201:1892:27779 [0] NCCL INFO Trees [0] 3/-1/-1->0->-1 [1] 3/-1/-1->0->-1 [2] 6/-1/-1->0->-1 [3] 6/-1/-1->0->-1 [4] 1/-1/-1->0->-1 [5] 2/-1/-1->0->-1 [6] 3/-1/-1->0->-1 [7] 3/-1/-1->0->-1 [8] 6/-1/-1->0->-1 [9] 6/-1/-1->0->-1 [10] 1/-1/-1->0->-1 [11] 2/-1/-1->0->-1
gn1201:1892:27779 [0] NCCL INFO P2P Chunksize set to 524288
gn1201:1892:27779 [0] NCCL INFO Channel 04/0 : 0[0] -> 1[1] via P2P/CUMEM
gn1201:1892:27779 [0] NCCL INFO Channel 10/0 : 0[0] -> 1[1] via P2P/CUMEM
gn1201:1892:27779 [0] NCCL INFO Channel 05/0 : 0[0] -> 2[2] via P2P/CUMEM
gn1201:1892:27779 [0] NCCL INFO Channel 11/0 : 0[0] -> 2[2] via P2P/CUMEM
gn1201:1892:27779 [0] NCCL INFO Channel 00/0 : 0[0] -> 3[3] via P2P/CUMEM
gn1201:1892:27779 [0] NCCL INFO Channel 01/0 : 0[0] -> 3[3] via P2P/CUMEM
gn1201:1892:27779 [0] NCCL INFO Channel 06/0 : 0[0] -> 3[3] via P2P/CUMEM
gn1201:1892:27779 [0] NCCL INFO Channel 07/0 : 0[0] -> 3[3] via P2P/CUMEM
gn1201:1892:27779 [0] NCCL INFO Channel 02/0 : 0[0] -> 6[6] via P2P/CUMEM
gn1201:1892:27779 [0] NCCL INFO Channel 03/0 : 0[0] -> 6[6] via P2P/CUMEM
gn1201:1892:27779 [0] NCCL INFO Channel 08/0 : 0[0] -> 6[6] via P2P/CUMEM
gn1201:1892:27779 [0] NCCL INFO Channel 09/0 : 0[0] -> 6[6] via P2P/CUMEM
gn1201:1892:27779 [0] NCCL INFO Connected all rings
gn1201:1892:27779 [0] NCCL INFO Connected all trees
gn1201:1892:27779 [0] NCCL INFO threadThresholds 8/8/64 | 64/8/64 | 512 | 512
gn1201:1892:27779 [0] NCCL INFO 12 coll channels, 0 nvls channels, 16 p2p channels, 2 p2p channels per peer
gn1201:1892:27779 [0] NCCL INFO Channel 02/1 : 0[0] -> 4[4] via P2P/indirect/2[2]
gn1201:1892:27779 [0] NCCL INFO Channel 03/1 : 0[0] -> 4[4] via P2P/indirect/2[2]
gn1201:1892:27779 [0] NCCL INFO Channel 10/1 : 0[0] -> 5[5] via P2P/indirect/6[6]
gn1201:1892:27779 [0] NCCL INFO Channel 11/1 : 0[0] -> 5[5] via P2P/indirect/6[6]
gn1201:1892:27779 [0] NCCL INFO Channel 14/1 : 0[0] -> 7[7] via P2P/indirect/1[1]
gn1201:1892:27779 [0] NCCL INFO Channel 15/1 : 0[0] -> 7[7] via P2P/indirect/1[1]
gn1201:1892:27779 [0] NCCL INFO comm 0x557e74525aa0 rank 0 nranks 8 cudaDev 0 nvmlDev 0 busId 1b000 commId 0xaf9ba0ff1b3208de - Init COMPLETE
gn1201:1892:28670 [0] NCCL INFO Channel 00/1 : 1[0] -> 2[0] [send] via NET/IBext/0/GDRDMA/Shared
gn1201:1892:28670 [0] NCCL INFO Channel 01/1 : 1[0] -> 2[0] [send] via NET/IBext/0/GDRDMA/Shared
gn1201:1892:28757 [0] NCCL INFO Channel 00/1 : 2[0] -> 1[0] [receive] via NET/IBext/0/GDRDMA/Shared
gn1201:1892:28757 [0] NCCL INFO Channel 01/1 : 2[0] -> 1[0] [receive] via NET/IBext/0/GDRDMA/Shared
gn1201:1892:30620 [0] NCCL INFO Channel 00/1 : 1[0] -> 0[0] [send] via NET/IBext/0/GDRDMA/Shared
gn1201:1892:30620 [0] NCCL INFO Channel 01/1 : 1[0] -> 0[0] [send] via NET/IBext/0/GDRDMA/Shared
gn1201:1892:30801 [0] NCCL INFO Using non-device net plugin version 0
gn1201:1892:30801 [0] NCCL INFO Using network IBext
gn1201:1892:30801 [0] NCCL INFO comm 0x557e794b55c0 rank 3 nranks 4 cudaDev 0 nvmlDev 0 busId 1b000 commId 0xd761f3204dcde90b - Init START
gn1201:1892:30801 [0] NCCL INFO Trees [0] -1/-1/-1->3->2 [1] 1/-1/-1->3->-1
gn1201:1892:30801 [0] NCCL INFO P2P Chunksize set to 131072
gn1201:1892:30801 [0] NCCL INFO Channel 00/0 : 2[0] -> 3[0] [receive] via NET/IBext/0/GDRDMA
gn1201:1892:30801 [0] NCCL INFO Channel 01/0 : 2[0] -> 3[0] [receive] via NET/IBext/0/GDRDMA
gn1201:1892:30801 [0] NCCL INFO Channel 00/0 : 3[0] -> 0[0] [send] via NET/IBext/0/GDRDMA
gn1201:1892:30801 [0] NCCL INFO Channel 01/0 : 3[0] -> 0[0] [send] via NET/IBext/0/GDRDMA
gn1201:1892:30801 [0] NCCL INFO Connected all rings
gn1201:1892:30801 [0] NCCL INFO Channel 01/0 : 1[0] -> 3[0] [receive] via NET/IBext/0/GDRDMA
gn1201:1892:30801 [0] NCCL INFO Channel 01/0 : 3[0] -> 1[0] [send] via NET/IBext/0/GDRDMA
gn1201:1892:30801 [0] NCCL INFO Channel 00/0 : 3[0] -> 2[0] [send] via NET/IBext/0/GDRDMA
gn1201:1892:30801 [0] NCCL INFO Connected all trees
gn1201:1892:30801 [0] NCCL INFO threadThresholds 8/8/64 | 32/8/64 | 512 | 512
gn1201:1892:30801 [0] NCCL INFO 2 coll channels, 0 nvls channels, 2 p2p channels, 2 p2p channels per peer
gn1201:1892:30801 [0] NCCL INFO comm 0x557e794b55c0 rank 3 nranks 4 cudaDev 0 nvmlDev 0 busId 1b000 commId 0xd761f3204dcde90b - Init COMPLETE
gn1201:1892:30877 [0] NCCL INFO [Service thread] Connection closed by localRank 0
gn1201:1892:1892 [0] NCCL INFO comm 0x557e794b55c0 rank 3 nranks 4 cudaDev 0 busId 1b000 - Abort COMPLETE
gn1201:1892:26508 [0] NCCL INFO [Service thread] Connection closed by localRank 0
gn1201:1892:26508 [0] NCCL INFO [Service thread] Connection closed by localRank 1
gn1201:1892:26508 [0] NCCL INFO [Service thread] Connection closed by localRank 6
gn1201:1892:26508 [0] NCCL INFO [Service thread] Connection closed by localRank 2
gn1201:1892:20286 [0] NCCL INFO [Service thread] Connection closed by localRank 6
gn1201:1892:26508 [0] NCCL INFO [Service thread] Connection closed by localRank 3
gn1201:1892:20286 [0] NCCL INFO [Service thread] Connection closed by localRank 2
gn1201:1892:20286 [0] NCCL INFO [Service thread] Connection closed by localRank 1
gn1201:1892:1892 [0] NCCL INFO comm 0x557e728bdd30 rank 8 nranks 32 cudaDev 0 busId 1b000 - Abort COMPLETE
gn1201:1892:20286 [0] NCCL INFO [Service thread] Connection closed by localRank 0
gn1201:1892:20286 [0] NCCL INFO [Service thread] Connection closed by localRank 3
gn1201:1892:1892 [0] NCCL INFO comm 0x557e6fd8e8d0 rank 56 nranks 128 cudaDev 0 busId 1b000 - Abort COMPLETE
