
=============
== PyTorch ==
=============

NVIDIA Release 24.02 (build 82611821)
PyTorch Version 2.3.0a0+ebedce2
Container image Copyright (c) 2024, NVIDIA CORPORATION & AFFILIATES. All rights reserved.
Copyright (c) 2014-2024 Facebook Inc.
Copyright (c) 2011-2014 Idiap Research Institute (Ronan Collobert)
Copyright (c) 2012-2014 Deepmind Technologies    (Koray Kavukcuoglu)
Copyright (c) 2011-2012 NEC Laboratories America (Koray Kavukcuoglu)
Copyright (c) 2011-2013 NYU                      (Clement Farabet)
Copyright (c) 2006-2010 NEC Laboratories America (Ronan Collobert, Leon Bottou, Iain Melvin, Jason Weston)
Copyright (c) 2006      Idiap Research Institute (Samy Bengio)
Copyright (c) 2001-2004 Idiap Research Institute (Ronan Collobert, Samy Bengio, Johnny Mariethoz)
Copyright (c) 2015      Google Inc.
Copyright (c) 2015      Yangqing Jia
Copyright (c) 2013-2016 The Caffe contributors
All rights reserved.

Various files include modifications (c) NVIDIA CORPORATION & AFFILIATES.  All rights reserved.

This container image and its contents are governed by the NVIDIA Deep Learning Container License.
By pulling and using the container, you accept the terms and conditions of this license:
https://developer.nvidia.com/ngc/nvidia-deep-learning-container-license

ERROR: This container was built for NVIDIA Driver Release 545.23 or later, but
       version 470.161.03 was detected and compatibility mode is UNAVAILABLE.

       [[]]

gn1222:24989:24989 [4] NCCL INFO cudaDriverVersion 12030
gn1222:24989:24989 [4] NCCL INFO NCCL_SOCKET_IFNAME set by environment to ib0
gn1222:24989:24989 [4] NCCL INFO Bootstrap : Using ib0:10.100.12.22<0>
gn1222:24989:24989 [4] NCCL INFO NET/Plugin: Failed to find ncclNetPlugin_v7 symbol.
gn1222:24989:24989 [4] NCCL INFO NET/Plugin: Loaded net plugin NCCL RDMA Plugin v6 (v6)
gn1222:24989:24989 [4] NCCL INFO NET/Plugin: Failed to find ncclCollNetPlugin_v7 symbol.
gn1222:24989:24989 [4] NCCL INFO NET/Plugin: Loaded coll plugin SHARP (v6)
gn1222:24989:4998 [4] NCCL INFO Plugin Path : /opt/hpcx/nccl_rdma_sharp_plugin/lib/libnccl-net.so
gn1222:24989:4998 [4] NCCL INFO P2P plugin IBext
gn1222:24989:4998 [4] NCCL INFO NCCL_SOCKET_IFNAME set by environment to ib0
gn1222:24989:4998 [4] NCCL INFO NET/IB : Using [0]mlx5_0:1/IB/SHARP [RO]; OOB ib0:10.100.12.22<0>
gn1222:24989:4998 [4] NCCL INFO Using non-device net plugin version 0
gn1222:24989:4998 [4] NCCL INFO Using network IBext
gn1222:24989:4998 [4] NCCL INFO comm 0x557bc81c3200 rank 108 nranks 128 cudaDev 4 nvmlDev 4 busId b1000 commId 0xc30115f52475687c - Init START
gn1222:24989:4998 [4] NCCL INFO Setting affinity for GPU 4 to 3c0000
gn1222:24989:4998 [4] NCCL INFO NVLS multicast support is not available on dev 4
gn1222:24989:4998 [4] NCCL INFO Trees [0] -1/-1/-1->108->111 [1] -1/-1/-1->108->111
gn1222:24989:4998 [4] NCCL INFO P2P Chunksize set to 131072
gn1222:24989:4998 [4] NCCL INFO Channel 00/0 : 108[4] -> 109[5] via P2P/CUMEM
gn1222:24989:4998 [4] NCCL INFO Channel 01/0 : 108[4] -> 109[5] via P2P/CUMEM
gn1222:24989:4998 [4] NCCL INFO Connected all rings
gn1222:24989:4998 [4] NCCL INFO Channel 00/0 : 108[4] -> 111[7] via P2P/CUMEM
gn1222:24989:4998 [4] NCCL INFO Channel 01/0 : 108[4] -> 111[7] via P2P/CUMEM
gn1222:24989:4998 [4] NCCL INFO Connected all trees
gn1222:24989:4998 [4] NCCL INFO threadThresholds 8/8/64 | 1024/8/64 | 512 | 512
gn1222:24989:4998 [4] NCCL INFO 2 coll channels, 0 nvls channels, 2 p2p channels, 2 p2p channels per peer
gn1222:24989:4998 [4] NCCL INFO Channel 00/1 : 108[4] -> 104[0] via P2P/indirect/110[6]
gn1222:24989:4998 [4] NCCL INFO Channel 01/1 : 108[4] -> 104[0] via P2P/indirect/110[6]
gn1222:24989:4998 [4] NCCL INFO Channel 00/1 : 108[4] -> 105[1] via P2P/indirect/111[7]
gn1222:24989:4998 [4] NCCL INFO Channel 01/1 : 108[4] -> 105[1] via P2P/indirect/111[7]
gn1222:24989:4998 [4] NCCL INFO Channel 00/1 : 108[4] -> 107[3] via P2P/indirect/106[2]
gn1222:24989:4998 [4] NCCL INFO Channel 01/1 : 108[4] -> 107[3] via P2P/indirect/106[2]
gn1222:24989:4998 [4] NCCL INFO comm 0x557bc81c3200 rank 108 nranks 128 cudaDev 4 nvmlDev 4 busId b1000 commId 0xc30115f52475687c - Init COMPLETE
gn1222:24989:11237 [4] NCCL INFO Using non-device net plugin version 0
gn1222:24989:11237 [4] NCCL INFO Using network IBext
gn1222:24989:11237 [4] NCCL INFO comm 0x557bcacd2970 rank 28 nranks 32 cudaDev 4 nvmlDev 4 busId b1000 commId 0x5915742a62b60c1a - Init START
gn1222:24989:11237 [4] NCCL INFO Setting affinity for GPU 4 to 3c0000
gn1222:24989:11237 [4] NCCL INFO NVLS multicast support is not available on dev 4
gn1222:24989:11237 [4] NCCL INFO Trees [0] -1/-1/-1->28->31 [1] -1/-1/-1->28->31
gn1222:24989:11237 [4] NCCL INFO P2P Chunksize set to 131072
gn1222:24989:11237 [4] NCCL INFO Channel 00/0 : 28[4] -> 29[5] via P2P/CUMEM
gn1222:24989:11237 [4] NCCL INFO Channel 01/0 : 28[4] -> 29[5] via P2P/CUMEM
gn1222:24989:11237 [4] NCCL INFO Connected all rings
gn1222:24989:11237 [4] NCCL INFO Channel 00/0 : 28[4] -> 31[7] via P2P/CUMEM
gn1222:24989:11237 [4] NCCL INFO Channel 01/0 : 28[4] -> 31[7] via P2P/CUMEM
gn1222:24989:11237 [4] NCCL INFO Connected all trees
gn1222:24989:11237 [4] NCCL INFO threadThresholds 8/8/64 | 256/8/64 | 512 | 512
gn1222:24989:11237 [4] NCCL INFO 2 coll channels, 0 nvls channels, 2 p2p channels, 2 p2p channels per peer
gn1222:24989:11237 [4] NCCL INFO Channel 00/1 : 28[4] -> 24[0] via P2P/indirect/30[6]
gn1222:24989:11237 [4] NCCL INFO Channel 01/1 : 28[4] -> 24[0] via P2P/indirect/30[6]
gn1222:24989:11237 [4] NCCL INFO Channel 00/1 : 28[4] -> 25[1] via P2P/indirect/31[7]
gn1222:24989:11237 [4] NCCL INFO Channel 01/1 : 28[4] -> 25[1] via P2P/indirect/31[7]
gn1222:24989:11237 [4] NCCL INFO Channel 00/1 : 28[4] -> 27[3] via P2P/indirect/26[2]
gn1222:24989:11237 [4] NCCL INFO Channel 01/1 : 28[4] -> 27[3] via P2P/indirect/26[2]
gn1222:24989:11237 [4] NCCL INFO comm 0x557bcacd2970 rank 28 nranks 32 cudaDev 4 nvmlDev 4 busId b1000 commId 0x5915742a62b60c1a - Init COMPLETE
gn1222:24989:12526 [4] NCCL INFO Using non-device net plugin version 0
gn1222:24989:12526 [4] NCCL INFO Using network IBext
gn1222:24989:12526 [4] NCCL INFO comm 0x557bcbb807d0 rank 3 nranks 4 cudaDev 4 nvmlDev 4 busId b1000 commId 0xaace3332b0c5595b - Init START
gn1222:24989:12526 [4] NCCL INFO Setting affinity for GPU 4 to 3c0000
gn1222:24989:12526 [4] NCCL INFO Trees [0] -1/-1/-1->3->2 [1] 1/-1/-1->3->-1
gn1222:24989:12526 [4] NCCL INFO P2P Chunksize set to 131072
gn1222:24989:12526 [4] NCCL INFO Channel 00/0 : 2[4] -> 3[4] [receive] via NET/IBext/0
gn1222:24989:12526 [4] NCCL INFO Channel 01/0 : 2[4] -> 3[4] [receive] via NET/IBext/0
gn1222:24989:12526 [4] NCCL INFO Channel 00/0 : 3[4] -> 0[4] [send] via NET/IBext/0
gn1222:24989:12526 [4] NCCL INFO Channel 01/0 : 3[4] -> 0[4] [send] via NET/IBext/0
gn1222:24989:12526 [4] NCCL INFO Connected all rings
gn1222:24989:12526 [4] NCCL INFO Channel 01/0 : 1[4] -> 3[4] [receive] via NET/IBext/0
gn1222:24989:12526 [4] NCCL INFO Channel 01/0 : 3[4] -> 1[4] [send] via NET/IBext/0
gn1222:24989:12526 [4] NCCL INFO Channel 00/0 : 3[4] -> 2[4] [send] via NET/IBext/0
gn1222:24989:12526 [4] NCCL INFO Connected all trees
gn1222:24989:12526 [4] NCCL INFO threadThresholds 8/8/64 | 32/8/64 | 512 | 512
gn1222:24989:12526 [4] NCCL INFO 2 coll channels, 0 nvls channels, 2 p2p channels, 2 p2p channels per peer
gn1222:24989:12526 [4] NCCL INFO comm 0x557bcbb807d0 rank 3 nranks 4 cudaDev 4 nvmlDev 4 busId b1000 commId 0xaace3332b0c5595b - Init COMPLETE
gn1222:24989:12690 [4] NCCL INFO Channel 00/1 : 2[4] -> 3[4] [receive] via NET/IBext/0/Shared
gn1222:24989:12690 [4] NCCL INFO Channel 01/1 : 2[4] -> 3[4] [receive] via NET/IBext/0/Shared
gn1222:24989:14126 [4] NCCL INFO Using non-device net plugin version 0
gn1222:24989:14126 [4] NCCL INFO Using network IBext
gn1222:24989:14126 [4] NCCL INFO comm 0x557bcc941e40 rank 4 nranks 8 cudaDev 4 nvmlDev 4 busId b1000 commId 0x6578ecf4d63dca92 - Init START
gn1222:24989:14126 [4] NCCL INFO Setting affinity for GPU 4 to 3c0000
gn1222:24989:14126 [4] NCCL INFO NVLS multicast support is not available on dev 4
gn1222:24989:14126 [4] NCCL INFO Trees [0] 5/-1/-1->4->7 [1] 5/-1/-1->4->7 [2] 7/-1/-1->4->5 [3] 7/-1/-1->4->5 [4] 2/-1/-1->4->6 [5] 6/-1/-1->4->2 [6] 5/-1/-1->4->7 [7] 5/-1/-1->4->7 [8] 7/-1/-1->4->5 [9] 7/-1/-1->4->5 [10] 2/-1/-1->4->6 [11] 6/-1/-1->4->2
gn1222:24989:14126 [4] NCCL INFO P2P Chunksize set to 524288
gn1222:24989:14126 [4] NCCL INFO Channel 00/0 : 4[4] -> 5[5] via P2P/CUMEM
gn1222:24989:14126 [4] NCCL INFO Channel 01/0 : 4[4] -> 5[5] via P2P/CUMEM
gn1222:24989:14126 [4] NCCL INFO Channel 06/0 : 4[4] -> 5[5] via P2P/CUMEM
gn1222:24989:14126 [4] NCCL INFO Channel 07/0 : 4[4] -> 5[5] via P2P/CUMEM
gn1222:24989:14126 [4] NCCL INFO Channel 05/0 : 4[4] -> 6[6] via P2P/CUMEM
gn1222:24989:14126 [4] NCCL INFO Channel 11/0 : 4[4] -> 6[6] via P2P/CUMEM
gn1222:24989:14126 [4] NCCL INFO Channel 02/0 : 4[4] -> 7[7] via P2P/CUMEM
gn1222:24989:14126 [4] NCCL INFO Channel 03/0 : 4[4] -> 7[7] via P2P/CUMEM
gn1222:24989:14126 [4] NCCL INFO Channel 08/0 : 4[4] -> 7[7] via P2P/CUMEM
gn1222:24989:14126 [4] NCCL INFO Channel 09/0 : 4[4] -> 7[7] via P2P/CUMEM
gn1222:24989:14126 [4] NCCL INFO Channel 04/0 : 4[4] -> 2[2] via P2P/CUMEM
gn1222:24989:14126 [4] NCCL INFO Channel 10/0 : 4[4] -> 2[2] via P2P/CUMEM
gn1222:24989:14126 [4] NCCL INFO Connected all rings
gn1222:24989:14126 [4] NCCL INFO Channel 02/0 : 4[4] -> 5[5] via P2P/CUMEM
gn1222:24989:14126 [4] NCCL INFO Channel 03/0 : 4[4] -> 5[5] via P2P/CUMEM
gn1222:24989:14126 [4] NCCL INFO Channel 08/0 : 4[4] -> 5[5] via P2P/CUMEM
gn1222:24989:14126 [4] NCCL INFO Channel 09/0 : 4[4] -> 5[5] via P2P/CUMEM
gn1222:24989:14126 [4] NCCL INFO Channel 04/0 : 4[4] -> 6[6] via P2P/CUMEM
gn1222:24989:14126 [4] NCCL INFO Channel 10/0 : 4[4] -> 6[6] via P2P/CUMEM
gn1222:24989:14126 [4] NCCL INFO Channel 00/0 : 4[4] -> 7[7] via P2P/CUMEM
gn1222:24989:14126 [4] NCCL INFO Channel 01/0 : 4[4] -> 7[7] via P2P/CUMEM
gn1222:24989:14126 [4] NCCL INFO Channel 06/0 : 4[4] -> 7[7] via P2P/CUMEM
gn1222:24989:14126 [4] NCCL INFO Channel 07/0 : 4[4] -> 7[7] via P2P/CUMEM
gn1222:24989:14126 [4] NCCL INFO Channel 05/0 : 4[4] -> 2[2] via P2P/CUMEM
gn1222:24989:14126 [4] NCCL INFO Channel 11/0 : 4[4] -> 2[2] via P2P/CUMEM
gn1222:24989:14126 [4] NCCL INFO Connected all trees
gn1222:24989:14126 [4] NCCL INFO threadThresholds 8/8/64 | 64/8/64 | 512 | 512
gn1222:24989:14126 [4] NCCL INFO 12 coll channels, 0 nvls channels, 16 p2p channels, 2 p2p channels per peer
gn1222:24989:14126 [4] NCCL INFO Channel 02/1 : 4[4] -> 0[0] via P2P/indirect/6[6]
gn1222:24989:14126 [4] NCCL INFO Channel 03/1 : 4[4] -> 0[0] via P2P/indirect/6[6]
gn1222:24989:14126 [4] NCCL INFO Channel 10/1 : 4[4] -> 1[1] via P2P/indirect/7[7]
gn1222:24989:14126 [4] NCCL INFO Channel 11/1 : 4[4] -> 1[1] via P2P/indirect/7[7]
gn1222:24989:14126 [4] NCCL INFO Channel 14/1 : 4[4] -> 3[3] via P2P/indirect/2[2]
gn1222:24989:14126 [4] NCCL INFO Channel 15/1 : 4[4] -> 3[3] via P2P/indirect/2[2]
gn1222:24989:14126 [4] NCCL INFO comm 0x557bcc941e40 rank 4 nranks 8 cudaDev 4 nvmlDev 4 busId b1000 commId 0x6578ecf4d63dca92 - Init COMPLETE
gn1222:24989:14994 [4] NCCL INFO Using non-device net plugin version 0
gn1222:24989:14994 [4] NCCL INFO Using network IBext
gn1222:24989:14994 [4] NCCL INFO comm 0x557bde796f10 rank 1 nranks 4 cudaDev 4 nvmlDev 4 busId b1000 commId 0x8d333b70b07c2865 - Init START
gn1222:24989:14994 [4] NCCL INFO Setting affinity for GPU 4 to 3c0000
gn1222:24989:14994 [4] NCCL INFO Trees [0] -1/-1/-1->1->2 [1] 2/0/-1->1->3
gn1222:24989:14994 [4] NCCL INFO P2P Chunksize set to 131072
gn1222:24989:14994 [4] NCCL INFO Channel 00/0 : 0[4] -> 1[4] [receive] via NET/IBext/0
gn1222:24989:14994 [4] NCCL INFO Channel 01/0 : 0[4] -> 1[4] [receive] via NET/IBext/0
gn1222:24989:14994 [4] NCCL INFO Channel 00/0 : 1[4] -> 2[4] [send] via NET/IBext/0
gn1222:24989:14994 [4] NCCL INFO Channel 01/0 : 1[4] -> 2[4] [send] via NET/IBext/0
gn1222:24989:14994 [4] NCCL INFO Connected all rings
gn1222:24989:14994 [4] NCCL INFO Channel 01/0 : 3[4] -> 1[4] [receive] via NET/IBext/0
gn1222:24989:14994 [4] NCCL INFO Channel 01/0 : 1[4] -> 3[4] [send] via NET/IBext/0
gn1222:24989:14994 [4] NCCL INFO Channel 00/0 : 2[4] -> 1[4] [receive] via NET/IBext/0
gn1222:24989:14994 [4] NCCL INFO Channel 01/0 : 2[4] -> 1[4] [receive] via NET/IBext/0
gn1222:24989:14994 [4] NCCL INFO Channel 01/0 : 1[4] -> 0[4] [send] via NET/IBext/0
gn1222:24989:14994 [4] NCCL INFO Connected all trees
gn1222:24989:14994 [4] NCCL INFO threadThresholds 8/8/64 | 32/8/64 | 512 | 512
gn1222:24989:14994 [4] NCCL INFO 2 coll channels, 0 nvls channels, 2 p2p channels, 2 p2p channels per peer
gn1222:24989:14994 [4] NCCL INFO comm 0x557bde796f10 rank 1 nranks 4 cudaDev 4 nvmlDev 4 busId b1000 commId 0x8d333b70b07c2865 - Init COMPLETE
gn1222:24989:15163 [4] NCCL INFO Channel 00/1 : 3[4] -> 2[4] [send] via NET/IBext/0/Shared
gn1222:24989:15163 [4] NCCL INFO Channel 01/1 : 3[4] -> 2[4] [send] via NET/IBext/0/Shared
gn1222:24989:15418 [4] NCCL INFO Using non-device net plugin version 0
gn1222:24989:15418 [4] NCCL INFO Using network IBext
gn1222:24989:15418 [4] NCCL INFO comm 0x557bde86aee0 rank 1 nranks 4 cudaDev 4 nvmlDev 4 busId b1000 commId 0x60c57046b3097eea - Init START
gn1222:24989:15418 [4] NCCL INFO Setting affinity for GPU 4 to 3c0000
gn1222:24989:15418 [4] NCCL INFO Trees [0] -1/-1/-1->1->2 [1] 2/0/-1->1->3
gn1222:24989:15418 [4] NCCL INFO P2P Chunksize set to 131072
gn1222:24989:15418 [4] NCCL INFO Channel 00/0 : 0[4] -> 1[4] [receive] via NET/IBext/0
gn1222:24989:15418 [4] NCCL INFO Channel 01/0 : 0[4] -> 1[4] [receive] via NET/IBext/0
gn1222:24989:15418 [4] NCCL INFO Channel 00/0 : 1[4] -> 2[4] [send] via NET/IBext/0
gn1222:24989:15418 [4] NCCL INFO Channel 01/0 : 1[4] -> 2[4] [send] via NET/IBext/0
gn1222:24989:15418 [4] NCCL INFO Connected all rings
gn1222:24989:15418 [4] NCCL INFO Channel 01/0 : 3[4] -> 1[4] [receive] via NET/IBext/0
gn1222:24989:15418 [4] NCCL INFO Channel 01/0 : 1[4] -> 3[4] [send] via NET/IBext/0
gn1222:24989:15418 [4] NCCL INFO Channel 00/0 : 2[4] -> 1[4] [receive] via NET/IBext/0
gn1222:24989:15418 [4] NCCL INFO Channel 01/0 : 2[4] -> 1[4] [receive] via NET/IBext/0
gn1222:24989:15418 [4] NCCL INFO Channel 01/0 : 1[4] -> 0[4] [send] via NET/IBext/0
gn1222:24989:15418 [4] NCCL INFO Connected all trees
gn1222:24989:15418 [4] NCCL INFO threadThresholds 8/8/64 | 32/8/64 | 512 | 512
gn1222:24989:15418 [4] NCCL INFO 2 coll channels, 0 nvls channels, 2 p2p channels, 2 p2p channels per peer
gn1222:24989:15418 [4] NCCL INFO comm 0x557bde86aee0 rank 1 nranks 4 cudaDev 4 nvmlDev 4 busId b1000 commId 0x60c57046b3097eea - Init COMPLETE
