
=============
== PyTorch ==
=============

NVIDIA Release 24.02 (build 82611821)
PyTorch Version 2.3.0a0+ebedce2
Container image Copyright (c) 2024, NVIDIA CORPORATION & AFFILIATES. All rights reserved.
Copyright (c) 2014-2024 Facebook Inc.
Copyright (c) 2011-2014 Idiap Research Institute (Ronan Collobert)
Copyright (c) 2012-2014 Deepmind Technologies    (Koray Kavukcuoglu)
Copyright (c) 2011-2012 NEC Laboratories America (Koray Kavukcuoglu)
Copyright (c) 2011-2013 NYU                      (Clement Farabet)
Copyright (c) 2006-2010 NEC Laboratories America (Ronan Collobert, Leon Bottou, Iain Melvin, Jason Weston)
Copyright (c) 2006      Idiap Research Institute (Samy Bengio)
Copyright (c) 2001-2004 Idiap Research Institute (Ronan Collobert, Samy Bengio, Johnny Mariethoz)
Copyright (c) 2015      Google Inc.
Copyright (c) 2015      Yangqing Jia
Copyright (c) 2013-2016 The Caffe contributors
All rights reserved.

Various files include modifications (c) NVIDIA CORPORATION & AFFILIATES.  All rights reserved.

This container image and its contents are governed by the NVIDIA Deep Learning Container License.
By pulling and using the container, you accept the terms and conditions of this license:
https://developer.nvidia.com/ngc/nvidia-deep-learning-container-license

ERROR: This container was built for NVIDIA Driver Release 545.23 or later, but
       version 470.161.03 was detected and compatibility mode is UNAVAILABLE.

       [[]]

gn1122:35626:35626 [3] NCCL INFO cudaDriverVersion 12030
gn1122:35626:35626 [3] NCCL INFO NCCL_SOCKET_IFNAME set by environment to ib0
gn1122:35626:35626 [3] NCCL INFO Bootstrap : Using ib0:10.100.11.22<0>
gn1122:35626:35626 [3] NCCL INFO NET/Plugin: Failed to find ncclNetPlugin_v7 symbol.
gn1122:35626:35626 [3] NCCL INFO NET/Plugin: Loaded net plugin NCCL RDMA Plugin v6 (v6)
gn1122:35626:35626 [3] NCCL INFO NET/Plugin: Failed to find ncclCollNetPlugin_v7 symbol.
gn1122:35626:35626 [3] NCCL INFO NET/Plugin: Loaded coll plugin SHARP (v6)
gn1122:35626:16248 [3] NCCL INFO Plugin Path : /opt/hpcx/nccl_rdma_sharp_plugin/lib/libnccl-net.so
gn1122:35626:16248 [3] NCCL INFO P2P plugin IBext
gn1122:35626:16248 [3] NCCL INFO NCCL_SOCKET_IFNAME set by environment to ib0
gn1122:35626:16248 [3] NCCL INFO NET/IB : Using [0]mlx5_0:1/IB/SHARP [RO]; OOB ib0:10.100.11.22<0>
gn1122:35626:16248 [3] NCCL INFO Using non-device net plugin version 0
gn1122:35626:16248 [3] NCCL INFO Using network IBext
gn1122:35626:16248 [3] NCCL INFO comm 0x563f5c839ce0 rank 11 nranks 128 cudaDev 3 nvmlDev 3 busId 3e000 commId 0xc30115f52475687c - Init START
gn1122:35626:16248 [3] NCCL INFO NVLS multicast support is not available on dev 3
gn1122:35626:16248 [3] NCCL INFO Trees [0] 13/-1/-1->11->10 [1] 13/-1/-1->11->10
gn1122:35626:16248 [3] NCCL INFO P2P Chunksize set to 131072
gn1122:35626:16248 [3] NCCL INFO Channel 00/0 : 11[3] -> 10[2] via P2P/CUMEM
gn1122:35626:16248 [3] NCCL INFO Channel 01/0 : 11[3] -> 10[2] via P2P/CUMEM
gn1122:35626:16248 [3] NCCL INFO Connected all rings
gn1122:35626:16248 [3] NCCL INFO Channel 00/0 : 11[3] -> 13[5] via P2P/CUMEM
gn1122:35626:16248 [3] NCCL INFO Channel 01/0 : 11[3] -> 13[5] via P2P/CUMEM
gn1122:35626:16248 [3] NCCL INFO Connected all trees
gn1122:35626:16248 [3] NCCL INFO threadThresholds 8/8/64 | 1024/8/64 | 512 | 512
gn1122:35626:16248 [3] NCCL INFO 2 coll channels, 0 nvls channels, 2 p2p channels, 2 p2p channels per peer
gn1122:35626:16248 [3] NCCL INFO Channel 00/1 : 11[3] -> 12[4] via P2P/indirect/13[5]
gn1122:35626:16248 [3] NCCL INFO Channel 01/1 : 11[3] -> 12[4] via P2P/indirect/13[5]
gn1122:35626:16248 [3] NCCL INFO Channel 00/1 : 11[3] -> 14[6] via P2P/indirect/8[0]
gn1122:35626:16248 [3] NCCL INFO Channel 01/1 : 11[3] -> 14[6] via P2P/indirect/8[0]
gn1122:35626:16248 [3] NCCL INFO Channel 00/1 : 11[3] -> 15[7] via P2P/indirect/9[1]
gn1122:35626:16248 [3] NCCL INFO Channel 01/1 : 11[3] -> 15[7] via P2P/indirect/9[1]
gn1122:35626:16248 [3] NCCL INFO comm 0x563f5c839ce0 rank 11 nranks 128 cudaDev 3 nvmlDev 3 busId 3e000 commId 0xc30115f52475687c - Init COMPLETE
gn1122:35626:22595 [3] NCCL INFO Using non-device net plugin version 0
gn1122:35626:22595 [3] NCCL INFO Using network IBext
gn1122:35626:22595 [3] NCCL INFO comm 0x563f5f347930 rank 3 nranks 32 cudaDev 3 nvmlDev 3 busId 3e000 commId 0x5915742a62b60c1a - Init START
gn1122:35626:22595 [3] NCCL INFO NVLS multicast support is not available on dev 3
gn1122:35626:22595 [3] NCCL INFO Trees [0] 5/-1/-1->3->2 [1] 5/-1/-1->3->2
gn1122:35626:22595 [3] NCCL INFO P2P Chunksize set to 131072
gn1122:35626:22595 [3] NCCL INFO Channel 00/0 : 3[3] -> 2[2] via P2P/CUMEM
gn1122:35626:22595 [3] NCCL INFO Channel 01/0 : 3[3] -> 2[2] via P2P/CUMEM
gn1122:35626:22595 [3] NCCL INFO Connected all rings
gn1122:35626:22595 [3] NCCL INFO Channel 00/0 : 3[3] -> 5[5] via P2P/CUMEM
gn1122:35626:22595 [3] NCCL INFO Channel 01/0 : 3[3] -> 5[5] via P2P/CUMEM
gn1122:35626:22595 [3] NCCL INFO Connected all trees
gn1122:35626:22595 [3] NCCL INFO threadThresholds 8/8/64 | 256/8/64 | 512 | 512
gn1122:35626:22595 [3] NCCL INFO 2 coll channels, 0 nvls channels, 2 p2p channels, 2 p2p channels per peer
gn1122:35626:22595 [3] NCCL INFO Channel 00/1 : 3[3] -> 4[4] via P2P/indirect/5[5]
gn1122:35626:22595 [3] NCCL INFO Channel 01/1 : 3[3] -> 4[4] via P2P/indirect/5[5]
gn1122:35626:22595 [3] NCCL INFO Channel 00/1 : 3[3] -> 6[6] via P2P/indirect/0[0]
gn1122:35626:22595 [3] NCCL INFO Channel 01/1 : 3[3] -> 6[6] via P2P/indirect/0[0]
gn1122:35626:22595 [3] NCCL INFO Channel 00/1 : 3[3] -> 7[7] via P2P/indirect/1[1]
gn1122:35626:22595 [3] NCCL INFO Channel 01/1 : 3[3] -> 7[7] via P2P/indirect/1[1]
gn1122:35626:22595 [3] NCCL INFO comm 0x563f5f347930 rank 3 nranks 32 cudaDev 3 nvmlDev 3 busId 3e000 commId 0x5915742a62b60c1a - Init COMPLETE
gn1122:35626:23007 [3] NCCL INFO Using non-device net plugin version 0
gn1122:35626:23007 [3] NCCL INFO Using network IBext
gn1122:35626:23007 [3] NCCL INFO comm 0x563f699524c0 rank 3 nranks 8 cudaDev 3 nvmlDev 3 busId 3e000 commId 0x7e6e010fbc1ccc46 - Init START
gn1122:35626:23007 [3] NCCL INFO NVLS multicast support is not available on dev 3
gn1122:35626:23007 [3] NCCL INFO Trees [0] 2/-1/-1->3->0 [1] 2/-1/-1->3->0 [2] -1/-1/-1->3->2 [3] -1/-1/-1->3->2 [4] 5/-1/-1->3->1 [5] 1/-1/-1->3->5 [6] 2/-1/-1->3->0 [7] 2/-1/-1->3->0 [8] -1/-1/-1->3->2 [9] -1/-1/-1->3->2 [10] 5/-1/-1->3->1 [11] 1/-1/-1->3->5
gn1122:35626:23007 [3] NCCL INFO P2P Chunksize set to 524288
gn1122:35626:23007 [3] NCCL INFO Channel 04/0 : 3[3] -> 5[5] via P2P/CUMEM
gn1122:35626:23007 [3] NCCL INFO Channel 10/0 : 3[3] -> 5[5] via P2P/CUMEM
gn1122:35626:23007 [3] NCCL INFO Channel 02/0 : 3[3] -> 0[0] via P2P/CUMEM
gn1122:35626:23007 [3] NCCL INFO Channel 03/0 : 3[3] -> 0[0] via P2P/CUMEM
gn1122:35626:23007 [3] NCCL INFO Channel 08/0 : 3[3] -> 0[0] via P2P/CUMEM
gn1122:35626:23007 [3] NCCL INFO Channel 09/0 : 3[3] -> 0[0] via P2P/CUMEM
gn1122:35626:23007 [3] NCCL INFO Channel 05/0 : 3[3] -> 1[1] via P2P/CUMEM
gn1122:35626:23007 [3] NCCL INFO Channel 11/0 : 3[3] -> 1[1] via P2P/CUMEM
gn1122:35626:23007 [3] NCCL INFO Channel 00/0 : 3[3] -> 2[2] via P2P/CUMEM
gn1122:35626:23007 [3] NCCL INFO Channel 01/0 : 3[3] -> 2[2] via P2P/CUMEM
gn1122:35626:23007 [3] NCCL INFO Channel 06/0 : 3[3] -> 2[2] via P2P/CUMEM
gn1122:35626:23007 [3] NCCL INFO Channel 07/0 : 3[3] -> 2[2] via P2P/CUMEM
gn1122:35626:23007 [3] NCCL INFO Connected all rings
gn1122:35626:23007 [3] NCCL INFO Channel 05/0 : 3[3] -> 5[5] via P2P/CUMEM
gn1122:35626:23007 [3] NCCL INFO Channel 11/0 : 3[3] -> 5[5] via P2P/CUMEM
gn1122:35626:23007 [3] NCCL INFO Channel 00/0 : 3[3] -> 0[0] via P2P/CUMEM
gn1122:35626:23007 [3] NCCL INFO Channel 01/0 : 3[3] -> 0[0] via P2P/CUMEM
gn1122:35626:23007 [3] NCCL INFO Channel 06/0 : 3[3] -> 0[0] via P2P/CUMEM
gn1122:35626:23007 [3] NCCL INFO Channel 07/0 : 3[3] -> 0[0] via P2P/CUMEM
gn1122:35626:23007 [3] NCCL INFO Channel 04/0 : 3[3] -> 1[1] via P2P/CUMEM
gn1122:35626:23007 [3] NCCL INFO Channel 10/0 : 3[3] -> 1[1] via P2P/CUMEM
gn1122:35626:23007 [3] NCCL INFO Channel 02/0 : 3[3] -> 2[2] via P2P/CUMEM
gn1122:35626:23007 [3] NCCL INFO Channel 03/0 : 3[3] -> 2[2] via P2P/CUMEM
gn1122:35626:23007 [3] NCCL INFO Channel 08/0 : 3[3] -> 2[2] via P2P/CUMEM
gn1122:35626:23007 [3] NCCL INFO Channel 09/0 : 3[3] -> 2[2] via P2P/CUMEM
gn1122:35626:23007 [3] NCCL INFO Connected all trees
gn1122:35626:23007 [3] NCCL INFO threadThresholds 8/8/64 | 64/8/64 | 512 | 512
gn1122:35626:23007 [3] NCCL INFO 12 coll channels, 0 nvls channels, 16 p2p channels, 2 p2p channels per peer
gn1122:35626:23007 [3] NCCL INFO Channel 08/1 : 3[3] -> 4[4] via P2P/indirect/5[5]
gn1122:35626:23007 [3] NCCL INFO Channel 09/1 : 3[3] -> 4[4] via P2P/indirect/5[5]
gn1122:35626:23007 [3] NCCL INFO Channel 12/1 : 3[3] -> 6[6] via P2P/indirect/0[0]
gn1122:35626:23007 [3] NCCL INFO Channel 13/1 : 3[3] -> 6[6] via P2P/indirect/0[0]
gn1122:35626:23007 [3] NCCL INFO Channel 02/1 : 3[3] -> 7[7] via P2P/indirect/1[1]
gn1122:35626:23007 [3] NCCL INFO Channel 03/1 : 3[3] -> 7[7] via P2P/indirect/1[1]
gn1122:35626:23007 [3] NCCL INFO comm 0x563f699524c0 rank 3 nranks 8 cudaDev 3 nvmlDev 3 busId 3e000 commId 0x7e6e010fbc1ccc46 - Init COMPLETE
NCCL version 2.19.4+cuda12.3
gn1122:35626:23867 [3] NCCL INFO Using non-device net plugin version 0
gn1122:35626:23867 [3] NCCL INFO Using network IBext
gn1122:35626:23867 [3] NCCL INFO comm 0x563f6f6bb970 rank 0 nranks 4 cudaDev 3 nvmlDev 3 busId 3e000 commId 0xdeba3c4ca0a41f5d - Init START
gn1122:35626:23867 [3] NCCL INFO Channel 00/02 :    0   1   2   3
gn1122:35626:23867 [3] NCCL INFO Channel 01/02 :    0   1   2   3
gn1122:35626:23867 [3] NCCL INFO Trees [0] 2/-1/-1->0->-1 [1] -1/-1/-1->0->1
gn1122:35626:23867 [3] NCCL INFO P2P Chunksize set to 131072
gn1122:35626:23867 [3] NCCL INFO Channel 00/0 : 3[3] -> 0[3] [receive] via NET/IBext/0
gn1122:35626:23867 [3] NCCL INFO Channel 01/0 : 3[3] -> 0[3] [receive] via NET/IBext/0
gn1122:35626:23867 [3] NCCL INFO Channel 00/0 : 0[3] -> 1[3] [send] via NET/IBext/0
gn1122:35626:23867 [3] NCCL INFO Channel 01/0 : 0[3] -> 1[3] [send] via NET/IBext/0
gn1122:35626:23867 [3] NCCL INFO Connected all rings
gn1122:35626:23867 [3] NCCL INFO Channel 00/0 : 2[3] -> 0[3] [receive] via NET/IBext/0
gn1122:35626:23867 [3] NCCL INFO Channel 00/0 : 0[3] -> 2[3] [send] via NET/IBext/0
gn1122:35626:23867 [3] NCCL INFO Channel 01/0 : 1[3] -> 0[3] [receive] via NET/IBext/0
gn1122:35626:23867 [3] NCCL INFO Connected all trees
gn1122:35626:23867 [3] NCCL INFO threadThresholds 8/8/64 | 32/8/64 | 512 | 512
gn1122:35626:23867 [3] NCCL INFO 2 coll channels, 0 nvls channels, 2 p2p channels, 2 p2p channels per peer
gn1122:35626:23867 [3] NCCL INFO comm 0x563f6f6bb970 rank 0 nranks 4 cudaDev 3 nvmlDev 3 busId 3e000 commId 0xdeba3c4ca0a41f5d - Init COMPLETE
gn1122:35626:23943 [3] NCCL INFO Channel 00/1 : 0[3] -> 1[3] [send] via NET/IBext/0/Shared
gn1122:35626:23943 [3] NCCL INFO Channel 01/1 : 0[3] -> 1[3] [send] via NET/IBext/0/Shared
gn1122:35626:24005 [3] NCCL INFO Channel 00/1 : 1[3] -> 0[3] [receive] via NET/IBext/0/Shared
gn1122:35626:24005 [3] NCCL INFO Channel 01/1 : 1[3] -> 0[3] [receive] via NET/IBext/0/Shared
gn1122:35626:27023 [3] NCCL INFO Using non-device net plugin version 0
gn1122:35626:27023 [3] NCCL INFO Using network IBext
gn1122:35626:27023 [3] NCCL INFO comm 0x2b4d5607e260 rank 1 nranks 4 cudaDev 3 nvmlDev 3 busId 3e000 commId 0xda657c375028c347 - Init START
gn1122:35626:27023 [3] NCCL INFO Trees [0] -1/-1/-1->1->2 [1] 2/0/-1->1->3
gn1122:35626:27023 [3] NCCL INFO P2P Chunksize set to 131072
gn1122:35626:27023 [3] NCCL INFO Channel 00/0 : 0[3] -> 1[3] [receive] via NET/IBext/0
gn1122:35626:27023 [3] NCCL INFO Channel 01/0 : 0[3] -> 1[3] [receive] via NET/IBext/0
gn1122:35626:27023 [3] NCCL INFO Channel 00/0 : 1[3] -> 2[3] [send] via NET/IBext/0
gn1122:35626:27023 [3] NCCL INFO Channel 01/0 : 1[3] -> 2[3] [send] via NET/IBext/0
gn1122:35626:27023 [3] NCCL INFO Connected all rings
gn1122:35626:27023 [3] NCCL INFO Channel 01/0 : 3[3] -> 1[3] [receive] via NET/IBext/0
gn1122:35626:27023 [3] NCCL INFO Channel 01/0 : 1[3] -> 3[3] [send] via NET/IBext/0
gn1122:35626:27023 [3] NCCL INFO Channel 00/0 : 2[3] -> 1[3] [receive] via NET/IBext/0
gn1122:35626:27023 [3] NCCL INFO Channel 01/0 : 2[3] -> 1[3] [receive] via NET/IBext/0
gn1122:35626:27023 [3] NCCL INFO Channel 01/0 : 1[3] -> 0[3] [send] via NET/IBext/0
gn1122:35626:27023 [3] NCCL INFO Connected all trees
gn1122:35626:27023 [3] NCCL INFO threadThresholds 8/8/64 | 32/8/64 | 512 | 512
gn1122:35626:27023 [3] NCCL INFO 2 coll channels, 0 nvls channels, 2 p2p channels, 2 p2p channels per peer
gn1122:35626:27023 [3] NCCL INFO comm 0x2b4d5607e260 rank 1 nranks 4 cudaDev 3 nvmlDev 3 busId 3e000 commId 0xda657c375028c347 - Init COMPLETE
gn1122:35626:22604 [3] NCCL INFO [Service thread] Connection closed by localRank 1
