
=============
== PyTorch ==
=============

NVIDIA Release 24.02 (build 82611821)
PyTorch Version 2.3.0a0+ebedce2
Container image Copyright (c) 2024, NVIDIA CORPORATION & AFFILIATES. All rights reserved.
Copyright (c) 2014-2024 Facebook Inc.
Copyright (c) 2011-2014 Idiap Research Institute (Ronan Collobert)
Copyright (c) 2012-2014 Deepmind Technologies    (Koray Kavukcuoglu)
Copyright (c) 2011-2012 NEC Laboratories America (Koray Kavukcuoglu)
Copyright (c) 2011-2013 NYU                      (Clement Farabet)
Copyright (c) 2006-2010 NEC Laboratories America (Ronan Collobert, Leon Bottou, Iain Melvin, Jason Weston)
Copyright (c) 2006      Idiap Research Institute (Samy Bengio)
Copyright (c) 2001-2004 Idiap Research Institute (Ronan Collobert, Samy Bengio, Johnny Mariethoz)
Copyright (c) 2015      Google Inc.
Copyright (c) 2015      Yangqing Jia
Copyright (c) 2013-2016 The Caffe contributors
All rights reserved.

Various files include modifications (c) NVIDIA CORPORATION & AFFILIATES.  All rights reserved.

This container image and its contents are governed by the NVIDIA Deep Learning Container License.
By pulling and using the container, you accept the terms and conditions of this license:
https://developer.nvidia.com/ngc/nvidia-deep-learning-container-license

ERROR: This container was built for NVIDIA Driver Release 545.23 or later, but
       version 470.161.03 was detected and compatibility mode is UNAVAILABLE.

       [[]]

gn1123:2013:2013 [1] NCCL INFO cudaDriverVersion 12030
gn1123:2013:2013 [1] NCCL INFO NCCL_SOCKET_IFNAME set by environment to ib0
gn1123:2013:2013 [1] NCCL INFO Bootstrap : Using ib0:10.100.11.23<0>
gn1123:2013:2013 [1] NCCL INFO NET/Plugin: Failed to find ncclNetPlugin_v7 symbol.
gn1123:2013:2013 [1] NCCL INFO NET/Plugin: Loaded net plugin NCCL RDMA Plugin v6 (v6)
gn1123:2013:2013 [1] NCCL INFO NET/Plugin: Failed to find ncclCollNetPlugin_v7 symbol.
gn1123:2013:2013 [1] NCCL INFO NET/Plugin: Loaded coll plugin SHARP (v6)
gn1123:2013:19085 [1] NCCL INFO Plugin Path : /opt/hpcx/nccl_rdma_sharp_plugin/lib/libnccl-net.so
gn1123:2013:19085 [1] NCCL INFO P2P plugin IBext
gn1123:2013:19085 [1] NCCL INFO NCCL_SOCKET_IFNAME set by environment to ib0
gn1123:2013:19085 [1] NCCL INFO NET/IB : Using [0]mlx5_0:1/IB/SHARP [RO]; OOB ib0:10.100.11.23<0>
gn1123:2013:19085 [1] NCCL INFO Using non-device net plugin version 0
gn1123:2013:19085 [1] NCCL INFO Using network IBext
gn1123:2013:19085 [1] NCCL INFO comm 0x55d6534a5950 rank 17 nranks 128 cudaDev 1 nvmlDev 1 busId 1c000 commId 0xc30115f52475687c - Init START
gn1123:2013:19085 [1] NCCL INFO NVLS multicast support is not available on dev 1
gn1123:2013:19085 [1] NCCL INFO Trees [0] 18/8/-1->17->16 [1] 18/-1/-1->17->16
gn1123:2013:19085 [1] NCCL INFO P2P Chunksize set to 131072
gn1123:2013:19085 [1] NCCL INFO Channel 00/0 : 17[1] -> 24[0] [send] via NET/IBext/0/GDRDMA
gn1123:2013:19085 [1] NCCL INFO Channel 01/0 : 17[1] -> 24[0] [send] via NET/IBext/0/GDRDMA
gn1123:2013:19085 [1] NCCL INFO Connected all rings
gn1123:2013:19085 [1] NCCL INFO Channel 00/0 : 17[1] -> 18[2] via P2P/CUMEM
gn1123:2013:19085 [1] NCCL INFO Channel 01/0 : 17[1] -> 18[2] via P2P/CUMEM
gn1123:2013:19085 [1] NCCL INFO Channel 00/0 : 8[0] -> 17[1] [receive] via NET/IBext/0/GDRDMA
gn1123:2013:19085 [1] NCCL INFO Channel 00/0 : 17[1] -> 8[0] [send] via NET/IBext/0/GDRDMA
gn1123:2013:19085 [1] NCCL INFO Channel 00/0 : 17[1] -> 16[0] via P2P/CUMEM
gn1123:2013:19085 [1] NCCL INFO Channel 01/0 : 17[1] -> 16[0] via P2P/CUMEM
gn1123:2013:19085 [1] NCCL INFO Connected all trees
gn1123:2013:19085 [1] NCCL INFO threadThresholds 8/8/64 | 1024/8/64 | 512 | 512
gn1123:2013:19085 [1] NCCL INFO 2 coll channels, 0 nvls channels, 2 p2p channels, 2 p2p channels per peer
gn1123:2013:19085 [1] NCCL INFO Channel 00/1 : 17[1] -> 20[4] via P2P/indirect/23[7]
gn1123:2013:19085 [1] NCCL INFO Channel 01/1 : 17[1] -> 20[4] via P2P/indirect/23[7]
gn1123:2013:19085 [1] NCCL INFO Channel 00/1 : 17[1] -> 21[5] via P2P/indirect/19[3]
gn1123:2013:19085 [1] NCCL INFO Channel 01/1 : 17[1] -> 21[5] via P2P/indirect/19[3]
gn1123:2013:19085 [1] NCCL INFO Channel 00/1 : 17[1] -> 22[6] via P2P/indirect/16[0]
gn1123:2013:19085 [1] NCCL INFO Channel 01/1 : 17[1] -> 22[6] via P2P/indirect/16[0]
gn1123:2013:19085 [1] NCCL INFO comm 0x55d6534a5950 rank 17 nranks 128 cudaDev 1 nvmlDev 1 busId 1c000 commId 0xc30115f52475687c - Init COMPLETE
gn1123:2013:25270 [1] NCCL INFO Using non-device net plugin version 0
gn1123:2013:25270 [1] NCCL INFO Using network IBext
gn1123:2013:25270 [1] NCCL INFO comm 0x55d655fd6a70 rank 1 nranks 32 cudaDev 1 nvmlDev 1 busId 1c000 commId 0x74bb4c244197332c - Init START
gn1123:2013:25270 [1] NCCL INFO NVLS multicast support is not available on dev 1
gn1123:2013:25270 [1] NCCL INFO Trees [0] 2/-1/-1->1->0 [1] 2/-1/-1->1->0
gn1123:2013:25270 [1] NCCL INFO P2P Chunksize set to 131072
gn1123:2013:25270 [1] NCCL INFO Channel 00/0 : 1[1] -> 8[0] [send] via NET/IBext/0/GDRDMA
gn1123:2013:25270 [1] NCCL INFO Channel 01/0 : 1[1] -> 8[0] [send] via NET/IBext/0/GDRDMA
gn1123:2013:25270 [1] NCCL INFO Connected all rings
gn1123:2013:25270 [1] NCCL INFO Channel 00/0 : 1[1] -> 2[2] via P2P/CUMEM
gn1123:2013:25270 [1] NCCL INFO Channel 01/0 : 1[1] -> 2[2] via P2P/CUMEM
gn1123:2013:25270 [1] NCCL INFO Channel 00/0 : 1[1] -> 0[0] via P2P/CUMEM
gn1123:2013:25270 [1] NCCL INFO Channel 01/0 : 1[1] -> 0[0] via P2P/CUMEM
gn1123:2013:25270 [1] NCCL INFO Connected all trees
gn1123:2013:25270 [1] NCCL INFO threadThresholds 8/8/64 | 256/8/64 | 512 | 512
gn1123:2013:25270 [1] NCCL INFO 2 coll channels, 0 nvls channels, 2 p2p channels, 2 p2p channels per peer
gn1123:2013:25270 [1] NCCL INFO Channel 00/1 : 1[1] -> 4[4] via P2P/indirect/7[7]
gn1123:2013:25270 [1] NCCL INFO Channel 01/1 : 1[1] -> 4[4] via P2P/indirect/7[7]
gn1123:2013:25270 [1] NCCL INFO Channel 00/1 : 1[1] -> 5[5] via P2P/indirect/3[3]
gn1123:2013:25270 [1] NCCL INFO Channel 01/1 : 1[1] -> 5[5] via P2P/indirect/3[3]
gn1123:2013:25270 [1] NCCL INFO Channel 00/1 : 1[1] -> 6[6] via P2P/indirect/0[0]
gn1123:2013:25270 [1] NCCL INFO Channel 01/1 : 1[1] -> 6[6] via P2P/indirect/0[0]
gn1123:2013:25270 [1] NCCL INFO comm 0x55d655fd6a70 rank 1 nranks 32 cudaDev 1 nvmlDev 1 busId 1c000 commId 0x74bb4c244197332c - Init COMPLETE
gn1123:2013:25727 [1] NCCL INFO Using non-device net plugin version 0
gn1123:2013:25727 [1] NCCL INFO Using network IBext
gn1123:2013:25727 [1] NCCL INFO comm 0x55d6605e69a0 rank 1 nranks 8 cudaDev 1 nvmlDev 1 busId 1c000 commId 0x5b93b216bb1e5b5f - Init START
gn1123:2013:25727 [1] NCCL INFO NVLS multicast support is not available on dev 1
gn1123:2013:25727 [1] NCCL INFO Trees [0] 7/-1/-1->1->2 [1] 7/-1/-1->1->2 [2] 2/-1/-1->1->7 [3] 2/-1/-1->1->7 [4] 3/-1/-1->1->0 [5] -1/-1/-1->1->3 [6] 7/-1/-1->1->2 [7] 7/-1/-1->1->2 [8] 2/-1/-1->1->7 [9] 2/-1/-1->1->7 [10] 3/-1/-1->1->0 [11] -1/-1/-1->1->3
gn1123:2013:25727 [1] NCCL INFO P2P Chunksize set to 524288
gn1123:2013:25727 [1] NCCL INFO Channel 02/0 : 1[1] -> 2[2] via P2P/CUMEM
gn1123:2013:25727 [1] NCCL INFO Channel 03/0 : 1[1] -> 2[2] via P2P/CUMEM
gn1123:2013:25727 [1] NCCL INFO Channel 08/0 : 1[1] -> 2[2] via P2P/CUMEM
gn1123:2013:25727 [1] NCCL INFO Channel 09/0 : 1[1] -> 2[2] via P2P/CUMEM
gn1123:2013:25727 [1] NCCL INFO Channel 04/0 : 1[1] -> 3[3] via P2P/CUMEM
gn1123:2013:25727 [1] NCCL INFO Channel 10/0 : 1[1] -> 3[3] via P2P/CUMEM
gn1123:2013:25727 [1] NCCL INFO Channel 00/0 : 1[1] -> 7[7] via P2P/CUMEM
gn1123:2013:25727 [1] NCCL INFO Channel 01/0 : 1[1] -> 7[7] via P2P/CUMEM
gn1123:2013:25727 [1] NCCL INFO Channel 06/0 : 1[1] -> 7[7] via P2P/CUMEM
gn1123:2013:25727 [1] NCCL INFO Channel 07/0 : 1[1] -> 7[7] via P2P/CUMEM
gn1123:2013:25727 [1] NCCL INFO Channel 05/0 : 1[1] -> 0[0] via P2P/CUMEM
gn1123:2013:25727 [1] NCCL INFO Channel 11/0 : 1[1] -> 0[0] via P2P/CUMEM
gn1123:2013:25727 [1] NCCL INFO Connected all rings
gn1123:2013:25727 [1] NCCL INFO Channel 00/0 : 1[1] -> 2[2] via P2P/CUMEM
gn1123:2013:25727 [1] NCCL INFO Channel 01/0 : 1[1] -> 2[2] via P2P/CUMEM
gn1123:2013:25727 [1] NCCL INFO Channel 06/0 : 1[1] -> 2[2] via P2P/CUMEM
gn1123:2013:25727 [1] NCCL INFO Channel 07/0 : 1[1] -> 2[2] via P2P/CUMEM
gn1123:2013:25727 [1] NCCL INFO Channel 05/0 : 1[1] -> 3[3] via P2P/CUMEM
gn1123:2013:25727 [1] NCCL INFO Channel 11/0 : 1[1] -> 3[3] via P2P/CUMEM
gn1123:2013:25727 [1] NCCL INFO Channel 02/0 : 1[1] -> 7[7] via P2P/CUMEM
gn1123:2013:25727 [1] NCCL INFO Channel 03/0 : 1[1] -> 7[7] via P2P/CUMEM
gn1123:2013:25727 [1] NCCL INFO Channel 08/0 : 1[1] -> 7[7] via P2P/CUMEM
gn1123:2013:25727 [1] NCCL INFO Channel 09/0 : 1[1] -> 7[7] via P2P/CUMEM
gn1123:2013:25727 [1] NCCL INFO Channel 04/0 : 1[1] -> 0[0] via P2P/CUMEM
gn1123:2013:25727 [1] NCCL INFO Channel 10/0 : 1[1] -> 0[0] via P2P/CUMEM
gn1123:2013:25727 [1] NCCL INFO Connected all trees
gn1123:2013:25727 [1] NCCL INFO threadThresholds 8/8/64 | 64/8/64 | 512 | 512
gn1123:2013:25727 [1] NCCL INFO 12 coll channels, 0 nvls channels, 16 p2p channels, 2 p2p channels per peer
gn1123:2013:25727 [1] NCCL INFO Channel 12/1 : 1[1] -> 4[4] via P2P/indirect/7[7]
gn1123:2013:25727 [1] NCCL INFO Channel 13/1 : 1[1] -> 4[4] via P2P/indirect/7[7]
gn1123:2013:25727 [1] NCCL INFO Channel 02/1 : 1[1] -> 5[5] via P2P/indirect/3[3]
gn1123:2013:25727 [1] NCCL INFO Channel 03/1 : 1[1] -> 5[5] via P2P/indirect/3[3]
gn1123:2013:25727 [1] NCCL INFO Channel 10/1 : 1[1] -> 6[6] via P2P/indirect/0[0]
gn1123:2013:25727 [1] NCCL INFO Channel 11/1 : 1[1] -> 6[6] via P2P/indirect/0[0]
gn1123:2013:25727 [1] NCCL INFO comm 0x55d6605e69a0 rank 1 nranks 8 cudaDev 1 nvmlDev 1 busId 1c000 commId 0x5b93b216bb1e5b5f - Init COMPLETE
NCCL version 2.19.4+cuda12.3
gn1123:2013:26476 [1] NCCL INFO Using non-device net plugin version 0
gn1123:2013:26476 [1] NCCL INFO Using network IBext
gn1123:2013:26476 [1] NCCL INFO comm 0x55d66636e9e0 rank 0 nranks 4 cudaDev 1 nvmlDev 1 busId 1c000 commId 0xb7fbe158d0c7c3b9 - Init START
gn1123:2013:26476 [1] NCCL INFO Channel 00/02 :    0   1   2   3
gn1123:2013:26476 [1] NCCL INFO Channel 01/02 :    0   1   2   3
gn1123:2013:26476 [1] NCCL INFO Trees [0] 2/-1/-1->0->-1 [1] -1/-1/-1->0->1
gn1123:2013:26476 [1] NCCL INFO P2P Chunksize set to 131072
gn1123:2013:26476 [1] NCCL INFO Channel 00/0 : 3[1] -> 0[1] [receive] via NET/IBext/0/GDRDMA
gn1123:2013:26476 [1] NCCL INFO Channel 01/0 : 3[1] -> 0[1] [receive] via NET/IBext/0/GDRDMA
gn1123:2013:26476 [1] NCCL INFO Channel 00/0 : 0[1] -> 1[1] [send] via NET/IBext/0/GDRDMA
gn1123:2013:26476 [1] NCCL INFO Channel 01/0 : 0[1] -> 1[1] [send] via NET/IBext/0/GDRDMA
gn1123:2013:26476 [1] NCCL INFO Connected all rings
gn1123:2013:26476 [1] NCCL INFO Channel 00/0 : 2[1] -> 0[1] [receive] via NET/IBext/0/GDRDMA
gn1123:2013:26476 [1] NCCL INFO Channel 00/0 : 0[1] -> 2[1] [send] via NET/IBext/0/GDRDMA
gn1123:2013:26476 [1] NCCL INFO Channel 01/0 : 1[1] -> 0[1] [receive] via NET/IBext/0/GDRDMA
gn1123:2013:26476 [1] NCCL INFO Connected all trees
gn1123:2013:26476 [1] NCCL INFO threadThresholds 8/8/64 | 32/8/64 | 512 | 512
gn1123:2013:26476 [1] NCCL INFO 2 coll channels, 0 nvls channels, 2 p2p channels, 2 p2p channels per peer
gn1123:2013:26476 [1] NCCL INFO comm 0x55d66636e9e0 rank 0 nranks 4 cudaDev 1 nvmlDev 1 busId 1c000 commId 0xb7fbe158d0c7c3b9 - Init COMPLETE
gn1123:2013:26561 [1] NCCL INFO Channel 00/1 : 0[1] -> 1[1] [send] via NET/IBext/0/GDRDMA/Shared
gn1123:2013:26561 [1] NCCL INFO Channel 01/1 : 0[1] -> 1[1] [send] via NET/IBext/0/GDRDMA/Shared
gn1123:2013:26705 [1] NCCL INFO Channel 00/1 : 1[1] -> 0[1] [receive] via NET/IBext/0/GDRDMA/Shared
gn1123:2013:26705 [1] NCCL INFO Channel 01/1 : 1[1] -> 0[1] [receive] via NET/IBext/0/GDRDMA/Shared
gn1123:2013:29929 [1] NCCL INFO Using non-device net plugin version 0
gn1123:2013:29929 [1] NCCL INFO Using network IBext
gn1123:2013:29929 [1] NCCL INFO comm 0x2b7e9c561f70 rank 2 nranks 4 cudaDev 1 nvmlDev 1 busId 1c000 commId 0x2a72ba641cbd9f5c - Init START
gn1123:2013:29929 [1] NCCL INFO Trees [0] 1/3/-1->2->0 [1] -1/-1/-1->2->1
gn1123:2013:29929 [1] NCCL INFO P2P Chunksize set to 131072
gn1123:2013:29929 [1] NCCL INFO Channel 00/0 : 1[1] -> 2[1] [receive] via NET/IBext/0/GDRDMA
gn1123:2013:29929 [1] NCCL INFO Channel 01/0 : 1[1] -> 2[1] [receive] via NET/IBext/0/GDRDMA
gn1123:2013:29929 [1] NCCL INFO Channel 00/0 : 2[1] -> 3[1] [send] via NET/IBext/0/GDRDMA
gn1123:2013:29929 [1] NCCL INFO Channel 01/0 : 2[1] -> 3[1] [send] via NET/IBext/0/GDRDMA
gn1123:2013:29929 [1] NCCL INFO Connected all rings
gn1123:2013:29929 [1] NCCL INFO Channel 00/0 : 0[1] -> 2[1] [receive] via NET/IBext/0/GDRDMA
gn1123:2013:29929 [1] NCCL INFO Channel 00/0 : 2[1] -> 0[1] [send] via NET/IBext/0/GDRDMA
gn1123:2013:29929 [1] NCCL INFO Channel 00/0 : 3[1] -> 2[1] [receive] via NET/IBext/0/GDRDMA
gn1123:2013:29929 [1] NCCL INFO Channel 00/0 : 2[1] -> 1[1] [send] via NET/IBext/0/GDRDMA
gn1123:2013:29929 [1] NCCL INFO Channel 01/0 : 2[1] -> 1[1] [send] via NET/IBext/0/GDRDMA
gn1123:2013:29929 [1] NCCL INFO Connected all trees
gn1123:2013:29929 [1] NCCL INFO threadThresholds 8/8/64 | 32/8/64 | 512 | 512
gn1123:2013:29929 [1] NCCL INFO 2 coll channels, 0 nvls channels, 2 p2p channels, 2 p2p channels per peer
gn1123:2013:29929 [1] NCCL INFO comm 0x2b7e9c561f70 rank 2 nranks 4 cudaDev 1 nvmlDev 1 busId 1c000 commId 0x2a72ba641cbd9f5c - Init COMPLETE
gn1123:2013:29939 [1] NCCL INFO [Service thread] Connection closed by localRank 0
gn1123:2013:25299 [1] NCCL INFO [Service thread] Connection closed by localRank 7
gn1123:2013:2013 [1] NCCL INFO comm 0x2b7e9c561f70 rank 2 nranks 4 cudaDev 1 busId 1c000 - Abort COMPLETE
gn1123:2013:25299 [1] NCCL INFO [Service thread] Connection closed by localRank 1
