
=============
== PyTorch ==
=============

NVIDIA Release 24.02 (build 82611821)
PyTorch Version 2.3.0a0+ebedce2
Container image Copyright (c) 2024, NVIDIA CORPORATION & AFFILIATES. All rights reserved.
Copyright (c) 2014-2024 Facebook Inc.
Copyright (c) 2011-2014 Idiap Research Institute (Ronan Collobert)
Copyright (c) 2012-2014 Deepmind Technologies    (Koray Kavukcuoglu)
Copyright (c) 2011-2012 NEC Laboratories America (Koray Kavukcuoglu)
Copyright (c) 2011-2013 NYU                      (Clement Farabet)
Copyright (c) 2006-2010 NEC Laboratories America (Ronan Collobert, Leon Bottou, Iain Melvin, Jason Weston)
Copyright (c) 2006      Idiap Research Institute (Samy Bengio)
Copyright (c) 2001-2004 Idiap Research Institute (Ronan Collobert, Samy Bengio, Johnny Mariethoz)
Copyright (c) 2015      Google Inc.
Copyright (c) 2015      Yangqing Jia
Copyright (c) 2013-2016 The Caffe contributors
All rights reserved.

Various files include modifications (c) NVIDIA CORPORATION & AFFILIATES.  All rights reserved.

This container image and its contents are governed by the NVIDIA Deep Learning Container License.
By pulling and using the container, you accept the terms and conditions of this license:
https://developer.nvidia.com/ngc/nvidia-deep-learning-container-license

ERROR: This container was built for NVIDIA Driver Release 545.23 or later, but
       version 470.161.03 was detected and compatibility mode is UNAVAILABLE.

       [[]]

gn1125:20305:20305 [3] NCCL INFO cudaDriverVersion 12030
gn1125:20305:20305 [3] NCCL INFO NCCL_SOCKET_IFNAME set by environment to ib0
gn1125:20305:20305 [3] NCCL INFO Bootstrap : Using ib0:10.100.11.25<0>
gn1125:20305:20305 [3] NCCL INFO NET/Plugin: Failed to find ncclNetPlugin_v7 symbol.
gn1125:20305:20305 [3] NCCL INFO NET/Plugin: Loaded net plugin NCCL RDMA Plugin v6 (v6)
gn1125:20305:20305 [3] NCCL INFO NET/Plugin: Failed to find ncclCollNetPlugin_v7 symbol.
gn1125:20305:20305 [3] NCCL INFO NET/Plugin: Loaded coll plugin SHARP (v6)
gn1125:20305:301 [3] NCCL INFO Plugin Path : /opt/hpcx/nccl_rdma_sharp_plugin/lib/libnccl-net.so
gn1125:20305:301 [3] NCCL INFO P2P plugin IBext
gn1125:20305:301 [3] NCCL INFO NCCL_SOCKET_IFNAME set by environment to ib0
gn1125:20305:301 [3] NCCL INFO NET/IB : Using [0]mlx5_0:1/IB/SHARP [RO]; OOB ib0:10.100.11.25<0>
gn1125:20305:301 [3] NCCL INFO Using non-device net plugin version 0
gn1125:20305:301 [3] NCCL INFO Using network IBext
gn1125:20305:301 [3] NCCL INFO comm 0x559cb8388be0 rank 35 nranks 128 cudaDev 3 nvmlDev 3 busId 3e000 commId 0xc30115f52475687c - Init START
gn1125:20305:301 [3] NCCL INFO NVLS multicast support is not available on dev 3
gn1125:20305:301 [3] NCCL INFO Trees [0] 37/-1/-1->35->34 [1] 37/-1/-1->35->34
gn1125:20305:301 [3] NCCL INFO P2P Chunksize set to 131072
gn1125:20305:301 [3] NCCL INFO Channel 00/0 : 35[3] -> 34[2] via P2P/CUMEM
gn1125:20305:301 [3] NCCL INFO Channel 01/0 : 35[3] -> 34[2] via P2P/CUMEM
gn1125:20305:301 [3] NCCL INFO Connected all rings
gn1125:20305:301 [3] NCCL INFO Channel 00/0 : 35[3] -> 37[5] via P2P/CUMEM
gn1125:20305:301 [3] NCCL INFO Channel 01/0 : 35[3] -> 37[5] via P2P/CUMEM
gn1125:20305:301 [3] NCCL INFO Connected all trees
gn1125:20305:301 [3] NCCL INFO threadThresholds 8/8/64 | 1024/8/64 | 512 | 512
gn1125:20305:301 [3] NCCL INFO 2 coll channels, 0 nvls channels, 2 p2p channels, 2 p2p channels per peer
gn1125:20305:301 [3] NCCL INFO Channel 00/1 : 35[3] -> 36[4] via P2P/indirect/37[5]
gn1125:20305:301 [3] NCCL INFO Channel 01/1 : 35[3] -> 36[4] via P2P/indirect/37[5]
gn1125:20305:301 [3] NCCL INFO Channel 00/1 : 35[3] -> 38[6] via P2P/indirect/32[0]
gn1125:20305:301 [3] NCCL INFO Channel 01/1 : 35[3] -> 38[6] via P2P/indirect/32[0]
gn1125:20305:301 [3] NCCL INFO Channel 00/1 : 35[3] -> 39[7] via P2P/indirect/33[1]
gn1125:20305:301 [3] NCCL INFO Channel 01/1 : 35[3] -> 39[7] via P2P/indirect/33[1]
gn1125:20305:301 [3] NCCL INFO comm 0x559cb8388be0 rank 35 nranks 128 cudaDev 3 nvmlDev 3 busId 3e000 commId 0xc30115f52475687c - Init COMPLETE
gn1125:20305:6472 [3] NCCL INFO Using non-device net plugin version 0
gn1125:20305:6472 [3] NCCL INFO Using network IBext
gn1125:20305:6472 [3] NCCL INFO comm 0x559cbaeaee70 rank 11 nranks 32 cudaDev 3 nvmlDev 3 busId 3e000 commId 0xb8f5d8458f29be25 - Init START
gn1125:20305:6472 [3] NCCL INFO NVLS multicast support is not available on dev 3
gn1125:20305:6472 [3] NCCL INFO Trees [0] 13/-1/-1->11->10 [1] 13/-1/-1->11->10
gn1125:20305:6472 [3] NCCL INFO P2P Chunksize set to 131072
gn1125:20305:6472 [3] NCCL INFO Channel 00/0 : 11[3] -> 10[2] via P2P/CUMEM
gn1125:20305:6472 [3] NCCL INFO Channel 01/0 : 11[3] -> 10[2] via P2P/CUMEM
gn1125:20305:6472 [3] NCCL INFO Connected all rings
gn1125:20305:6472 [3] NCCL INFO Channel 00/0 : 11[3] -> 13[5] via P2P/CUMEM
gn1125:20305:6472 [3] NCCL INFO Channel 01/0 : 11[3] -> 13[5] via P2P/CUMEM
gn1125:20305:6472 [3] NCCL INFO Connected all trees
gn1125:20305:6472 [3] NCCL INFO threadThresholds 8/8/64 | 256/8/64 | 512 | 512
gn1125:20305:6472 [3] NCCL INFO 2 coll channels, 0 nvls channels, 2 p2p channels, 2 p2p channels per peer
gn1125:20305:6472 [3] NCCL INFO Channel 00/1 : 11[3] -> 12[4] via P2P/indirect/13[5]
gn1125:20305:6472 [3] NCCL INFO Channel 01/1 : 11[3] -> 12[4] via P2P/indirect/13[5]
gn1125:20305:6472 [3] NCCL INFO Channel 00/1 : 11[3] -> 14[6] via P2P/indirect/8[0]
gn1125:20305:6472 [3] NCCL INFO Channel 01/1 : 11[3] -> 14[6] via P2P/indirect/8[0]
gn1125:20305:6472 [3] NCCL INFO Channel 00/1 : 11[3] -> 15[7] via P2P/indirect/9[1]
gn1125:20305:6472 [3] NCCL INFO Channel 01/1 : 11[3] -> 15[7] via P2P/indirect/9[1]
gn1125:20305:6472 [3] NCCL INFO comm 0x559cbaeaee70 rank 11 nranks 32 cudaDev 3 nvmlDev 3 busId 3e000 commId 0xb8f5d8458f29be25 - Init COMPLETE
gn1125:20305:7882 [3] NCCL INFO Using non-device net plugin version 0
gn1125:20305:7882 [3] NCCL INFO Using network IBext
gn1125:20305:7882 [3] NCCL INFO comm 0x559cbbd5a000 rank 1 nranks 4 cudaDev 3 nvmlDev 3 busId 3e000 commId 0x96dda14adfb48372 - Init START
gn1125:20305:7882 [3] NCCL INFO Trees [0] -1/-1/-1->1->2 [1] 2/0/-1->1->3
gn1125:20305:7882 [3] NCCL INFO P2P Chunksize set to 131072
gn1125:20305:7882 [3] NCCL INFO Channel 00/0 : 0[3] -> 1[3] [receive] via NET/IBext/0
gn1125:20305:7882 [3] NCCL INFO Channel 01/0 : 0[3] -> 1[3] [receive] via NET/IBext/0
gn1125:20305:7882 [3] NCCL INFO Channel 00/0 : 1[3] -> 2[3] [send] via NET/IBext/0
gn1125:20305:7882 [3] NCCL INFO Channel 01/0 : 1[3] -> 2[3] [send] via NET/IBext/0
gn1125:20305:7882 [3] NCCL INFO Connected all rings
gn1125:20305:7882 [3] NCCL INFO Channel 01/0 : 3[3] -> 1[3] [receive] via NET/IBext/0
gn1125:20305:7882 [3] NCCL INFO Channel 01/0 : 1[3] -> 3[3] [send] via NET/IBext/0
gn1125:20305:7882 [3] NCCL INFO Channel 00/0 : 2[3] -> 1[3] [receive] via NET/IBext/0
gn1125:20305:7882 [3] NCCL INFO Channel 01/0 : 2[3] -> 1[3] [receive] via NET/IBext/0
gn1125:20305:7882 [3] NCCL INFO Channel 01/0 : 1[3] -> 0[3] [send] via NET/IBext/0
gn1125:20305:7882 [3] NCCL INFO Connected all trees
gn1125:20305:7882 [3] NCCL INFO threadThresholds 8/8/64 | 32/8/64 | 512 | 512
gn1125:20305:7882 [3] NCCL INFO 2 coll channels, 0 nvls channels, 2 p2p channels, 2 p2p channels per peer
gn1125:20305:7882 [3] NCCL INFO comm 0x559cbbd5a000 rank 1 nranks 4 cudaDev 3 nvmlDev 3 busId 3e000 commId 0x96dda14adfb48372 - Init COMPLETE
gn1125:20305:7932 [3] NCCL INFO Channel 00/1 : 0[3] -> 1[3] [receive] via NET/IBext/0/Shared
gn1125:20305:7932 [3] NCCL INFO Channel 01/1 : 0[3] -> 1[3] [receive] via NET/IBext/0/Shared
gn1125:20305:8054 [3] NCCL INFO Using non-device net plugin version 0
gn1125:20305:8054 [3] NCCL INFO Using network IBext
gn1125:20305:8054 [3] NCCL INFO comm 0x559cbcb161b0 rank 3 nranks 8 cudaDev 3 nvmlDev 3 busId 3e000 commId 0xd66cbe5957656260 - Init START
gn1125:20305:8054 [3] NCCL INFO NVLS multicast support is not available on dev 3
gn1125:20305:8054 [3] NCCL INFO Trees [0] 2/-1/-1->3->0 [1] 2/-1/-1->3->0 [2] -1/-1/-1->3->2 [3] -1/-1/-1->3->2 [4] 5/-1/-1->3->1 [5] 1/-1/-1->3->5 [6] 2/-1/-1->3->0 [7] 2/-1/-1->3->0 [8] -1/-1/-1->3->2 [9] -1/-1/-1->3->2 [10] 5/-1/-1->3->1 [11] 1/-1/-1->3->5
gn1125:20305:8054 [3] NCCL INFO P2P Chunksize set to 524288
gn1125:20305:8054 [3] NCCL INFO Channel 04/0 : 3[3] -> 5[5] via P2P/CUMEM
gn1125:20305:8054 [3] NCCL INFO Channel 10/0 : 3[3] -> 5[5] via P2P/CUMEM
gn1125:20305:8054 [3] NCCL INFO Channel 02/0 : 3[3] -> 0[0] via P2P/CUMEM
gn1125:20305:8054 [3] NCCL INFO Channel 03/0 : 3[3] -> 0[0] via P2P/CUMEM
gn1125:20305:8054 [3] NCCL INFO Channel 08/0 : 3[3] -> 0[0] via P2P/CUMEM
gn1125:20305:8054 [3] NCCL INFO Channel 09/0 : 3[3] -> 0[0] via P2P/CUMEM
gn1125:20305:8054 [3] NCCL INFO Channel 05/0 : 3[3] -> 1[1] via P2P/CUMEM
gn1125:20305:8054 [3] NCCL INFO Channel 11/0 : 3[3] -> 1[1] via P2P/CUMEM
gn1125:20305:8054 [3] NCCL INFO Channel 00/0 : 3[3] -> 2[2] via P2P/CUMEM
gn1125:20305:8054 [3] NCCL INFO Channel 01/0 : 3[3] -> 2[2] via P2P/CUMEM
gn1125:20305:8054 [3] NCCL INFO Channel 06/0 : 3[3] -> 2[2] via P2P/CUMEM
gn1125:20305:8054 [3] NCCL INFO Channel 07/0 : 3[3] -> 2[2] via P2P/CUMEM
gn1125:20305:8054 [3] NCCL INFO Connected all rings
gn1125:20305:8054 [3] NCCL INFO Channel 05/0 : 3[3] -> 5[5] via P2P/CUMEM
gn1125:20305:8054 [3] NCCL INFO Channel 11/0 : 3[3] -> 5[5] via P2P/CUMEM
gn1125:20305:8054 [3] NCCL INFO Channel 00/0 : 3[3] -> 0[0] via P2P/CUMEM
gn1125:20305:8054 [3] NCCL INFO Channel 01/0 : 3[3] -> 0[0] via P2P/CUMEM
gn1125:20305:8054 [3] NCCL INFO Channel 06/0 : 3[3] -> 0[0] via P2P/CUMEM
gn1125:20305:8054 [3] NCCL INFO Channel 07/0 : 3[3] -> 0[0] via P2P/CUMEM
gn1125:20305:8054 [3] NCCL INFO Channel 04/0 : 3[3] -> 1[1] via P2P/CUMEM
gn1125:20305:8054 [3] NCCL INFO Channel 10/0 : 3[3] -> 1[1] via P2P/CUMEM
gn1125:20305:8054 [3] NCCL INFO Channel 02/0 : 3[3] -> 2[2] via P2P/CUMEM
gn1125:20305:8054 [3] NCCL INFO Channel 03/0 : 3[3] -> 2[2] via P2P/CUMEM
gn1125:20305:8054 [3] NCCL INFO Channel 08/0 : 3[3] -> 2[2] via P2P/CUMEM
gn1125:20305:8054 [3] NCCL INFO Channel 09/0 : 3[3] -> 2[2] via P2P/CUMEM
gn1125:20305:8054 [3] NCCL INFO Connected all trees
gn1125:20305:8054 [3] NCCL INFO threadThresholds 8/8/64 | 64/8/64 | 512 | 512
gn1125:20305:8054 [3] NCCL INFO 12 coll channels, 0 nvls channels, 16 p2p channels, 2 p2p channels per peer
gn1125:20305:8054 [3] NCCL INFO Channel 08/1 : 3[3] -> 4[4] via P2P/indirect/5[5]
gn1125:20305:8054 [3] NCCL INFO Channel 09/1 : 3[3] -> 4[4] via P2P/indirect/5[5]
gn1125:20305:8054 [3] NCCL INFO Channel 12/1 : 3[3] -> 6[6] via P2P/indirect/0[0]
gn1125:20305:8054 [3] NCCL INFO Channel 13/1 : 3[3] -> 6[6] via P2P/indirect/0[0]
gn1125:20305:8054 [3] NCCL INFO Channel 02/1 : 3[3] -> 7[7] via P2P/indirect/1[1]
gn1125:20305:8054 [3] NCCL INFO Channel 03/1 : 3[3] -> 7[7] via P2P/indirect/1[1]
gn1125:20305:8054 [3] NCCL INFO comm 0x559cbcb161b0 rank 3 nranks 8 cudaDev 3 nvmlDev 3 busId 3e000 commId 0xd66cbe5957656260 - Init COMPLETE
gn1125:20305:8737 [3] NCCL INFO Channel 00/1 : 1[3] -> 2[3] [send] via NET/IBext/0/Shared
gn1125:20305:8737 [3] NCCL INFO Channel 01/1 : 1[3] -> 2[3] [send] via NET/IBext/0/Shared
gn1125:20305:8795 [3] NCCL INFO Channel 00/1 : 2[3] -> 1[3] [receive] via NET/IBext/0/Shared
gn1125:20305:8795 [3] NCCL INFO Channel 01/1 : 2[3] -> 1[3] [receive] via NET/IBext/0/Shared
gn1125:20305:10952 [3] NCCL INFO Channel 00/1 : 1[3] -> 0[3] [send] via NET/IBext/0/Shared
gn1125:20305:10952 [3] NCCL INFO Channel 01/1 : 1[3] -> 0[3] [send] via NET/IBext/0/Shared
NCCL version 2.19.4+cuda12.3
gn1125:20305:11092 [3] NCCL INFO Using non-device net plugin version 0
gn1125:20305:11092 [3] NCCL INFO Using network IBext
gn1125:20305:11092 [3] NCCL INFO comm 0x559cc1a05b80 rank 0 nranks 4 cudaDev 3 nvmlDev 3 busId 3e000 commId 0x6ac62514ff3eadae - Init START
gn1125:20305:11092 [3] NCCL INFO Channel 00/02 :    0   1   2   3
gn1125:20305:11092 [3] NCCL INFO Channel 01/02 :    0   1   2   3
gn1125:20305:11092 [3] NCCL INFO Trees [0] 2/-1/-1->0->-1 [1] -1/-1/-1->0->1
gn1125:20305:11092 [3] NCCL INFO P2P Chunksize set to 131072
gn1125:20305:11092 [3] NCCL INFO Channel 00/0 : 3[3] -> 0[3] [receive] via NET/IBext/0
gn1125:20305:11092 [3] NCCL INFO Channel 01/0 : 3[3] -> 0[3] [receive] via NET/IBext/0
gn1125:20305:11092 [3] NCCL INFO Channel 00/0 : 0[3] -> 1[3] [send] via NET/IBext/0
gn1125:20305:11092 [3] NCCL INFO Channel 01/0 : 0[3] -> 1[3] [send] via NET/IBext/0
gn1125:20305:11092 [3] NCCL INFO Connected all rings
gn1125:20305:11092 [3] NCCL INFO Channel 00/0 : 2[3] -> 0[3] [receive] via NET/IBext/0
gn1125:20305:11092 [3] NCCL INFO Channel 00/0 : 0[3] -> 2[3] [send] via NET/IBext/0
gn1125:20305:11092 [3] NCCL INFO Channel 01/0 : 1[3] -> 0[3] [receive] via NET/IBext/0
gn1125:20305:11092 [3] NCCL INFO Connected all trees
gn1125:20305:11092 [3] NCCL INFO threadThresholds 8/8/64 | 32/8/64 | 512 | 512
gn1125:20305:11092 [3] NCCL INFO 2 coll channels, 0 nvls channels, 2 p2p channels, 2 p2p channels per peer
gn1125:20305:11092 [3] NCCL INFO comm 0x559cc1a05b80 rank 0 nranks 4 cudaDev 3 nvmlDev 3 busId 3e000 commId 0x6ac62514ff3eadae - Init COMPLETE
gn1125:20305:6486 [3] NCCL INFO [Service thread] Connection closed by localRank 0
gn1125:20305:6486 [3] NCCL INFO [Service thread] Connection closed by localRank 1
gn1125:20305:6486 [3] NCCL INFO [Service thread] Connection closed by localRank 2
gn1125:20305:6486 [3] NCCL INFO [Service thread] Connection closed by localRank 5
gn1125:20305:11100 [3] NCCL INFO [Service thread] Connection closed by localRank 0
gn1125:20305:20305 [3] NCCL INFO comm 0x559cc1a05b80 rank 0 nranks 4 cudaDev 3 busId 3e000 - Abort COMPLETE
gn1125:20305:6486 [3] NCCL INFO [Service thread] Connection closed by localRank 3
gn1125:20305:713 [3] NCCL INFO [Service thread] Connection closed by localRank 5
gn1125:20305:713 [3] NCCL INFO [Service thread] Connection closed by localRank 2
gn1125:20305:713 [3] NCCL INFO [Service thread] Connection closed by localRank 1
gn1125:20305:713 [3] NCCL INFO [Service thread] Connection closed by localRank 0
gn1125:20305:20305 [3] NCCL INFO comm 0x559cbaeaee70 rank 11 nranks 32 cudaDev 3 busId 3e000 - Abort COMPLETE
gn1125:20305:713 [3] NCCL INFO [Service thread] Connection closed by localRank 3
gn1125:20305:20305 [3] NCCL INFO comm 0x559cb8388be0 rank 35 nranks 128 cudaDev 3 busId 3e000 - Abort COMPLETE
