
=============
== PyTorch ==
=============

NVIDIA Release 24.02 (build 82611821)
PyTorch Version 2.3.0a0+ebedce2
Container image Copyright (c) 2024, NVIDIA CORPORATION & AFFILIATES. All rights reserved.
Copyright (c) 2014-2024 Facebook Inc.
Copyright (c) 2011-2014 Idiap Research Institute (Ronan Collobert)
Copyright (c) 2012-2014 Deepmind Technologies    (Koray Kavukcuoglu)
Copyright (c) 2011-2012 NEC Laboratories America (Koray Kavukcuoglu)
Copyright (c) 2011-2013 NYU                      (Clement Farabet)
Copyright (c) 2006-2010 NEC Laboratories America (Ronan Collobert, Leon Bottou, Iain Melvin, Jason Weston)
Copyright (c) 2006      Idiap Research Institute (Samy Bengio)
Copyright (c) 2001-2004 Idiap Research Institute (Ronan Collobert, Samy Bengio, Johnny Mariethoz)
Copyright (c) 2015      Google Inc.
Copyright (c) 2015      Yangqing Jia
Copyright (c) 2013-2016 The Caffe contributors
All rights reserved.

Various files include modifications (c) NVIDIA CORPORATION & AFFILIATES.  All rights reserved.

This container image and its contents are governed by the NVIDIA Deep Learning Container License.
By pulling and using the container, you accept the terms and conditions of this license:
https://developer.nvidia.com/ngc/nvidia-deep-learning-container-license

ERROR: This container was built for NVIDIA Driver Release 545.23 or later, but
       version 470.161.03 was detected and compatibility mode is UNAVAILABLE.

       [[]]

gn1222:25042:25042 [1] NCCL INFO cudaDriverVersion 12030
gn1222:25042:25042 [1] NCCL INFO NCCL_SOCKET_IFNAME set by environment to ib0
gn1222:25042:25042 [1] NCCL INFO Bootstrap : Using ib0:10.100.12.22<0>
gn1222:25042:25042 [1] NCCL INFO NET/Plugin: Failed to find ncclNetPlugin_v7 symbol.
gn1222:25042:25042 [1] NCCL INFO NET/Plugin: Loaded net plugin NCCL RDMA Plugin v6 (v6)
gn1222:25042:25042 [1] NCCL INFO NET/Plugin: Failed to find ncclCollNetPlugin_v7 symbol.
gn1222:25042:25042 [1] NCCL INFO NET/Plugin: Loaded coll plugin SHARP (v6)
gn1222:25042:4972 [1] NCCL INFO Plugin Path : /opt/hpcx/nccl_rdma_sharp_plugin/lib/libnccl-net.so
gn1222:25042:4972 [1] NCCL INFO P2P plugin IBext
gn1222:25042:4972 [1] NCCL INFO NCCL_SOCKET_IFNAME set by environment to ib0
gn1222:25042:4972 [1] NCCL INFO NET/IB : Using [0]mlx5_0:1/IB/SHARP [RO]; OOB ib0:10.100.12.22<0>
gn1222:25042:4972 [1] NCCL INFO Using non-device net plugin version 0
gn1222:25042:4972 [1] NCCL INFO Using network IBext
gn1222:25042:4972 [1] NCCL INFO comm 0x55b5ca0b21f0 rank 105 nranks 128 cudaDev 1 nvmlDev 1 busId 1c000 commId 0xc30115f52475687c - Init START
gn1222:25042:4972 [1] NCCL INFO NVLS multicast support is not available on dev 1
gn1222:25042:4972 [1] NCCL INFO Trees [0] 106/-1/-1->105->104 [1] 106/112/-1->105->104
gn1222:25042:4972 [1] NCCL INFO P2P Chunksize set to 131072
gn1222:25042:4972 [1] NCCL INFO Channel 00/0 : 105[1] -> 112[0] [send] via NET/IBext/0/GDRDMA
gn1222:25042:4972 [1] NCCL INFO Channel 01/0 : 105[1] -> 112[0] [send] via NET/IBext/0/GDRDMA
gn1222:25042:4972 [1] NCCL INFO Connected all rings
gn1222:25042:4972 [1] NCCL INFO Channel 00/0 : 105[1] -> 106[2] via P2P/CUMEM
gn1222:25042:4972 [1] NCCL INFO Channel 01/0 : 105[1] -> 106[2] via P2P/CUMEM
gn1222:25042:4972 [1] NCCL INFO Channel 01/0 : 112[0] -> 105[1] [receive] via NET/IBext/0/GDRDMA
gn1222:25042:4972 [1] NCCL INFO Channel 00/0 : 105[1] -> 104[0] via P2P/CUMEM
gn1222:25042:4972 [1] NCCL INFO Channel 01/0 : 105[1] -> 104[0] via P2P/CUMEM
gn1222:25042:4972 [1] NCCL INFO Connected all trees
gn1222:25042:4972 [1] NCCL INFO threadThresholds 8/8/64 | 1024/8/64 | 512 | 512
gn1222:25042:4972 [1] NCCL INFO 2 coll channels, 0 nvls channels, 2 p2p channels, 2 p2p channels per peer
gn1222:25042:4972 [1] NCCL INFO Channel 00/1 : 105[1] -> 108[4] via P2P/indirect/111[7]
gn1222:25042:4972 [1] NCCL INFO Channel 01/1 : 105[1] -> 108[4] via P2P/indirect/111[7]
gn1222:25042:4972 [1] NCCL INFO Channel 00/1 : 105[1] -> 109[5] via P2P/indirect/107[3]
gn1222:25042:4972 [1] NCCL INFO Channel 01/1 : 105[1] -> 109[5] via P2P/indirect/107[3]
gn1222:25042:4972 [1] NCCL INFO Channel 00/1 : 105[1] -> 110[6] via P2P/indirect/104[0]
gn1222:25042:4972 [1] NCCL INFO Channel 01/1 : 105[1] -> 110[6] via P2P/indirect/104[0]
gn1222:25042:4972 [1] NCCL INFO comm 0x55b5ca0b21f0 rank 105 nranks 128 cudaDev 1 nvmlDev 1 busId 1c000 commId 0xc30115f52475687c - Init COMPLETE
gn1222:25042:11236 [1] NCCL INFO Using non-device net plugin version 0
gn1222:25042:11236 [1] NCCL INFO Using network IBext
gn1222:25042:11236 [1] NCCL INFO comm 0x55b5ccbc3f20 rank 25 nranks 32 cudaDev 1 nvmlDev 1 busId 1c000 commId 0x5915742a62b60c1a - Init START
gn1222:25042:11236 [1] NCCL INFO NVLS multicast support is not available on dev 1
gn1222:25042:11236 [1] NCCL INFO Trees [0] 26/-1/-1->25->24 [1] 26/-1/-1->25->24
gn1222:25042:11236 [1] NCCL INFO P2P Chunksize set to 131072
gn1222:25042:11236 [1] NCCL INFO Channel 00/0 : 25[1] -> 0[0] [send] via NET/IBext/0/GDRDMA
gn1222:25042:11236 [1] NCCL INFO Channel 01/0 : 25[1] -> 0[0] [send] via NET/IBext/0/GDRDMA
gn1222:25042:11236 [1] NCCL INFO Connected all rings
gn1222:25042:11236 [1] NCCL INFO Channel 00/0 : 25[1] -> 26[2] via P2P/CUMEM
gn1222:25042:11236 [1] NCCL INFO Channel 01/0 : 25[1] -> 26[2] via P2P/CUMEM
gn1222:25042:11236 [1] NCCL INFO Channel 00/0 : 25[1] -> 24[0] via P2P/CUMEM
gn1222:25042:11236 [1] NCCL INFO Channel 01/0 : 25[1] -> 24[0] via P2P/CUMEM
gn1222:25042:11236 [1] NCCL INFO Connected all trees
gn1222:25042:11236 [1] NCCL INFO threadThresholds 8/8/64 | 256/8/64 | 512 | 512
gn1222:25042:11236 [1] NCCL INFO 2 coll channels, 0 nvls channels, 2 p2p channels, 2 p2p channels per peer
gn1222:25042:11236 [1] NCCL INFO Channel 00/1 : 25[1] -> 28[4] via P2P/indirect/31[7]
gn1222:25042:11236 [1] NCCL INFO Channel 01/1 : 25[1] -> 28[4] via P2P/indirect/31[7]
gn1222:25042:11236 [1] NCCL INFO Channel 00/1 : 25[1] -> 29[5] via P2P/indirect/27[3]
gn1222:25042:11236 [1] NCCL INFO Channel 01/1 : 25[1] -> 29[5] via P2P/indirect/27[3]
gn1222:25042:11236 [1] NCCL INFO Channel 00/1 : 25[1] -> 30[6] via P2P/indirect/24[0]
gn1222:25042:11236 [1] NCCL INFO Channel 01/1 : 25[1] -> 30[6] via P2P/indirect/24[0]
gn1222:25042:11236 [1] NCCL INFO comm 0x55b5ccbc3f20 rank 25 nranks 32 cudaDev 1 nvmlDev 1 busId 1c000 commId 0x5915742a62b60c1a - Init COMPLETE
gn1222:25042:12522 [1] NCCL INFO Using non-device net plugin version 0
gn1222:25042:12522 [1] NCCL INFO Using network IBext
gn1222:25042:12522 [1] NCCL INFO comm 0x55b5cda6f0d0 rank 3 nranks 4 cudaDev 1 nvmlDev 1 busId 1c000 commId 0x14d0bed36e0be671 - Init START
gn1222:25042:12522 [1] NCCL INFO Trees [0] -1/-1/-1->3->2 [1] 1/-1/-1->3->-1
gn1222:25042:12522 [1] NCCL INFO P2P Chunksize set to 131072
gn1222:25042:12522 [1] NCCL INFO Channel 00/0 : 2[1] -> 3[1] [receive] via NET/IBext/0/GDRDMA
gn1222:25042:12522 [1] NCCL INFO Channel 01/0 : 2[1] -> 3[1] [receive] via NET/IBext/0/GDRDMA
gn1222:25042:12522 [1] NCCL INFO Channel 00/0 : 3[1] -> 0[1] [send] via NET/IBext/0/GDRDMA
gn1222:25042:12522 [1] NCCL INFO Channel 01/0 : 3[1] -> 0[1] [send] via NET/IBext/0/GDRDMA
gn1222:25042:12522 [1] NCCL INFO Connected all rings
gn1222:25042:12522 [1] NCCL INFO Channel 01/0 : 1[1] -> 3[1] [receive] via NET/IBext/0/GDRDMA
gn1222:25042:12522 [1] NCCL INFO Channel 01/0 : 3[1] -> 1[1] [send] via NET/IBext/0/GDRDMA
gn1222:25042:12522 [1] NCCL INFO Channel 00/0 : 3[1] -> 2[1] [send] via NET/IBext/0/GDRDMA
gn1222:25042:12522 [1] NCCL INFO Connected all trees
gn1222:25042:12522 [1] NCCL INFO threadThresholds 8/8/64 | 32/8/64 | 512 | 512
gn1222:25042:12522 [1] NCCL INFO 2 coll channels, 0 nvls channels, 2 p2p channels, 2 p2p channels per peer
gn1222:25042:12522 [1] NCCL INFO comm 0x55b5cda6f0d0 rank 3 nranks 4 cudaDev 1 nvmlDev 1 busId 1c000 commId 0x14d0bed36e0be671 - Init COMPLETE
gn1222:25042:12658 [1] NCCL INFO Channel 00/1 : 2[1] -> 3[1] [receive] via NET/IBext/0/GDRDMA/Shared
gn1222:25042:12658 [1] NCCL INFO Channel 01/1 : 2[1] -> 3[1] [receive] via NET/IBext/0/GDRDMA/Shared
gn1222:25042:14122 [1] NCCL INFO Using non-device net plugin version 0
gn1222:25042:14122 [1] NCCL INFO Using network IBext
gn1222:25042:14122 [1] NCCL INFO comm 0x55b5ce830b20 rank 1 nranks 8 cudaDev 1 nvmlDev 1 busId 1c000 commId 0x6578ecf4d63dca92 - Init START
gn1222:25042:14122 [1] NCCL INFO NVLS multicast support is not available on dev 1
gn1222:25042:14122 [1] NCCL INFO Trees [0] 7/-1/-1->1->2 [1] 7/-1/-1->1->2 [2] 2/-1/-1->1->7 [3] 2/-1/-1->1->7 [4] 3/-1/-1->1->0 [5] -1/-1/-1->1->3 [6] 7/-1/-1->1->2 [7] 7/-1/-1->1->2 [8] 2/-1/-1->1->7 [9] 2/-1/-1->1->7 [10] 3/-1/-1->1->0 [11] -1/-1/-1->1->3
gn1222:25042:14122 [1] NCCL INFO P2P Chunksize set to 524288
gn1222:25042:14122 [1] NCCL INFO Channel 02/0 : 1[1] -> 2[2] via P2P/CUMEM
gn1222:25042:14122 [1] NCCL INFO Channel 03/0 : 1[1] -> 2[2] via P2P/CUMEM
gn1222:25042:14122 [1] NCCL INFO Channel 08/0 : 1[1] -> 2[2] via P2P/CUMEM
gn1222:25042:14122 [1] NCCL INFO Channel 09/0 : 1[1] -> 2[2] via P2P/CUMEM
gn1222:25042:14122 [1] NCCL INFO Channel 04/0 : 1[1] -> 3[3] via P2P/CUMEM
gn1222:25042:14122 [1] NCCL INFO Channel 10/0 : 1[1] -> 3[3] via P2P/CUMEM
gn1222:25042:14122 [1] NCCL INFO Channel 00/0 : 1[1] -> 7[7] via P2P/CUMEM
gn1222:25042:14122 [1] NCCL INFO Channel 01/0 : 1[1] -> 7[7] via P2P/CUMEM
gn1222:25042:14122 [1] NCCL INFO Channel 06/0 : 1[1] -> 7[7] via P2P/CUMEM
gn1222:25042:14122 [1] NCCL INFO Channel 07/0 : 1[1] -> 7[7] via P2P/CUMEM
gn1222:25042:14122 [1] NCCL INFO Channel 05/0 : 1[1] -> 0[0] via P2P/CUMEM
gn1222:25042:14122 [1] NCCL INFO Channel 11/0 : 1[1] -> 0[0] via P2P/CUMEM
gn1222:25042:14122 [1] NCCL INFO Connected all rings
gn1222:25042:14122 [1] NCCL INFO Channel 00/0 : 1[1] -> 2[2] via P2P/CUMEM
gn1222:25042:14122 [1] NCCL INFO Channel 01/0 : 1[1] -> 2[2] via P2P/CUMEM
gn1222:25042:14122 [1] NCCL INFO Channel 06/0 : 1[1] -> 2[2] via P2P/CUMEM
gn1222:25042:14122 [1] NCCL INFO Channel 07/0 : 1[1] -> 2[2] via P2P/CUMEM
gn1222:25042:14122 [1] NCCL INFO Channel 05/0 : 1[1] -> 3[3] via P2P/CUMEM
gn1222:25042:14122 [1] NCCL INFO Channel 11/0 : 1[1] -> 3[3] via P2P/CUMEM
gn1222:25042:14122 [1] NCCL INFO Channel 02/0 : 1[1] -> 7[7] via P2P/CUMEM
gn1222:25042:14122 [1] NCCL INFO Channel 03/0 : 1[1] -> 7[7] via P2P/CUMEM
gn1222:25042:14122 [1] NCCL INFO Channel 08/0 : 1[1] -> 7[7] via P2P/CUMEM
gn1222:25042:14122 [1] NCCL INFO Channel 09/0 : 1[1] -> 7[7] via P2P/CUMEM
gn1222:25042:14122 [1] NCCL INFO Channel 04/0 : 1[1] -> 0[0] via P2P/CUMEM
gn1222:25042:14122 [1] NCCL INFO Channel 10/0 : 1[1] -> 0[0] via P2P/CUMEM
gn1222:25042:14122 [1] NCCL INFO Connected all trees
gn1222:25042:14122 [1] NCCL INFO threadThresholds 8/8/64 | 64/8/64 | 512 | 512
gn1222:25042:14122 [1] NCCL INFO 12 coll channels, 0 nvls channels, 16 p2p channels, 2 p2p channels per peer
gn1222:25042:14122 [1] NCCL INFO Channel 12/1 : 1[1] -> 4[4] via P2P/indirect/7[7]
gn1222:25042:14122 [1] NCCL INFO Channel 13/1 : 1[1] -> 4[4] via P2P/indirect/7[7]
gn1222:25042:14122 [1] NCCL INFO Channel 02/1 : 1[1] -> 5[5] via P2P/indirect/3[3]
gn1222:25042:14122 [1] NCCL INFO Channel 03/1 : 1[1] -> 5[5] via P2P/indirect/3[3]
gn1222:25042:14122 [1] NCCL INFO Channel 10/1 : 1[1] -> 6[6] via P2P/indirect/0[0]
gn1222:25042:14122 [1] NCCL INFO Channel 11/1 : 1[1] -> 6[6] via P2P/indirect/0[0]
gn1222:25042:14122 [1] NCCL INFO comm 0x55b5ce830b20 rank 1 nranks 8 cudaDev 1 nvmlDev 1 busId 1c000 commId 0x6578ecf4d63dca92 - Init COMPLETE
gn1222:25042:14993 [1] NCCL INFO Using non-device net plugin version 0
gn1222:25042:14993 [1] NCCL INFO Using network IBext
gn1222:25042:14993 [1] NCCL INFO comm 0x55b5e069a670 rank 1 nranks 4 cudaDev 1 nvmlDev 1 busId 1c000 commId 0xd75c53c83e102c98 - Init START
gn1222:25042:14993 [1] NCCL INFO Trees [0] -1/-1/-1->1->2 [1] 2/0/-1->1->3
gn1222:25042:14993 [1] NCCL INFO P2P Chunksize set to 131072
gn1222:25042:14993 [1] NCCL INFO Channel 00/0 : 0[1] -> 1[1] [receive] via NET/IBext/0/GDRDMA
gn1222:25042:14993 [1] NCCL INFO Channel 01/0 : 0[1] -> 1[1] [receive] via NET/IBext/0/GDRDMA
gn1222:25042:14993 [1] NCCL INFO Channel 00/0 : 1[1] -> 2[1] [send] via NET/IBext/0/GDRDMA
gn1222:25042:14993 [1] NCCL INFO Channel 01/0 : 1[1] -> 2[1] [send] via NET/IBext/0/GDRDMA
gn1222:25042:14993 [1] NCCL INFO Connected all rings
gn1222:25042:14993 [1] NCCL INFO Channel 01/0 : 3[1] -> 1[1] [receive] via NET/IBext/0/GDRDMA
gn1222:25042:14993 [1] NCCL INFO Channel 01/0 : 1[1] -> 3[1] [send] via NET/IBext/0/GDRDMA
gn1222:25042:14993 [1] NCCL INFO Channel 00/0 : 2[1] -> 1[1] [receive] via NET/IBext/0/GDRDMA
gn1222:25042:14993 [1] NCCL INFO Channel 01/0 : 2[1] -> 1[1] [receive] via NET/IBext/0/GDRDMA
gn1222:25042:14993 [1] NCCL INFO Channel 01/0 : 1[1] -> 0[1] [send] via NET/IBext/0/GDRDMA
gn1222:25042:14993 [1] NCCL INFO Connected all trees
gn1222:25042:14993 [1] NCCL INFO threadThresholds 8/8/64 | 32/8/64 | 512 | 512
gn1222:25042:14993 [1] NCCL INFO 2 coll channels, 0 nvls channels, 2 p2p channels, 2 p2p channels per peer
gn1222:25042:14993 [1] NCCL INFO comm 0x55b5e069a670 rank 1 nranks 4 cudaDev 1 nvmlDev 1 busId 1c000 commId 0xd75c53c83e102c98 - Init COMPLETE
gn1222:25042:15167 [1] NCCL INFO Channel 00/1 : 3[1] -> 2[1] [send] via NET/IBext/0/GDRDMA/Shared
gn1222:25042:15167 [1] NCCL INFO Channel 01/1 : 3[1] -> 2[1] [send] via NET/IBext/0/GDRDMA/Shared
gn1222:25042:15416 [1] NCCL INFO Using non-device net plugin version 0
gn1222:25042:15416 [1] NCCL INFO Using network IBext
gn1222:25042:15416 [1] NCCL INFO comm 0x55b5d37fd150 rank 1 nranks 4 cudaDev 1 nvmlDev 1 busId 1c000 commId 0xf49d14449e829716 - Init START
gn1222:25042:15416 [1] NCCL INFO Trees [0] -1/-1/-1->1->2 [1] 2/0/-1->1->3
gn1222:25042:15416 [1] NCCL INFO P2P Chunksize set to 131072
gn1222:25042:15416 [1] NCCL INFO Channel 00/0 : 0[1] -> 1[1] [receive] via NET/IBext/0/GDRDMA
gn1222:25042:15416 [1] NCCL INFO Channel 01/0 : 0[1] -> 1[1] [receive] via NET/IBext/0/GDRDMA
gn1222:25042:15416 [1] NCCL INFO Channel 00/0 : 1[1] -> 2[1] [send] via NET/IBext/0/GDRDMA
gn1222:25042:15416 [1] NCCL INFO Channel 01/0 : 1[1] -> 2[1] [send] via NET/IBext/0/GDRDMA
gn1222:25042:15416 [1] NCCL INFO Connected all rings
gn1222:25042:15416 [1] NCCL INFO Channel 01/0 : 3[1] -> 1[1] [receive] via NET/IBext/0/GDRDMA
gn1222:25042:15416 [1] NCCL INFO Channel 01/0 : 1[1] -> 3[1] [send] via NET/IBext/0/GDRDMA
gn1222:25042:15416 [1] NCCL INFO Channel 00/0 : 2[1] -> 1[1] [receive] via NET/IBext/0/GDRDMA
gn1222:25042:15416 [1] NCCL INFO Channel 01/0 : 2[1] -> 1[1] [receive] via NET/IBext/0/GDRDMA
gn1222:25042:15416 [1] NCCL INFO Channel 01/0 : 1[1] -> 0[1] [send] via NET/IBext/0/GDRDMA
gn1222:25042:15416 [1] NCCL INFO Connected all trees
gn1222:25042:15416 [1] NCCL INFO threadThresholds 8/8/64 | 32/8/64 | 512 | 512
gn1222:25042:15416 [1] NCCL INFO 2 coll channels, 0 nvls channels, 2 p2p channels, 2 p2p channels per peer
gn1222:25042:15416 [1] NCCL INFO comm 0x55b5d37fd150 rank 1 nranks 4 cudaDev 1 nvmlDev 1 busId 1c000 commId 0xf49d14449e829716 - Init COMPLETE
