
=============
== PyTorch ==
=============

NVIDIA Release 24.02 (build 82611821)
PyTorch Version 2.3.0a0+ebedce2
Container image Copyright (c) 2024, NVIDIA CORPORATION & AFFILIATES. All rights reserved.
Copyright (c) 2014-2024 Facebook Inc.
Copyright (c) 2011-2014 Idiap Research Institute (Ronan Collobert)
Copyright (c) 2012-2014 Deepmind Technologies    (Koray Kavukcuoglu)
Copyright (c) 2011-2012 NEC Laboratories America (Koray Kavukcuoglu)
Copyright (c) 2011-2013 NYU                      (Clement Farabet)
Copyright (c) 2006-2010 NEC Laboratories America (Ronan Collobert, Leon Bottou, Iain Melvin, Jason Weston)
Copyright (c) 2006      Idiap Research Institute (Samy Bengio)
Copyright (c) 2001-2004 Idiap Research Institute (Ronan Collobert, Samy Bengio, Johnny Mariethoz)
Copyright (c) 2015      Google Inc.
Copyright (c) 2015      Yangqing Jia
Copyright (c) 2013-2016 The Caffe contributors
All rights reserved.

Various files include modifications (c) NVIDIA CORPORATION & AFFILIATES.  All rights reserved.

This container image and its contents are governed by the NVIDIA Deep Learning Container License.
By pulling and using the container, you accept the terms and conditions of this license:
https://developer.nvidia.com/ngc/nvidia-deep-learning-container-license

ERROR: This container was built for NVIDIA Driver Release 545.23 or later, but
       version 470.161.03 was detected and compatibility mode is UNAVAILABLE.

       [[]]

gn1205:25554:25554 [2] NCCL INFO cudaDriverVersion 12030
gn1205:25554:25554 [2] NCCL INFO NCCL_SOCKET_IFNAME set by environment to ib0
gn1205:25554:25554 [2] NCCL INFO Bootstrap : Using ib0:10.100.12.5<0>
gn1205:25554:25554 [2] NCCL INFO NET/Plugin: Failed to find ncclNetPlugin_v7 symbol.
gn1205:25554:25554 [2] NCCL INFO NET/Plugin: Loaded net plugin NCCL RDMA Plugin v6 (v6)
gn1205:25554:25554 [2] NCCL INFO NET/Plugin: Failed to find ncclCollNetPlugin_v7 symbol.
gn1205:25554:25554 [2] NCCL INFO NET/Plugin: Loaded coll plugin SHARP (v6)
gn1205:25554:5921 [2] NCCL INFO Plugin Path : /opt/hpcx/nccl_rdma_sharp_plugin/lib/libnccl-net.so
gn1205:25554:5921 [2] NCCL INFO P2P plugin IBext
gn1205:25554:5921 [2] NCCL INFO NCCL_SOCKET_IFNAME set by environment to ib0
gn1205:25554:5921 [2] NCCL INFO NET/IB : Using [0]mlx5_0:1/IB/SHARP [RO]; OOB ib0:10.100.12.5<0>
gn1205:25554:5921 [2] NCCL INFO Using non-device net plugin version 0
gn1205:25554:5921 [2] NCCL INFO Using network IBext
gn1205:25554:5921 [2] NCCL INFO comm 0x5641bd1d4810 rank 66 nranks 128 cudaDev 2 nvmlDev 2 busId 3d000 commId 0xc30115f52475687c - Init START
gn1205:25554:5921 [2] NCCL INFO NVLS multicast support is not available on dev 2
gn1205:25554:5921 [2] NCCL INFO Trees [0] 67/-1/-1->66->65 [1] 67/-1/-1->66->65
gn1205:25554:5921 [2] NCCL INFO P2P Chunksize set to 131072
gn1205:25554:5921 [2] NCCL INFO Channel 00/0 : 66[2] -> 68[4] via P2P/CUMEM
gn1205:25554:5921 [2] NCCL INFO Channel 01/0 : 66[2] -> 68[4] via P2P/CUMEM
gn1205:25554:5921 [2] NCCL INFO Connected all rings
gn1205:25554:5921 [2] NCCL INFO Channel 00/0 : 66[2] -> 67[3] via P2P/CUMEM
gn1205:25554:5921 [2] NCCL INFO Channel 01/0 : 66[2] -> 67[3] via P2P/CUMEM
gn1205:25554:5921 [2] NCCL INFO Channel 00/0 : 66[2] -> 65[1] via P2P/CUMEM
gn1205:25554:5921 [2] NCCL INFO Channel 01/0 : 66[2] -> 65[1] via P2P/CUMEM
gn1205:25554:5921 [2] NCCL INFO Connected all trees
gn1205:25554:5921 [2] NCCL INFO threadThresholds 8/8/64 | 1024/8/64 | 512 | 512
gn1205:25554:5921 [2] NCCL INFO 2 coll channels, 0 nvls channels, 2 p2p channels, 2 p2p channels per peer
gn1205:25554:5921 [2] NCCL INFO Channel 00/1 : 66[2] -> 69[5] via P2P/indirect/68[4]
gn1205:25554:5921 [2] NCCL INFO Channel 01/1 : 66[2] -> 69[5] via P2P/indirect/68[4]
gn1205:25554:5921 [2] NCCL INFO Channel 00/1 : 66[2] -> 70[6] via P2P/indirect/64[0]
gn1205:25554:5921 [2] NCCL INFO Channel 01/1 : 66[2] -> 70[6] via P2P/indirect/64[0]
gn1205:25554:5921 [2] NCCL INFO Channel 00/1 : 66[2] -> 71[7] via P2P/indirect/65[1]
gn1205:25554:5921 [2] NCCL INFO Channel 01/1 : 66[2] -> 71[7] via P2P/indirect/65[1]
gn1205:25554:5921 [2] NCCL INFO comm 0x5641bd1d4810 rank 66 nranks 128 cudaDev 2 nvmlDev 2 busId 3d000 commId 0xc30115f52475687c - Init COMPLETE
gn1205:25554:12329 [2] NCCL INFO Using non-device net plugin version 0
gn1205:25554:12329 [2] NCCL INFO Using network IBext
gn1205:25554:12329 [2] NCCL INFO comm 0x5641bfce5ba0 rank 18 nranks 32 cudaDev 2 nvmlDev 2 busId 3d000 commId 0xb8f5d8458f29be25 - Init START
gn1205:25554:12329 [2] NCCL INFO NVLS multicast support is not available on dev 2
gn1205:25554:12329 [2] NCCL INFO Trees [0] 19/-1/-1->18->17 [1] 19/-1/-1->18->17
gn1205:25554:12329 [2] NCCL INFO P2P Chunksize set to 131072
gn1205:25554:12329 [2] NCCL INFO Channel 00/0 : 18[2] -> 20[4] via P2P/CUMEM
gn1205:25554:12329 [2] NCCL INFO Channel 01/0 : 18[2] -> 20[4] via P2P/CUMEM
gn1205:25554:12329 [2] NCCL INFO Connected all rings
gn1205:25554:12329 [2] NCCL INFO Channel 00/0 : 18[2] -> 19[3] via P2P/CUMEM
gn1205:25554:12329 [2] NCCL INFO Channel 01/0 : 18[2] -> 19[3] via P2P/CUMEM
gn1205:25554:12329 [2] NCCL INFO Channel 00/0 : 18[2] -> 17[1] via P2P/CUMEM
gn1205:25554:12329 [2] NCCL INFO Channel 01/0 : 18[2] -> 17[1] via P2P/CUMEM
gn1205:25554:12329 [2] NCCL INFO Connected all trees
gn1205:25554:12329 [2] NCCL INFO threadThresholds 8/8/64 | 256/8/64 | 512 | 512
gn1205:25554:12329 [2] NCCL INFO 2 coll channels, 0 nvls channels, 2 p2p channels, 2 p2p channels per peer
gn1205:25554:12329 [2] NCCL INFO Channel 00/1 : 18[2] -> 21[5] via P2P/indirect/20[4]
gn1205:25554:12329 [2] NCCL INFO Channel 01/1 : 18[2] -> 21[5] via P2P/indirect/20[4]
gn1205:25554:12329 [2] NCCL INFO Channel 00/1 : 18[2] -> 22[6] via P2P/indirect/16[0]
gn1205:25554:12329 [2] NCCL INFO Channel 01/1 : 18[2] -> 22[6] via P2P/indirect/16[0]
gn1205:25554:12329 [2] NCCL INFO Channel 00/1 : 18[2] -> 23[7] via P2P/indirect/17[1]
gn1205:25554:12329 [2] NCCL INFO Channel 01/1 : 18[2] -> 23[7] via P2P/indirect/17[1]
gn1205:25554:12329 [2] NCCL INFO comm 0x5641bfce5ba0 rank 18 nranks 32 cudaDev 2 nvmlDev 2 busId 3d000 commId 0xb8f5d8458f29be25 - Init COMPLETE
gn1205:25554:13576 [2] NCCL INFO Using non-device net plugin version 0
gn1205:25554:13576 [2] NCCL INFO Using network IBext
gn1205:25554:13576 [2] NCCL INFO comm 0x5641c0b85590 rank 2 nranks 4 cudaDev 2 nvmlDev 2 busId 3d000 commId 0xfcefc501a081cb60 - Init START
gn1205:25554:13576 [2] NCCL INFO Trees [0] 1/3/-1->2->0 [1] -1/-1/-1->2->1
gn1205:25554:13576 [2] NCCL INFO P2P Chunksize set to 131072
gn1205:25554:13576 [2] NCCL INFO Channel 00/0 : 1[2] -> 2[2] [receive] via NET/IBext/0
gn1205:25554:13576 [2] NCCL INFO Channel 01/0 : 1[2] -> 2[2] [receive] via NET/IBext/0
gn1205:25554:13576 [2] NCCL INFO Channel 00/0 : 2[2] -> 3[2] [send] via NET/IBext/0
gn1205:25554:13576 [2] NCCL INFO Channel 01/0 : 2[2] -> 3[2] [send] via NET/IBext/0
gn1205:25554:13576 [2] NCCL INFO Connected all rings
gn1205:25554:13576 [2] NCCL INFO Channel 00/0 : 0[2] -> 2[2] [receive] via NET/IBext/0
gn1205:25554:13576 [2] NCCL INFO Channel 00/0 : 2[2] -> 0[2] [send] via NET/IBext/0
gn1205:25554:13576 [2] NCCL INFO Channel 00/0 : 3[2] -> 2[2] [receive] via NET/IBext/0
gn1205:25554:13576 [2] NCCL INFO Channel 00/0 : 2[2] -> 1[2] [send] via NET/IBext/0
gn1205:25554:13576 [2] NCCL INFO Channel 01/0 : 2[2] -> 1[2] [send] via NET/IBext/0
gn1205:25554:13576 [2] NCCL INFO Connected all trees
gn1205:25554:13576 [2] NCCL INFO threadThresholds 8/8/64 | 32/8/64 | 512 | 512
gn1205:25554:13576 [2] NCCL INFO 2 coll channels, 0 nvls channels, 2 p2p channels, 2 p2p channels per peer
gn1205:25554:13576 [2] NCCL INFO comm 0x5641c0b85590 rank 2 nranks 4 cudaDev 2 nvmlDev 2 busId 3d000 commId 0xfcefc501a081cb60 - Init COMPLETE
gn1205:25554:13644 [2] NCCL INFO Channel 00/1 : 1[2] -> 2[2] [receive] via NET/IBext/0/Shared
gn1205:25554:13644 [2] NCCL INFO Channel 01/1 : 1[2] -> 2[2] [receive] via NET/IBext/0/Shared
gn1205:25554:14354 [2] NCCL INFO Using non-device net plugin version 0
gn1205:25554:14354 [2] NCCL INFO Using network IBext
gn1205:25554:14354 [2] NCCL INFO comm 0x5641c19421b0 rank 2 nranks 8 cudaDev 2 nvmlDev 2 busId 3d000 commId 0xc6cf76a765d256ba - Init START
gn1205:25554:14354 [2] NCCL INFO NVLS multicast support is not available on dev 2
gn1205:25554:14354 [2] NCCL INFO Trees [0] 1/-1/-1->2->3 [1] 1/-1/-1->2->3 [2] 3/-1/-1->2->1 [3] 3/-1/-1->2->1 [4] -1/-1/-1->2->4 [5] 4/-1/-1->2->0 [6] 1/-1/-1->2->3 [7] 1/-1/-1->2->3 [8] 3/-1/-1->2->1 [9] 3/-1/-1->2->1 [10] -1/-1/-1->2->4 [11] 4/-1/-1->2->0
gn1205:25554:14354 [2] NCCL INFO P2P Chunksize set to 524288
gn1205:25554:14354 [2] NCCL INFO Channel 02/0 : 2[2] -> 3[3] via P2P/CUMEM
gn1205:25554:14354 [2] NCCL INFO Channel 03/0 : 2[2] -> 3[3] via P2P/CUMEM
gn1205:25554:14354 [2] NCCL INFO Channel 08/0 : 2[2] -> 3[3] via P2P/CUMEM
gn1205:25554:14354 [2] NCCL INFO Channel 09/0 : 2[2] -> 3[3] via P2P/CUMEM
gn1205:25554:14354 [2] NCCL INFO Channel 05/0 : 2[2] -> 4[4] via P2P/CUMEM
gn1205:25554:14354 [2] NCCL INFO Channel 11/0 : 2[2] -> 4[4] via P2P/CUMEM
gn1205:25554:14354 [2] NCCL INFO Channel 04/0 : 2[2] -> 0[0] via P2P/CUMEM
gn1205:25554:14354 [2] NCCL INFO Channel 10/0 : 2[2] -> 0[0] via P2P/CUMEM
gn1205:25554:14354 [2] NCCL INFO Channel 00/0 : 2[2] -> 1[1] via P2P/CUMEM
gn1205:25554:14354 [2] NCCL INFO Channel 01/0 : 2[2] -> 1[1] via P2P/CUMEM
gn1205:25554:14354 [2] NCCL INFO Channel 06/0 : 2[2] -> 1[1] via P2P/CUMEM
gn1205:25554:14354 [2] NCCL INFO Channel 07/0 : 2[2] -> 1[1] via P2P/CUMEM
gn1205:25554:14354 [2] NCCL INFO Connected all rings
gn1205:25554:14354 [2] NCCL INFO Channel 00/0 : 2[2] -> 3[3] via P2P/CUMEM
gn1205:25554:14354 [2] NCCL INFO Channel 01/0 : 2[2] -> 3[3] via P2P/CUMEM
gn1205:25554:14354 [2] NCCL INFO Channel 06/0 : 2[2] -> 3[3] via P2P/CUMEM
gn1205:25554:14354 [2] NCCL INFO Channel 07/0 : 2[2] -> 3[3] via P2P/CUMEM
gn1205:25554:14354 [2] NCCL INFO Channel 04/0 : 2[2] -> 4[4] via P2P/CUMEM
gn1205:25554:14354 [2] NCCL INFO Channel 10/0 : 2[2] -> 4[4] via P2P/CUMEM
gn1205:25554:14354 [2] NCCL INFO Channel 05/0 : 2[2] -> 0[0] via P2P/CUMEM
gn1205:25554:14354 [2] NCCL INFO Channel 11/0 : 2[2] -> 0[0] via P2P/CUMEM
gn1205:25554:14354 [2] NCCL INFO Channel 02/0 : 2[2] -> 1[1] via P2P/CUMEM
gn1205:25554:14354 [2] NCCL INFO Channel 03/0 : 2[2] -> 1[1] via P2P/CUMEM
gn1205:25554:14354 [2] NCCL INFO Channel 08/0 : 2[2] -> 1[1] via P2P/CUMEM
gn1205:25554:14354 [2] NCCL INFO Channel 09/0 : 2[2] -> 1[1] via P2P/CUMEM
gn1205:25554:14354 [2] NCCL INFO Connected all trees
gn1205:25554:14354 [2] NCCL INFO threadThresholds 8/8/64 | 64/8/64 | 512 | 512
gn1205:25554:14354 [2] NCCL INFO 12 coll channels, 0 nvls channels, 16 p2p channels, 2 p2p channels per peer
gn1205:25554:14354 [2] NCCL INFO Channel 12/1 : 2[2] -> 5[5] via P2P/indirect/4[4]
gn1205:25554:14354 [2] NCCL INFO Channel 13/1 : 2[2] -> 5[5] via P2P/indirect/4[4]
gn1205:25554:14354 [2] NCCL INFO Channel 02/1 : 2[2] -> 6[6] via P2P/indirect/0[0]
gn1205:25554:14354 [2] NCCL INFO Channel 03/1 : 2[2] -> 6[6] via P2P/indirect/0[0]
gn1205:25554:14354 [2] NCCL INFO Channel 10/1 : 2[2] -> 7[7] via P2P/indirect/1[1]
gn1205:25554:14354 [2] NCCL INFO Channel 11/1 : 2[2] -> 7[7] via P2P/indirect/1[1]
gn1205:25554:14354 [2] NCCL INFO comm 0x5641c19421b0 rank 2 nranks 8 cudaDev 2 nvmlDev 2 busId 3d000 commId 0xc6cf76a765d256ba - Init COMPLETE
gn1205:25554:15040 [2] NCCL INFO Channel 00/1 : 2[2] -> 3[2] [send] via NET/IBext/0/Shared
gn1205:25554:15040 [2] NCCL INFO Channel 01/1 : 2[2] -> 3[2] [send] via NET/IBext/0/Shared
gn1205:25554:15146 [2] NCCL INFO Channel 00/1 : 3[2] -> 2[2] [receive] via NET/IBext/0/Shared
gn1205:25554:15146 [2] NCCL INFO Channel 01/1 : 3[2] -> 2[2] [receive] via NET/IBext/0/Shared
gn1205:25554:16230 [2] NCCL INFO Channel 00/1 : 2[2] -> 1[2] [send] via NET/IBext/0/Shared
gn1205:25554:16230 [2] NCCL INFO Channel 01/1 : 2[2] -> 1[2] [send] via NET/IBext/0/Shared
NCCL version 2.19.4+cuda12.3
gn1205:25554:16643 [2] NCCL INFO Using non-device net plugin version 0
gn1205:25554:16643 [2] NCCL INFO Using network IBext
gn1205:25554:16643 [2] NCCL INFO comm 0x5641c683ae00 rank 0 nranks 4 cudaDev 2 nvmlDev 2 busId 3d000 commId 0xf337026c03fc15bc - Init START
gn1205:25554:16643 [2] NCCL INFO Channel 00/02 :    0   1   2   3
gn1205:25554:16643 [2] NCCL INFO Channel 01/02 :    0   1   2   3
gn1205:25554:16643 [2] NCCL INFO Trees [0] 2/-1/-1->0->-1 [1] -1/-1/-1->0->1
gn1205:25554:16643 [2] NCCL INFO P2P Chunksize set to 131072
gn1205:25554:16643 [2] NCCL INFO Channel 00/0 : 3[2] -> 0[2] [receive] via NET/IBext/0
gn1205:25554:16643 [2] NCCL INFO Channel 01/0 : 3[2] -> 0[2] [receive] via NET/IBext/0
gn1205:25554:16643 [2] NCCL INFO Channel 00/0 : 0[2] -> 1[2] [send] via NET/IBext/0
gn1205:25554:16643 [2] NCCL INFO Channel 01/0 : 0[2] -> 1[2] [send] via NET/IBext/0
gn1205:25554:16643 [2] NCCL INFO Connected all rings
gn1205:25554:16643 [2] NCCL INFO Channel 00/0 : 2[2] -> 0[2] [receive] via NET/IBext/0
gn1205:25554:16643 [2] NCCL INFO Channel 00/0 : 0[2] -> 2[2] [send] via NET/IBext/0
gn1205:25554:16643 [2] NCCL INFO Channel 01/0 : 1[2] -> 0[2] [receive] via NET/IBext/0
gn1205:25554:16643 [2] NCCL INFO Connected all trees
gn1205:25554:16643 [2] NCCL INFO threadThresholds 8/8/64 | 32/8/64 | 512 | 512
gn1205:25554:16643 [2] NCCL INFO 2 coll channels, 0 nvls channels, 2 p2p channels, 2 p2p channels per peer
gn1205:25554:16643 [2] NCCL INFO comm 0x5641c683ae00 rank 0 nranks 4 cudaDev 2 nvmlDev 2 busId 3d000 commId 0xf337026c03fc15bc - Init COMPLETE
