
=============
== PyTorch ==
=============

NVIDIA Release 24.02 (build 82611821)
PyTorch Version 2.3.0a0+ebedce2
Container image Copyright (c) 2024, NVIDIA CORPORATION & AFFILIATES. All rights reserved.
Copyright (c) 2014-2024 Facebook Inc.
Copyright (c) 2011-2014 Idiap Research Institute (Ronan Collobert)
Copyright (c) 2012-2014 Deepmind Technologies    (Koray Kavukcuoglu)
Copyright (c) 2011-2012 NEC Laboratories America (Koray Kavukcuoglu)
Copyright (c) 2011-2013 NYU                      (Clement Farabet)
Copyright (c) 2006-2010 NEC Laboratories America (Ronan Collobert, Leon Bottou, Iain Melvin, Jason Weston)
Copyright (c) 2006      Idiap Research Institute (Samy Bengio)
Copyright (c) 2001-2004 Idiap Research Institute (Ronan Collobert, Samy Bengio, Johnny Mariethoz)
Copyright (c) 2015      Google Inc.
Copyright (c) 2015      Yangqing Jia
Copyright (c) 2013-2016 The Caffe contributors
All rights reserved.

Various files include modifications (c) NVIDIA CORPORATION & AFFILIATES.  All rights reserved.

This container image and its contents are governed by the NVIDIA Deep Learning Container License.
By pulling and using the container, you accept the terms and conditions of this license:
https://developer.nvidia.com/ngc/nvidia-deep-learning-container-license

ERROR: This container was built for NVIDIA Driver Release 545.23 or later, but
       version 470.161.03 was detected and compatibility mode is UNAVAILABLE.

       [[]]

gn1129:8972:8972 [2] NCCL INFO cudaDriverVersion 12030
gn1129:8972:8972 [2] NCCL INFO NCCL_SOCKET_IFNAME set by environment to ib0
gn1129:8972:8972 [2] NCCL INFO Bootstrap : Using ib0:10.100.11.29<0>
gn1129:8972:8972 [2] NCCL INFO NET/Plugin: Failed to find ncclNetPlugin_v7 symbol.
gn1129:8972:8972 [2] NCCL INFO NET/Plugin: Loaded net plugin NCCL RDMA Plugin v6 (v6)
gn1129:8972:8972 [2] NCCL INFO NET/Plugin: Failed to find ncclCollNetPlugin_v7 symbol.
gn1129:8972:8972 [2] NCCL INFO NET/Plugin: Loaded coll plugin SHARP (v6)
gn1129:8972:26548 [2] NCCL INFO Plugin Path : /opt/hpcx/nccl_rdma_sharp_plugin/lib/libnccl-net.so
gn1129:8972:26548 [2] NCCL INFO P2P plugin IBext
gn1129:8972:26548 [2] NCCL INFO NCCL_SOCKET_IFNAME set by environment to ib0
gn1129:8972:26548 [2] NCCL INFO NET/IB : Using [0]mlx5_0:1/IB/SHARP [RO]; OOB ib0:10.100.11.29<0>
gn1129:8972:26548 [2] NCCL INFO Using non-device net plugin version 0
gn1129:8972:26548 [2] NCCL INFO Using network IBext
gn1129:8972:26548 [2] NCCL INFO comm 0x5561137a1440 rank 42 nranks 128 cudaDev 2 nvmlDev 2 busId 3d000 commId 0xc30115f52475687c - Init START
gn1129:8972:26548 [2] NCCL INFO NVLS multicast support is not available on dev 2
gn1129:8972:26548 [2] NCCL INFO Trees [0] 43/-1/-1->42->41 [1] 43/-1/-1->42->41
gn1129:8972:26548 [2] NCCL INFO P2P Chunksize set to 131072
gn1129:8972:26548 [2] NCCL INFO Channel 00/0 : 42[2] -> 44[4] via P2P/CUMEM
gn1129:8972:26548 [2] NCCL INFO Channel 01/0 : 42[2] -> 44[4] via P2P/CUMEM
gn1129:8972:26548 [2] NCCL INFO Connected all rings
gn1129:8972:26548 [2] NCCL INFO Channel 00/0 : 42[2] -> 43[3] via P2P/CUMEM
gn1129:8972:26548 [2] NCCL INFO Channel 01/0 : 42[2] -> 43[3] via P2P/CUMEM
gn1129:8972:26548 [2] NCCL INFO Channel 00/0 : 42[2] -> 41[1] via P2P/CUMEM
gn1129:8972:26548 [2] NCCL INFO Channel 01/0 : 42[2] -> 41[1] via P2P/CUMEM
gn1129:8972:26548 [2] NCCL INFO Connected all trees
gn1129:8972:26548 [2] NCCL INFO threadThresholds 8/8/64 | 1024/8/64 | 512 | 512
gn1129:8972:26548 [2] NCCL INFO 2 coll channels, 0 nvls channels, 2 p2p channels, 2 p2p channels per peer
gn1129:8972:26548 [2] NCCL INFO Channel 00/1 : 42[2] -> 45[5] via P2P/indirect/44[4]
gn1129:8972:26548 [2] NCCL INFO Channel 01/1 : 42[2] -> 45[5] via P2P/indirect/44[4]
gn1129:8972:26548 [2] NCCL INFO Channel 00/1 : 42[2] -> 46[6] via P2P/indirect/40[0]
gn1129:8972:26548 [2] NCCL INFO Channel 01/1 : 42[2] -> 46[6] via P2P/indirect/40[0]
gn1129:8972:26548 [2] NCCL INFO Channel 00/1 : 42[2] -> 47[7] via P2P/indirect/41[1]
gn1129:8972:26548 [2] NCCL INFO Channel 01/1 : 42[2] -> 47[7] via P2P/indirect/41[1]
gn1129:8972:26548 [2] NCCL INFO comm 0x5561137a1440 rank 42 nranks 128 cudaDev 2 nvmlDev 2 busId 3d000 commId 0xc30115f52475687c - Init COMPLETE
gn1129:8972:32580 [2] NCCL INFO Using non-device net plugin version 0
gn1129:8972:32580 [2] NCCL INFO Using network IBext
gn1129:8972:32580 [2] NCCL INFO comm 0x5561162ca220 rank 10 nranks 32 cudaDev 2 nvmlDev 2 busId 3d000 commId 0x5915742a62b60c1a - Init START
gn1129:8972:32580 [2] NCCL INFO NVLS multicast support is not available on dev 2
gn1129:8972:32580 [2] NCCL INFO Trees [0] 11/-1/-1->10->9 [1] 11/-1/-1->10->9
gn1129:8972:32580 [2] NCCL INFO P2P Chunksize set to 131072
gn1129:8972:32580 [2] NCCL INFO Channel 00/0 : 10[2] -> 12[4] via P2P/CUMEM
gn1129:8972:32580 [2] NCCL INFO Channel 01/0 : 10[2] -> 12[4] via P2P/CUMEM
gn1129:8972:32580 [2] NCCL INFO Connected all rings
gn1129:8972:32580 [2] NCCL INFO Channel 00/0 : 10[2] -> 11[3] via P2P/CUMEM
gn1129:8972:32580 [2] NCCL INFO Channel 01/0 : 10[2] -> 11[3] via P2P/CUMEM
gn1129:8972:32580 [2] NCCL INFO Channel 00/0 : 10[2] -> 9[1] via P2P/CUMEM
gn1129:8972:32580 [2] NCCL INFO Channel 01/0 : 10[2] -> 9[1] via P2P/CUMEM
gn1129:8972:32580 [2] NCCL INFO Connected all trees
gn1129:8972:32580 [2] NCCL INFO threadThresholds 8/8/64 | 256/8/64 | 512 | 512
gn1129:8972:32580 [2] NCCL INFO 2 coll channels, 0 nvls channels, 2 p2p channels, 2 p2p channels per peer
gn1129:8972:32580 [2] NCCL INFO Channel 00/1 : 10[2] -> 13[5] via P2P/indirect/12[4]
gn1129:8972:32580 [2] NCCL INFO Channel 01/1 : 10[2] -> 13[5] via P2P/indirect/12[4]
gn1129:8972:32580 [2] NCCL INFO Channel 00/1 : 10[2] -> 14[6] via P2P/indirect/8[0]
gn1129:8972:32580 [2] NCCL INFO Channel 01/1 : 10[2] -> 14[6] via P2P/indirect/8[0]
gn1129:8972:32580 [2] NCCL INFO Channel 00/1 : 10[2] -> 15[7] via P2P/indirect/9[1]
gn1129:8972:32580 [2] NCCL INFO Channel 01/1 : 10[2] -> 15[7] via P2P/indirect/9[1]
gn1129:8972:32580 [2] NCCL INFO comm 0x5561162ca220 rank 10 nranks 32 cudaDev 2 nvmlDev 2 busId 3d000 commId 0x5915742a62b60c1a - Init COMPLETE
gn1129:8972:33764 [2] NCCL INFO Using non-device net plugin version 0
gn1129:8972:33764 [2] NCCL INFO Using network IBext
gn1129:8972:33764 [2] NCCL INFO comm 0x55611716a390 rank 1 nranks 4 cudaDev 2 nvmlDev 2 busId 3d000 commId 0xb78008deaf272ffa - Init START
gn1129:8972:33764 [2] NCCL INFO Trees [0] -1/-1/-1->1->2 [1] 2/0/-1->1->3
gn1129:8972:33764 [2] NCCL INFO P2P Chunksize set to 131072
gn1129:8972:33764 [2] NCCL INFO Channel 00/0 : 0[2] -> 1[2] [receive] via NET/IBext/0
gn1129:8972:33764 [2] NCCL INFO Channel 01/0 : 0[2] -> 1[2] [receive] via NET/IBext/0
gn1129:8972:33764 [2] NCCL INFO Channel 00/0 : 1[2] -> 2[2] [send] via NET/IBext/0
gn1129:8972:33764 [2] NCCL INFO Channel 01/0 : 1[2] -> 2[2] [send] via NET/IBext/0
gn1129:8972:33764 [2] NCCL INFO Connected all rings
gn1129:8972:33764 [2] NCCL INFO Channel 01/0 : 3[2] -> 1[2] [receive] via NET/IBext/0
gn1129:8972:33764 [2] NCCL INFO Channel 01/0 : 1[2] -> 3[2] [send] via NET/IBext/0
gn1129:8972:33764 [2] NCCL INFO Channel 00/0 : 2[2] -> 1[2] [receive] via NET/IBext/0
gn1129:8972:33764 [2] NCCL INFO Channel 01/0 : 2[2] -> 1[2] [receive] via NET/IBext/0
gn1129:8972:33764 [2] NCCL INFO Channel 01/0 : 1[2] -> 0[2] [send] via NET/IBext/0
gn1129:8972:33764 [2] NCCL INFO Connected all trees
gn1129:8972:33764 [2] NCCL INFO threadThresholds 8/8/64 | 32/8/64 | 512 | 512
gn1129:8972:33764 [2] NCCL INFO 2 coll channels, 0 nvls channels, 2 p2p channels, 2 p2p channels per peer
gn1129:8972:33764 [2] NCCL INFO comm 0x55611716a390 rank 1 nranks 4 cudaDev 2 nvmlDev 2 busId 3d000 commId 0xb78008deaf272ffa - Init COMPLETE
gn1129:8972:33913 [2] NCCL INFO Channel 00/1 : 0[2] -> 1[2] [receive] via NET/IBext/0/Shared
gn1129:8972:33913 [2] NCCL INFO Channel 01/1 : 0[2] -> 1[2] [receive] via NET/IBext/0/Shared
gn1129:8972:33930 [2] NCCL INFO Using non-device net plugin version 0
gn1129:8972:33930 [2] NCCL INFO Using network IBext
gn1129:8972:33930 [2] NCCL INFO comm 0x556117f2aba0 rank 2 nranks 8 cudaDev 2 nvmlDev 2 busId 3d000 commId 0x141cd66190fa1fb7 - Init START
gn1129:8972:33930 [2] NCCL INFO NVLS multicast support is not available on dev 2
gn1129:8972:33930 [2] NCCL INFO Trees [0] 1/-1/-1->2->3 [1] 1/-1/-1->2->3 [2] 3/-1/-1->2->1 [3] 3/-1/-1->2->1 [4] -1/-1/-1->2->4 [5] 4/-1/-1->2->0 [6] 1/-1/-1->2->3 [7] 1/-1/-1->2->3 [8] 3/-1/-1->2->1 [9] 3/-1/-1->2->1 [10] -1/-1/-1->2->4 [11] 4/-1/-1->2->0
gn1129:8972:33930 [2] NCCL INFO P2P Chunksize set to 524288
gn1129:8972:33930 [2] NCCL INFO Channel 02/0 : 2[2] -> 3[3] via P2P/CUMEM
gn1129:8972:33930 [2] NCCL INFO Channel 03/0 : 2[2] -> 3[3] via P2P/CUMEM
gn1129:8972:33930 [2] NCCL INFO Channel 08/0 : 2[2] -> 3[3] via P2P/CUMEM
gn1129:8972:33930 [2] NCCL INFO Channel 09/0 : 2[2] -> 3[3] via P2P/CUMEM
gn1129:8972:33930 [2] NCCL INFO Channel 05/0 : 2[2] -> 4[4] via P2P/CUMEM
gn1129:8972:33930 [2] NCCL INFO Channel 11/0 : 2[2] -> 4[4] via P2P/CUMEM
gn1129:8972:33930 [2] NCCL INFO Channel 04/0 : 2[2] -> 0[0] via P2P/CUMEM
gn1129:8972:33930 [2] NCCL INFO Channel 10/0 : 2[2] -> 0[0] via P2P/CUMEM
gn1129:8972:33930 [2] NCCL INFO Channel 00/0 : 2[2] -> 1[1] via P2P/CUMEM
gn1129:8972:33930 [2] NCCL INFO Channel 01/0 : 2[2] -> 1[1] via P2P/CUMEM
gn1129:8972:33930 [2] NCCL INFO Channel 06/0 : 2[2] -> 1[1] via P2P/CUMEM
gn1129:8972:33930 [2] NCCL INFO Channel 07/0 : 2[2] -> 1[1] via P2P/CUMEM
gn1129:8972:33930 [2] NCCL INFO Connected all rings
gn1129:8972:33930 [2] NCCL INFO Channel 00/0 : 2[2] -> 3[3] via P2P/CUMEM
gn1129:8972:33930 [2] NCCL INFO Channel 01/0 : 2[2] -> 3[3] via P2P/CUMEM
gn1129:8972:33930 [2] NCCL INFO Channel 06/0 : 2[2] -> 3[3] via P2P/CUMEM
gn1129:8972:33930 [2] NCCL INFO Channel 07/0 : 2[2] -> 3[3] via P2P/CUMEM
gn1129:8972:33930 [2] NCCL INFO Channel 04/0 : 2[2] -> 4[4] via P2P/CUMEM
gn1129:8972:33930 [2] NCCL INFO Channel 10/0 : 2[2] -> 4[4] via P2P/CUMEM
gn1129:8972:33930 [2] NCCL INFO Channel 05/0 : 2[2] -> 0[0] via P2P/CUMEM
gn1129:8972:33930 [2] NCCL INFO Channel 11/0 : 2[2] -> 0[0] via P2P/CUMEM
gn1129:8972:33930 [2] NCCL INFO Channel 02/0 : 2[2] -> 1[1] via P2P/CUMEM
gn1129:8972:33930 [2] NCCL INFO Channel 03/0 : 2[2] -> 1[1] via P2P/CUMEM
gn1129:8972:33930 [2] NCCL INFO Channel 08/0 : 2[2] -> 1[1] via P2P/CUMEM
gn1129:8972:33930 [2] NCCL INFO Channel 09/0 : 2[2] -> 1[1] via P2P/CUMEM
gn1129:8972:33930 [2] NCCL INFO Connected all trees
gn1129:8972:33930 [2] NCCL INFO threadThresholds 8/8/64 | 64/8/64 | 512 | 512
gn1129:8972:33930 [2] NCCL INFO 12 coll channels, 0 nvls channels, 16 p2p channels, 2 p2p channels per peer
gn1129:8972:33930 [2] NCCL INFO Channel 12/1 : 2[2] -> 5[5] via P2P/indirect/4[4]
gn1129:8972:33930 [2] NCCL INFO Channel 13/1 : 2[2] -> 5[5] via P2P/indirect/4[4]
gn1129:8972:33930 [2] NCCL INFO Channel 02/1 : 2[2] -> 6[6] via P2P/indirect/0[0]
gn1129:8972:33930 [2] NCCL INFO Channel 03/1 : 2[2] -> 6[6] via P2P/indirect/0[0]
gn1129:8972:33930 [2] NCCL INFO Channel 10/1 : 2[2] -> 7[7] via P2P/indirect/1[1]
gn1129:8972:33930 [2] NCCL INFO Channel 11/1 : 2[2] -> 7[7] via P2P/indirect/1[1]
gn1129:8972:33930 [2] NCCL INFO comm 0x556117f2aba0 rank 2 nranks 8 cudaDev 2 nvmlDev 2 busId 3d000 commId 0x141cd66190fa1fb7 - Init COMPLETE
gn1129:8972:34624 [2] NCCL INFO Channel 00/1 : 1[2] -> 2[2] [send] via NET/IBext/0/Shared
gn1129:8972:34624 [2] NCCL INFO Channel 01/1 : 1[2] -> 2[2] [send] via NET/IBext/0/Shared
gn1129:8972:34714 [2] NCCL INFO Channel 00/1 : 2[2] -> 1[2] [receive] via NET/IBext/0/Shared
gn1129:8972:34714 [2] NCCL INFO Channel 01/1 : 2[2] -> 1[2] [receive] via NET/IBext/0/Shared
gn1129:8972:371 [2] NCCL INFO Channel 00/1 : 1[2] -> 0[2] [send] via NET/IBext/0/Shared
gn1129:8972:371 [2] NCCL INFO Channel 01/1 : 1[2] -> 0[2] [send] via NET/IBext/0/Shared
gn1129:8972:631 [2] NCCL INFO Using non-device net plugin version 0
gn1129:8972:631 [2] NCCL INFO Using network IBext
gn1129:8972:631 [2] NCCL INFO comm 0x55611ceb6360 rank 1 nranks 4 cudaDev 2 nvmlDev 2 busId 3d000 commId 0x2b6aafb8b05c3466 - Init START
gn1129:8972:631 [2] NCCL INFO Trees [0] -1/-1/-1->1->2 [1] 2/0/-1->1->3
gn1129:8972:631 [2] NCCL INFO P2P Chunksize set to 131072
gn1129:8972:631 [2] NCCL INFO Channel 00/0 : 0[2] -> 1[2] [receive] via NET/IBext/0
gn1129:8972:631 [2] NCCL INFO Channel 01/0 : 0[2] -> 1[2] [receive] via NET/IBext/0
gn1129:8972:631 [2] NCCL INFO Channel 00/0 : 1[2] -> 2[2] [send] via NET/IBext/0
gn1129:8972:631 [2] NCCL INFO Channel 01/0 : 1[2] -> 2[2] [send] via NET/IBext/0
gn1129:8972:631 [2] NCCL INFO Connected all rings
gn1129:8972:631 [2] NCCL INFO Channel 01/0 : 3[2] -> 1[2] [receive] via NET/IBext/0
gn1129:8972:631 [2] NCCL INFO Channel 01/0 : 1[2] -> 3[2] [send] via NET/IBext/0
gn1129:8972:631 [2] NCCL INFO Channel 00/0 : 2[2] -> 1[2] [receive] via NET/IBext/0
gn1129:8972:631 [2] NCCL INFO Channel 01/0 : 2[2] -> 1[2] [receive] via NET/IBext/0
gn1129:8972:631 [2] NCCL INFO Channel 01/0 : 1[2] -> 0[2] [send] via NET/IBext/0
gn1129:8972:631 [2] NCCL INFO Connected all trees
gn1129:8972:631 [2] NCCL INFO threadThresholds 8/8/64 | 32/8/64 | 512 | 512
gn1129:8972:631 [2] NCCL INFO 2 coll channels, 0 nvls channels, 2 p2p channels, 2 p2p channels per peer
gn1129:8972:631 [2] NCCL INFO comm 0x55611ceb6360 rank 1 nranks 4 cudaDev 2 nvmlDev 2 busId 3d000 commId 0x2b6aafb8b05c3466 - Init COMPLETE
gn1129:8972:32591 [2] NCCL INFO [Service thread] Connection closed by localRank 4
gn1129:8972:32591 [2] NCCL INFO [Service thread] Connection closed by localRank 0
gn1129:8972:673 [2] NCCL INFO [Service thread] Connection closed by localRank 0
gn1129:8972:32591 [2] NCCL INFO [Service thread] Connection closed by localRank 1
gn1129:8972:8972 [2] NCCL INFO comm 0x55611ceb6360 rank 1 nranks 4 cudaDev 2 busId 3d000 - Abort COMPLETE
gn1129:8972:32591 [2] NCCL INFO [Service thread] Connection closed by localRank 2
gn1129:8972:26827 [2] NCCL INFO [Service thread] Connection closed by localRank 4
gn1129:8972:32591 [2] NCCL INFO [Service thread] Connection closed by localRank 3
gn1129:8972:8972 [2] NCCL INFO comm 0x5561162ca220 rank 10 nranks 32 cudaDev 2 busId 3d000 - Abort COMPLETE
gn1129:8972:26827 [2] NCCL INFO [Service thread] Connection closed by localRank 2
gn1129:8972:26827 [2] NCCL INFO [Service thread] Connection closed by localRank 1
gn1129:8972:26827 [2] NCCL INFO [Service thread] Connection closed by localRank 0
gn1129:8972:26827 [2] NCCL INFO [Service thread] Connection closed by localRank 3
gn1129:8972:8972 [2] NCCL INFO comm 0x5561137a1440 rank 42 nranks 128 cudaDev 2 busId 3d000 - Abort COMPLETE
