
=============
== PyTorch ==
=============

NVIDIA Release 24.02 (build 82611821)
PyTorch Version 2.3.0a0+ebedce2
Container image Copyright (c) 2024, NVIDIA CORPORATION & AFFILIATES. All rights reserved.
Copyright (c) 2014-2024 Facebook Inc.
Copyright (c) 2011-2014 Idiap Research Institute (Ronan Collobert)
Copyright (c) 2012-2014 Deepmind Technologies    (Koray Kavukcuoglu)
Copyright (c) 2011-2012 NEC Laboratories America (Koray Kavukcuoglu)
Copyright (c) 2011-2013 NYU                      (Clement Farabet)
Copyright (c) 2006-2010 NEC Laboratories America (Ronan Collobert, Leon Bottou, Iain Melvin, Jason Weston)
Copyright (c) 2006      Idiap Research Institute (Samy Bengio)
Copyright (c) 2001-2004 Idiap Research Institute (Ronan Collobert, Samy Bengio, Johnny Mariethoz)
Copyright (c) 2015      Google Inc.
Copyright (c) 2015      Yangqing Jia
Copyright (c) 2013-2016 The Caffe contributors
All rights reserved.

Various files include modifications (c) NVIDIA CORPORATION & AFFILIATES.  All rights reserved.

This container image and its contents are governed by the NVIDIA Deep Learning Container License.
By pulling and using the container, you accept the terms and conditions of this license:
https://developer.nvidia.com/ngc/nvidia-deep-learning-container-license

ERROR: This container was built for NVIDIA Driver Release 545.23 or later, but
       version 470.161.03 was detected and compatibility mode is UNAVAILABLE.

       [[]]

gn1224:1874:1874 [5] NCCL INFO cudaDriverVersion 12030
gn1224:1874:1874 [5] NCCL INFO NCCL_SOCKET_IFNAME set by environment to ib0
gn1224:1874:1874 [5] NCCL INFO Bootstrap : Using ib0:10.100.12.24<0>
gn1224:1874:1874 [5] NCCL INFO NET/Plugin: Failed to find ncclNetPlugin_v7 symbol.
gn1224:1874:1874 [5] NCCL INFO NET/Plugin: Loaded net plugin NCCL RDMA Plugin v6 (v6)
gn1224:1874:1874 [5] NCCL INFO NET/Plugin: Failed to find ncclCollNetPlugin_v7 symbol.
gn1224:1874:1874 [5] NCCL INFO NET/Plugin: Loaded coll plugin SHARP (v6)
gn1224:1874:18650 [5] NCCL INFO Plugin Path : /opt/hpcx/nccl_rdma_sharp_plugin/lib/libnccl-net.so
gn1224:1874:18650 [5] NCCL INFO P2P plugin IBext
gn1224:1874:18650 [5] NCCL INFO NCCL_SOCKET_IFNAME set by environment to ib0
gn1224:1874:18650 [5] NCCL INFO NET/IB : Using [0]mlx5_0:1/IB/SHARP [RO]; OOB ib0:10.100.12.24<0>
gn1224:1874:18650 [5] NCCL INFO Using non-device net plugin version 0
gn1224:1874:18650 [5] NCCL INFO Using network IBext
gn1224:1874:18650 [5] NCCL INFO comm 0x559526d60990 rank 125 nranks 128 cudaDev 5 nvmlDev 5 busId b2000 commId 0xc30115f52475687c - Init START
gn1224:1874:18650 [5] NCCL INFO Setting affinity for GPU 5 to 3c0000
gn1224:1874:18650 [5] NCCL INFO NVLS multicast support is not available on dev 5
gn1224:1874:18650 [5] NCCL INFO Trees [0] 126/-1/-1->125->123 [1] 126/-1/-1->125->123
gn1224:1874:18650 [5] NCCL INFO P2P Chunksize set to 131072
gn1224:1874:18650 [5] NCCL INFO Channel 00/0 : 125[5] -> 126[6] via P2P/CUMEM
gn1224:1874:18650 [5] NCCL INFO Channel 01/0 : 125[5] -> 126[6] via P2P/CUMEM
gn1224:1874:18650 [5] NCCL INFO Connected all rings
gn1224:1874:18650 [5] NCCL INFO Channel 00/0 : 125[5] -> 123[3] via P2P/CUMEM
gn1224:1874:18650 [5] NCCL INFO Channel 01/0 : 125[5] -> 123[3] via P2P/CUMEM
gn1224:1874:18650 [5] NCCL INFO Connected all trees
gn1224:1874:18650 [5] NCCL INFO threadThresholds 8/8/64 | 1024/8/64 | 512 | 512
gn1224:1874:18650 [5] NCCL INFO 2 coll channels, 0 nvls channels, 2 p2p channels, 2 p2p channels per peer
gn1224:1874:18650 [5] NCCL INFO Channel 00/1 : 125[5] -> 120[0] via P2P/indirect/126[6]
gn1224:1874:18650 [5] NCCL INFO Channel 01/1 : 125[5] -> 120[0] via P2P/indirect/126[6]
gn1224:1874:18650 [5] NCCL INFO Channel 00/1 : 125[5] -> 121[1] via P2P/indirect/127[7]
gn1224:1874:18650 [5] NCCL INFO Channel 01/1 : 125[5] -> 121[1] via P2P/indirect/127[7]
gn1224:1874:18650 [5] NCCL INFO Channel 00/1 : 125[5] -> 122[2] via P2P/indirect/123[3]
gn1224:1874:18650 [5] NCCL INFO Channel 01/1 : 125[5] -> 122[2] via P2P/indirect/123[3]
gn1224:1874:18650 [5] NCCL INFO comm 0x559526d60990 rank 125 nranks 128 cudaDev 5 nvmlDev 5 busId b2000 commId 0xc30115f52475687c - Init COMPLETE
gn1224:1874:25030 [5] NCCL INFO Using non-device net plugin version 0
gn1224:1874:25030 [5] NCCL INFO Using network IBext
gn1224:1874:25030 [5] NCCL INFO comm 0x559529869760 rank 29 nranks 32 cudaDev 5 nvmlDev 5 busId b2000 commId 0x39bb5eaddc5bac6e - Init START
gn1224:1874:25030 [5] NCCL INFO Setting affinity for GPU 5 to 3c0000
gn1224:1874:25030 [5] NCCL INFO NVLS multicast support is not available on dev 5
gn1224:1874:25030 [5] NCCL INFO Trees [0] 30/-1/-1->29->27 [1] 30/-1/-1->29->27
gn1224:1874:25030 [5] NCCL INFO P2P Chunksize set to 131072
gn1224:1874:25030 [5] NCCL INFO Channel 00/0 : 29[5] -> 30[6] via P2P/CUMEM
gn1224:1874:25030 [5] NCCL INFO Channel 01/0 : 29[5] -> 30[6] via P2P/CUMEM
gn1224:1874:25030 [5] NCCL INFO Connected all rings
gn1224:1874:25030 [5] NCCL INFO Channel 00/0 : 29[5] -> 27[3] via P2P/CUMEM
gn1224:1874:25030 [5] NCCL INFO Channel 01/0 : 29[5] -> 27[3] via P2P/CUMEM
gn1224:1874:25030 [5] NCCL INFO Connected all trees
gn1224:1874:25030 [5] NCCL INFO threadThresholds 8/8/64 | 256/8/64 | 512 | 512
gn1224:1874:25030 [5] NCCL INFO 2 coll channels, 0 nvls channels, 2 p2p channels, 2 p2p channels per peer
gn1224:1874:25030 [5] NCCL INFO Channel 00/1 : 29[5] -> 24[0] via P2P/indirect/30[6]
gn1224:1874:25030 [5] NCCL INFO Channel 01/1 : 29[5] -> 24[0] via P2P/indirect/30[6]
gn1224:1874:25030 [5] NCCL INFO Channel 00/1 : 29[5] -> 25[1] via P2P/indirect/31[7]
gn1224:1874:25030 [5] NCCL INFO Channel 01/1 : 29[5] -> 25[1] via P2P/indirect/31[7]
gn1224:1874:25030 [5] NCCL INFO Channel 00/1 : 29[5] -> 26[2] via P2P/indirect/27[3]
gn1224:1874:25030 [5] NCCL INFO Channel 01/1 : 29[5] -> 26[2] via P2P/indirect/27[3]
gn1224:1874:25030 [5] NCCL INFO comm 0x559529869760 rank 29 nranks 32 cudaDev 5 nvmlDev 5 busId b2000 commId 0x39bb5eaddc5bac6e - Init COMPLETE
gn1224:1874:26521 [5] NCCL INFO Using non-device net plugin version 0
gn1224:1874:26521 [5] NCCL INFO Using network IBext
gn1224:1874:26521 [5] NCCL INFO comm 0x55952a727f60 rank 3 nranks 4 cudaDev 5 nvmlDev 5 busId b2000 commId 0x96c6f4dde8fd77e4 - Init START
gn1224:1874:26521 [5] NCCL INFO Setting affinity for GPU 5 to 3c0000
gn1224:1874:26521 [5] NCCL INFO Trees [0] -1/-1/-1->3->2 [1] 1/-1/-1->3->-1
gn1224:1874:26521 [5] NCCL INFO P2P Chunksize set to 131072
gn1224:1874:26521 [5] NCCL INFO Channel 00/0 : 2[5] -> 3[5] [receive] via NET/IBext/0
gn1224:1874:26521 [5] NCCL INFO Channel 01/0 : 2[5] -> 3[5] [receive] via NET/IBext/0
gn1224:1874:26521 [5] NCCL INFO Channel 00/0 : 3[5] -> 0[5] [send] via NET/IBext/0
gn1224:1874:26521 [5] NCCL INFO Channel 01/0 : 3[5] -> 0[5] [send] via NET/IBext/0
gn1224:1874:26521 [5] NCCL INFO Connected all rings
gn1224:1874:26521 [5] NCCL INFO Channel 01/0 : 1[5] -> 3[5] [receive] via NET/IBext/0
gn1224:1874:26521 [5] NCCL INFO Channel 01/0 : 3[5] -> 1[5] [send] via NET/IBext/0
gn1224:1874:26521 [5] NCCL INFO Channel 00/0 : 3[5] -> 2[5] [send] via NET/IBext/0
gn1224:1874:26521 [5] NCCL INFO Connected all trees
gn1224:1874:26521 [5] NCCL INFO threadThresholds 8/8/64 | 32/8/64 | 512 | 512
gn1224:1874:26521 [5] NCCL INFO 2 coll channels, 0 nvls channels, 2 p2p channels, 2 p2p channels per peer
gn1224:1874:26521 [5] NCCL INFO comm 0x55952a727f60 rank 3 nranks 4 cudaDev 5 nvmlDev 5 busId b2000 commId 0x96c6f4dde8fd77e4 - Init COMPLETE
gn1224:1874:26545 [5] NCCL INFO Channel 00/1 : 2[5] -> 3[5] [receive] via NET/IBext/0/Shared
gn1224:1874:26545 [5] NCCL INFO Channel 01/1 : 2[5] -> 3[5] [receive] via NET/IBext/0/Shared
gn1224:1874:27975 [5] NCCL INFO Using non-device net plugin version 0
gn1224:1874:27975 [5] NCCL INFO Using network IBext
gn1224:1874:27975 [5] NCCL INFO comm 0x55952b4e5bb0 rank 5 nranks 8 cudaDev 5 nvmlDev 5 busId b2000 commId 0x54345b54354120f9 - Init START
gn1224:1874:27975 [5] NCCL INFO Setting affinity for GPU 5 to 3c0000
gn1224:1874:27975 [5] NCCL INFO NVLS multicast support is not available on dev 5
gn1224:1874:27975 [5] NCCL INFO Trees [0] 6/-1/-1->5->4 [1] 6/-1/-1->5->4 [2] 4/-1/-1->5->6 [3] 4/-1/-1->5->6 [4] 7/-1/-1->5->3 [5] 3/-1/-1->5->7 [6] 6/-1/-1->5->4 [7] 6/-1/-1->5->4 [8] 4/-1/-1->5->6 [9] 4/-1/-1->5->6 [10] 7/-1/-1->5->3 [11] 3/-1/-1->5->7
gn1224:1874:27975 [5] NCCL INFO P2P Chunksize set to 524288
gn1224:1874:27975 [5] NCCL INFO Channel 00/0 : 5[5] -> 6[6] via P2P/CUMEM
gn1224:1874:27975 [5] NCCL INFO Channel 01/0 : 5[5] -> 6[6] via P2P/CUMEM
gn1224:1874:27975 [5] NCCL INFO Channel 06/0 : 5[5] -> 6[6] via P2P/CUMEM
gn1224:1874:27975 [5] NCCL INFO Channel 07/0 : 5[5] -> 6[6] via P2P/CUMEM
gn1224:1874:27975 [5] NCCL INFO Channel 04/0 : 5[5] -> 7[7] via P2P/CUMEM
gn1224:1874:27975 [5] NCCL INFO Channel 10/0 : 5[5] -> 7[7] via P2P/CUMEM
gn1224:1874:27975 [5] NCCL INFO Channel 05/0 : 5[5] -> 3[3] via P2P/CUMEM
gn1224:1874:27975 [5] NCCL INFO Channel 11/0 : 5[5] -> 3[3] via P2P/CUMEM
gn1224:1874:27975 [5] NCCL INFO Channel 02/0 : 5[5] -> 4[4] via P2P/CUMEM
gn1224:1874:27975 [5] NCCL INFO Channel 03/0 : 5[5] -> 4[4] via P2P/CUMEM
gn1224:1874:27975 [5] NCCL INFO Channel 08/0 : 5[5] -> 4[4] via P2P/CUMEM
gn1224:1874:27975 [5] NCCL INFO Channel 09/0 : 5[5] -> 4[4] via P2P/CUMEM
gn1224:1874:27975 [5] NCCL INFO Connected all rings
gn1224:1874:27975 [5] NCCL INFO Channel 02/0 : 5[5] -> 6[6] via P2P/CUMEM
gn1224:1874:27975 [5] NCCL INFO Channel 03/0 : 5[5] -> 6[6] via P2P/CUMEM
gn1224:1874:27975 [5] NCCL INFO Channel 08/0 : 5[5] -> 6[6] via P2P/CUMEM
gn1224:1874:27975 [5] NCCL INFO Channel 09/0 : 5[5] -> 6[6] via P2P/CUMEM
gn1224:1874:27975 [5] NCCL INFO Channel 05/0 : 5[5] -> 7[7] via P2P/CUMEM
gn1224:1874:27975 [5] NCCL INFO Channel 11/0 : 5[5] -> 7[7] via P2P/CUMEM
gn1224:1874:27975 [5] NCCL INFO Channel 04/0 : 5[5] -> 3[3] via P2P/CUMEM
gn1224:1874:27975 [5] NCCL INFO Channel 10/0 : 5[5] -> 3[3] via P2P/CUMEM
gn1224:1874:27975 [5] NCCL INFO Channel 00/0 : 5[5] -> 4[4] via P2P/CUMEM
gn1224:1874:27975 [5] NCCL INFO Channel 01/0 : 5[5] -> 4[4] via P2P/CUMEM
gn1224:1874:27975 [5] NCCL INFO Channel 06/0 : 5[5] -> 4[4] via P2P/CUMEM
gn1224:1874:27975 [5] NCCL INFO Channel 07/0 : 5[5] -> 4[4] via P2P/CUMEM
gn1224:1874:27975 [5] NCCL INFO Connected all trees
gn1224:1874:27975 [5] NCCL INFO threadThresholds 8/8/64 | 64/8/64 | 512 | 512
gn1224:1874:27975 [5] NCCL INFO 12 coll channels, 0 nvls channels, 16 p2p channels, 2 p2p channels per peer
gn1224:1874:27975 [5] NCCL INFO Channel 12/1 : 5[5] -> 0[0] via P2P/indirect/6[6]
gn1224:1874:27975 [5] NCCL INFO Channel 13/1 : 5[5] -> 0[0] via P2P/indirect/6[6]
gn1224:1874:27975 [5] NCCL INFO Channel 02/1 : 5[5] -> 1[1] via P2P/indirect/7[7]
gn1224:1874:27975 [5] NCCL INFO Channel 03/1 : 5[5] -> 1[1] via P2P/indirect/7[7]
gn1224:1874:27975 [5] NCCL INFO Channel 10/1 : 5[5] -> 2[2] via P2P/indirect/3[3]
gn1224:1874:27975 [5] NCCL INFO Channel 11/1 : 5[5] -> 2[2] via P2P/indirect/3[3]
gn1224:1874:27975 [5] NCCL INFO comm 0x55952b4e5bb0 rank 5 nranks 8 cudaDev 5 nvmlDev 5 busId b2000 commId 0x54345b54354120f9 - Init COMPLETE
gn1224:1874:28623 [5] NCCL INFO Using non-device net plugin version 0
gn1224:1874:28623 [5] NCCL INFO Using network IBext
gn1224:1874:28623 [5] NCCL INFO comm 0x55953d3593d0 rank 3 nranks 4 cudaDev 5 nvmlDev 5 busId b2000 commId 0xf2a4a52c9eba0ed8 - Init START
gn1224:1874:28623 [5] NCCL INFO Setting affinity for GPU 5 to 3c0000
gn1224:1874:28623 [5] NCCL INFO Trees [0] -1/-1/-1->3->2 [1] 1/-1/-1->3->-1
gn1224:1874:28623 [5] NCCL INFO P2P Chunksize set to 131072
gn1224:1874:28623 [5] NCCL INFO Channel 00/0 : 2[5] -> 3[5] [receive] via NET/IBext/0
gn1224:1874:28623 [5] NCCL INFO Channel 01/0 : 2[5] -> 3[5] [receive] via NET/IBext/0
gn1224:1874:28623 [5] NCCL INFO Channel 00/0 : 3[5] -> 0[5] [send] via NET/IBext/0
gn1224:1874:28623 [5] NCCL INFO Channel 01/0 : 3[5] -> 0[5] [send] via NET/IBext/0
gn1224:1874:28623 [5] NCCL INFO Connected all rings
gn1224:1874:28623 [5] NCCL INFO Channel 01/0 : 1[5] -> 3[5] [receive] via NET/IBext/0
gn1224:1874:28623 [5] NCCL INFO Channel 01/0 : 3[5] -> 1[5] [send] via NET/IBext/0
gn1224:1874:28623 [5] NCCL INFO Channel 00/0 : 3[5] -> 2[5] [send] via NET/IBext/0
gn1224:1874:28623 [5] NCCL INFO Connected all trees
gn1224:1874:28623 [5] NCCL INFO threadThresholds 8/8/64 | 32/8/64 | 512 | 512
gn1224:1874:28623 [5] NCCL INFO 2 coll channels, 0 nvls channels, 2 p2p channels, 2 p2p channels per peer
gn1224:1874:28623 [5] NCCL INFO comm 0x55953d3593d0 rank 3 nranks 4 cudaDev 5 nvmlDev 5 busId b2000 commId 0xf2a4a52c9eba0ed8 - Init COMPLETE
gn1224:1874:28993 [5] NCCL INFO Channel 00/1 : 3[5] -> 2[5] [send] via NET/IBext/0/Shared
gn1224:1874:28993 [5] NCCL INFO Channel 01/1 : 3[5] -> 2[5] [send] via NET/IBext/0/Shared
gn1224:1874:29138 [5] NCCL INFO Using non-device net plugin version 0
gn1224:1874:29138 [5] NCCL INFO Using network IBext
gn1224:1874:29138 [5] NCCL INFO comm 0x55953d431800 rank 3 nranks 4 cudaDev 5 nvmlDev 5 busId b2000 commId 0x5e623d3e2abb16c7 - Init START
gn1224:1874:29138 [5] NCCL INFO Setting affinity for GPU 5 to 3c0000
gn1224:1874:29138 [5] NCCL INFO Trees [0] -1/-1/-1->3->2 [1] 1/-1/-1->3->-1
gn1224:1874:29138 [5] NCCL INFO P2P Chunksize set to 131072
gn1224:1874:29138 [5] NCCL INFO Channel 00/0 : 2[5] -> 3[5] [receive] via NET/IBext/0
gn1224:1874:29138 [5] NCCL INFO Channel 01/0 : 2[5] -> 3[5] [receive] via NET/IBext/0
gn1224:1874:29138 [5] NCCL INFO Channel 00/0 : 3[5] -> 0[5] [send] via NET/IBext/0
gn1224:1874:29138 [5] NCCL INFO Channel 01/0 : 3[5] -> 0[5] [send] via NET/IBext/0
gn1224:1874:29138 [5] NCCL INFO Connected all rings
gn1224:1874:29138 [5] NCCL INFO Channel 01/0 : 1[5] -> 3[5] [receive] via NET/IBext/0
gn1224:1874:29138 [5] NCCL INFO Channel 01/0 : 3[5] -> 1[5] [send] via NET/IBext/0
gn1224:1874:29138 [5] NCCL INFO Channel 00/0 : 3[5] -> 2[5] [send] via NET/IBext/0
gn1224:1874:29138 [5] NCCL INFO Connected all trees
gn1224:1874:29138 [5] NCCL INFO threadThresholds 8/8/64 | 32/8/64 | 512 | 512
gn1224:1874:29138 [5] NCCL INFO 2 coll channels, 0 nvls channels, 2 p2p channels, 2 p2p channels per peer
gn1224:1874:29138 [5] NCCL INFO comm 0x55953d431800 rank 3 nranks 4 cudaDev 5 nvmlDev 5 busId b2000 commId 0x5e623d3e2abb16c7 - Init COMPLETE
