
=============
== PyTorch ==
=============

NVIDIA Release 24.02 (build 82611821)
PyTorch Version 2.3.0a0+ebedce2
Container image Copyright (c) 2024, NVIDIA CORPORATION & AFFILIATES. All rights reserved.
Copyright (c) 2014-2024 Facebook Inc.
Copyright (c) 2011-2014 Idiap Research Institute (Ronan Collobert)
Copyright (c) 2012-2014 Deepmind Technologies    (Koray Kavukcuoglu)
Copyright (c) 2011-2012 NEC Laboratories America (Koray Kavukcuoglu)
Copyright (c) 2011-2013 NYU                      (Clement Farabet)
Copyright (c) 2006-2010 NEC Laboratories America (Ronan Collobert, Leon Bottou, Iain Melvin, Jason Weston)
Copyright (c) 2006      Idiap Research Institute (Samy Bengio)
Copyright (c) 2001-2004 Idiap Research Institute (Ronan Collobert, Samy Bengio, Johnny Mariethoz)
Copyright (c) 2015      Google Inc.
Copyright (c) 2015      Yangqing Jia
Copyright (c) 2013-2016 The Caffe contributors
All rights reserved.

Various files include modifications (c) NVIDIA CORPORATION & AFFILIATES.  All rights reserved.

This container image and its contents are governed by the NVIDIA Deep Learning Container License.
By pulling and using the container, you accept the terms and conditions of this license:
https://developer.nvidia.com/ngc/nvidia-deep-learning-container-license

ERROR: This container was built for NVIDIA Driver Release 545.23 or later, but
       version 470.161.03 was detected and compatibility mode is UNAVAILABLE.

       [[]]

gn1223:20475:20475 [0] NCCL INFO cudaDriverVersion 12030
gn1223:20475:20475 [0] NCCL INFO NCCL_SOCKET_IFNAME set by environment to ib0
gn1223:20475:20475 [0] NCCL INFO Bootstrap : Using ib0:10.100.12.23<0>
gn1223:20475:20475 [0] NCCL INFO NET/Plugin: Failed to find ncclNetPlugin_v7 symbol.
gn1223:20475:20475 [0] NCCL INFO NET/Plugin: Loaded net plugin NCCL RDMA Plugin v6 (v6)
gn1223:20475:20475 [0] NCCL INFO NET/Plugin: Failed to find ncclCollNetPlugin_v7 symbol.
gn1223:20475:20475 [0] NCCL INFO NET/Plugin: Loaded coll plugin SHARP (v6)
gn1223:20475:962 [0] NCCL INFO Plugin Path : /opt/hpcx/nccl_rdma_sharp_plugin/lib/libnccl-net.so
gn1223:20475:962 [0] NCCL INFO P2P plugin IBext
gn1223:20475:962 [0] NCCL INFO NCCL_SOCKET_IFNAME set by environment to ib0
gn1223:20475:962 [0] NCCL INFO NET/IB : Using [0]mlx5_0:1/IB/SHARP [RO]; OOB ib0:10.100.12.23<0>
gn1223:20475:962 [0] NCCL INFO Using non-device net plugin version 0
gn1223:20475:962 [0] NCCL INFO Using network IBext
gn1223:20475:962 [0] NCCL INFO comm 0x5607488b93a0 rank 112 nranks 128 cudaDev 0 nvmlDev 0 busId 1b000 commId 0xc30115f52475687c - Init START
gn1223:20475:962 [0] NCCL INFO NVLS multicast support is not available on dev 0
gn1223:20475:962 [0] NCCL INFO Trees [0] 113/120/-1->112->96 [1] 113/-1/-1->112->105
gn1223:20475:962 [0] NCCL INFO P2P Chunksize set to 131072
gn1223:20475:962 [0] NCCL INFO Channel 00/0 : 112[0] -> 115[3] via P2P/CUMEM
gn1223:20475:962 [0] NCCL INFO Channel 01/0 : 112[0] -> 115[3] via P2P/CUMEM
gn1223:20475:962 [0] NCCL INFO Channel 00/0 : 105[1] -> 112[0] [receive] via NET/IBext/0/GDRDMA
gn1223:20475:962 [0] NCCL INFO Channel 01/0 : 105[1] -> 112[0] [receive] via NET/IBext/0/GDRDMA
gn1223:20475:962 [0] NCCL INFO Connected all rings
gn1223:20475:962 [0] NCCL INFO Channel 00/0 : 112[0] -> 113[1] via P2P/CUMEM
gn1223:20475:962 [0] NCCL INFO Channel 01/0 : 112[0] -> 113[1] via P2P/CUMEM
gn1223:20475:962 [0] NCCL INFO Channel 00/0 : 112[0] -> 120[0] [send] via NET/IBext/0/GDRDMA
gn1223:20475:962 [0] NCCL INFO Channel 00/0 : 96[0] -> 112[0] [receive] via NET/IBext/0/GDRDMA
gn1223:20475:962 [0] NCCL INFO Channel 00/0 : 112[0] -> 96[0] [send] via NET/IBext/0/GDRDMA
gn1223:20475:962 [0] NCCL INFO Channel 00/0 : 120[0] -> 112[0] [receive] via NET/IBext/0/GDRDMA
gn1223:20475:962 [0] NCCL INFO Channel 01/0 : 112[0] -> 105[1] [send] via NET/IBext/0/GDRDMA
gn1223:20475:962 [0] NCCL INFO Connected all trees
gn1223:20475:962 [0] NCCL INFO threadThresholds 8/8/64 | 1024/8/64 | 512 | 512
gn1223:20475:962 [0] NCCL INFO 2 coll channels, 0 nvls channels, 2 p2p channels, 2 p2p channels per peer
gn1223:20475:962 [0] NCCL INFO Channel 00/1 : 112[0] -> 116[4] via P2P/indirect/114[2]
gn1223:20475:962 [0] NCCL INFO Channel 01/1 : 112[0] -> 116[4] via P2P/indirect/114[2]
gn1223:20475:962 [0] NCCL INFO Channel 00/1 : 112[0] -> 117[5] via P2P/indirect/118[6]
gn1223:20475:962 [0] NCCL INFO Channel 01/1 : 112[0] -> 117[5] via P2P/indirect/118[6]
gn1223:20475:962 [0] NCCL INFO Channel 00/1 : 112[0] -> 119[7] via P2P/indirect/113[1]
gn1223:20475:962 [0] NCCL INFO Channel 01/1 : 112[0] -> 119[7] via P2P/indirect/113[1]
gn1223:20475:962 [0] NCCL INFO comm 0x5607488b93a0 rank 112 nranks 128 cudaDev 0 nvmlDev 0 busId 1b000 commId 0xc30115f52475687c - Init COMPLETE
gn1223:20475:7075 [0] NCCL INFO Using non-device net plugin version 0
gn1223:20475:7075 [0] NCCL INFO Using network IBext
gn1223:20475:7075 [0] NCCL INFO comm 0x56074b3e9460 rank 24 nranks 32 cudaDev 0 nvmlDev 0 busId 1b000 commId 0x74bb4c244197332c - Init START
gn1223:20475:7075 [0] NCCL INFO NVLS multicast support is not available on dev 0
gn1223:20475:7075 [0] NCCL INFO Trees [0] 25/-1/-1->24->16 [1] 25/8/-1->24->-1
gn1223:20475:7075 [0] NCCL INFO P2P Chunksize set to 131072
gn1223:20475:7075 [0] NCCL INFO Channel 00/0 : 24[0] -> 27[3] via P2P/CUMEM
gn1223:20475:7075 [0] NCCL INFO Channel 01/0 : 24[0] -> 27[3] via P2P/CUMEM
gn1223:20475:7075 [0] NCCL INFO Channel 00/0 : 17[1] -> 24[0] [receive] via NET/IBext/0/GDRDMA
gn1223:20475:7075 [0] NCCL INFO Channel 01/0 : 17[1] -> 24[0] [receive] via NET/IBext/0/GDRDMA
gn1223:20475:7075 [0] NCCL INFO Connected all rings
gn1223:20475:7075 [0] NCCL INFO Channel 00/0 : 24[0] -> 25[1] via P2P/CUMEM
gn1223:20475:7075 [0] NCCL INFO Channel 01/0 : 24[0] -> 25[1] via P2P/CUMEM
gn1223:20475:7075 [0] NCCL INFO Channel 00/0 : 16[0] -> 24[0] [receive] via NET/IBext/0/GDRDMA
gn1223:20475:7075 [0] NCCL INFO Channel 01/0 : 8[0] -> 24[0] [receive] via NET/IBext/0/GDRDMA
gn1223:20475:7075 [0] NCCL INFO Channel 01/0 : 24[0] -> 8[0] [send] via NET/IBext/0/GDRDMA
gn1223:20475:7075 [0] NCCL INFO Channel 00/0 : 24[0] -> 16[0] [send] via NET/IBext/0/GDRDMA
gn1223:20475:7075 [0] NCCL INFO Connected all trees
gn1223:20475:7075 [0] NCCL INFO threadThresholds 8/8/64 | 256/8/64 | 512 | 512
gn1223:20475:7075 [0] NCCL INFO 2 coll channels, 0 nvls channels, 2 p2p channels, 2 p2p channels per peer
gn1223:20475:7075 [0] NCCL INFO Channel 00/1 : 24[0] -> 28[4] via P2P/indirect/26[2]
gn1223:20475:7075 [0] NCCL INFO Channel 01/1 : 24[0] -> 28[4] via P2P/indirect/26[2]
gn1223:20475:7075 [0] NCCL INFO Channel 00/1 : 24[0] -> 29[5] via P2P/indirect/30[6]
gn1223:20475:7075 [0] NCCL INFO Channel 01/1 : 24[0] -> 29[5] via P2P/indirect/30[6]
gn1223:20475:7075 [0] NCCL INFO Channel 00/1 : 24[0] -> 31[7] via P2P/indirect/25[1]
gn1223:20475:7075 [0] NCCL INFO Channel 01/1 : 24[0] -> 31[7] via P2P/indirect/25[1]
gn1223:20475:7075 [0] NCCL INFO comm 0x56074b3e9460 rank 24 nranks 32 cudaDev 0 nvmlDev 0 busId 1b000 commId 0x74bb4c244197332c - Init COMPLETE
gn1223:20475:8207 [0] NCCL INFO Using non-device net plugin version 0
gn1223:20475:8207 [0] NCCL INFO Using network IBext
gn1223:20475:8207 [0] NCCL INFO comm 0x56074c2abd00 rank 3 nranks 4 cudaDev 0 nvmlDev 0 busId 1b000 commId 0xa0195181babb6f7b - Init START
gn1223:20475:8207 [0] NCCL INFO Trees [0] -1/-1/-1->3->2 [1] 1/-1/-1->3->-1
gn1223:20475:8207 [0] NCCL INFO P2P Chunksize set to 131072
gn1223:20475:8207 [0] NCCL INFO Channel 00/0 : 2[0] -> 3[0] [receive] via NET/IBext/0/GDRDMA
gn1223:20475:8207 [0] NCCL INFO Channel 01/0 : 2[0] -> 3[0] [receive] via NET/IBext/0/GDRDMA
gn1223:20475:8207 [0] NCCL INFO Channel 00/0 : 3[0] -> 0[0] [send] via NET/IBext/0/GDRDMA
gn1223:20475:8207 [0] NCCL INFO Channel 01/0 : 3[0] -> 0[0] [send] via NET/IBext/0/GDRDMA
gn1223:20475:8207 [0] NCCL INFO Connected all rings
gn1223:20475:8207 [0] NCCL INFO Channel 01/0 : 1[0] -> 3[0] [receive] via NET/IBext/0/GDRDMA
gn1223:20475:8207 [0] NCCL INFO Channel 01/0 : 3[0] -> 1[0] [send] via NET/IBext/0/GDRDMA
gn1223:20475:8207 [0] NCCL INFO Channel 00/0 : 3[0] -> 2[0] [send] via NET/IBext/0/GDRDMA
gn1223:20475:8207 [0] NCCL INFO Connected all trees
gn1223:20475:8207 [0] NCCL INFO threadThresholds 8/8/64 | 32/8/64 | 512 | 512
gn1223:20475:8207 [0] NCCL INFO 2 coll channels, 0 nvls channels, 2 p2p channels, 2 p2p channels per peer
gn1223:20475:8207 [0] NCCL INFO comm 0x56074c2abd00 rank 3 nranks 4 cudaDev 0 nvmlDev 0 busId 1b000 commId 0xa0195181babb6f7b - Init COMPLETE
gn1223:20475:8376 [0] NCCL INFO Channel 00/1 : 2[0] -> 3[0] [receive] via NET/IBext/0/GDRDMA/Shared
gn1223:20475:8376 [0] NCCL INFO Channel 01/1 : 2[0] -> 3[0] [receive] via NET/IBext/0/GDRDMA/Shared
NCCL version 2.19.4+cuda12.3
gn1223:20475:9724 [0] NCCL INFO Using non-device net plugin version 0
gn1223:20475:9724 [0] NCCL INFO Using network IBext
gn1223:20475:9724 [0] NCCL INFO comm 0x56074d067330 rank 0 nranks 8 cudaDev 0 nvmlDev 0 busId 1b000 commId 0x99310f9caeda0bea - Init START
gn1223:20475:9724 [0] NCCL INFO NVLS multicast support is not available on dev 0
gn1223:20475:9724 [0] NCCL INFO Channel 00/12 :    0   3   2   1   7   4   5   6
gn1223:20475:9724 [0] NCCL INFO Channel 01/12 :    0   3   2   1   7   4   5   6
gn1223:20475:9724 [0] NCCL INFO Channel 02/12 :    0   6   5   4   7   1   2   3
gn1223:20475:9724 [0] NCCL INFO Channel 03/12 :    0   6   5   4   7   1   2   3
gn1223:20475:9724 [0] NCCL INFO Channel 04/12 :    0   1   3   5   7   6   4   2
gn1223:20475:9724 [0] NCCL INFO Channel 05/12 :    0   2   4   6   7   5   3   1
gn1223:20475:9724 [0] NCCL INFO Channel 06/12 :    0   3   2   1   7   4   5   6
gn1223:20475:9724 [0] NCCL INFO Channel 07/12 :    0   3   2   1   7   4   5   6
gn1223:20475:9724 [0] NCCL INFO Channel 08/12 :    0   6   5   4   7   1   2   3
gn1223:20475:9724 [0] NCCL INFO Channel 09/12 :    0   6   5   4   7   1   2   3
gn1223:20475:9724 [0] NCCL INFO Channel 10/12 :    0   1   3   5   7   6   4   2
gn1223:20475:9724 [0] NCCL INFO Channel 11/12 :    0   2   4   6   7   5   3   1
gn1223:20475:9724 [0] NCCL INFO Trees [0] 3/-1/-1->0->-1 [1] 3/-1/-1->0->-1 [2] 6/-1/-1->0->-1 [3] 6/-1/-1->0->-1 [4] 1/-1/-1->0->-1 [5] 2/-1/-1->0->-1 [6] 3/-1/-1->0->-1 [7] 3/-1/-1->0->-1 [8] 6/-1/-1->0->-1 [9] 6/-1/-1->0->-1 [10] 1/-1/-1->0->-1 [11] 2/-1/-1->0->-1
gn1223:20475:9724 [0] NCCL INFO P2P Chunksize set to 524288
gn1223:20475:9724 [0] NCCL INFO Channel 04/0 : 0[0] -> 1[1] via P2P/CUMEM
gn1223:20475:9724 [0] NCCL INFO Channel 10/0 : 0[0] -> 1[1] via P2P/CUMEM
gn1223:20475:9724 [0] NCCL INFO Channel 05/0 : 0[0] -> 2[2] via P2P/CUMEM
gn1223:20475:9724 [0] NCCL INFO Channel 11/0 : 0[0] -> 2[2] via P2P/CUMEM
gn1223:20475:9724 [0] NCCL INFO Channel 00/0 : 0[0] -> 3[3] via P2P/CUMEM
gn1223:20475:9724 [0] NCCL INFO Channel 01/0 : 0[0] -> 3[3] via P2P/CUMEM
gn1223:20475:9724 [0] NCCL INFO Channel 06/0 : 0[0] -> 3[3] via P2P/CUMEM
gn1223:20475:9724 [0] NCCL INFO Channel 07/0 : 0[0] -> 3[3] via P2P/CUMEM
gn1223:20475:9724 [0] NCCL INFO Channel 02/0 : 0[0] -> 6[6] via P2P/CUMEM
gn1223:20475:9724 [0] NCCL INFO Channel 03/0 : 0[0] -> 6[6] via P2P/CUMEM
gn1223:20475:9724 [0] NCCL INFO Channel 08/0 : 0[0] -> 6[6] via P2P/CUMEM
gn1223:20475:9724 [0] NCCL INFO Channel 09/0 : 0[0] -> 6[6] via P2P/CUMEM
gn1223:20475:9724 [0] NCCL INFO Connected all rings
gn1223:20475:9724 [0] NCCL INFO Connected all trees
gn1223:20475:9724 [0] NCCL INFO threadThresholds 8/8/64 | 64/8/64 | 512 | 512
gn1223:20475:9724 [0] NCCL INFO 12 coll channels, 0 nvls channels, 16 p2p channels, 2 p2p channels per peer
gn1223:20475:9724 [0] NCCL INFO Channel 02/1 : 0[0] -> 4[4] via P2P/indirect/2[2]
gn1223:20475:9724 [0] NCCL INFO Channel 03/1 : 0[0] -> 4[4] via P2P/indirect/2[2]
gn1223:20475:9724 [0] NCCL INFO Channel 10/1 : 0[0] -> 5[5] via P2P/indirect/6[6]
gn1223:20475:9724 [0] NCCL INFO Channel 11/1 : 0[0] -> 5[5] via P2P/indirect/6[6]
gn1223:20475:9724 [0] NCCL INFO Channel 14/1 : 0[0] -> 7[7] via P2P/indirect/1[1]
gn1223:20475:9724 [0] NCCL INFO Channel 15/1 : 0[0] -> 7[7] via P2P/indirect/1[1]
gn1223:20475:9724 [0] NCCL INFO comm 0x56074d067330 rank 0 nranks 8 cudaDev 0 nvmlDev 0 busId 1b000 commId 0x99310f9caeda0bea - Init COMPLETE
gn1223:20475:10573 [0] NCCL INFO Using non-device net plugin version 0
gn1223:20475:10573 [0] NCCL INFO Using network IBext
gn1223:20475:10573 [0] NCCL INFO comm 0x56075f29cfe0 rank 2 nranks 4 cudaDev 0 nvmlDev 0 busId 1b000 commId 0xca4b4bba3e88cdc1 - Init START
gn1223:20475:10573 [0] NCCL INFO Trees [0] 1/3/-1->2->0 [1] -1/-1/-1->2->1
gn1223:20475:10573 [0] NCCL INFO P2P Chunksize set to 131072
gn1223:20475:10573 [0] NCCL INFO Channel 00/0 : 1[0] -> 2[0] [receive] via NET/IBext/0/GDRDMA
gn1223:20475:10573 [0] NCCL INFO Channel 01/0 : 1[0] -> 2[0] [receive] via NET/IBext/0/GDRDMA
gn1223:20475:10573 [0] NCCL INFO Channel 00/0 : 2[0] -> 3[0] [send] via NET/IBext/0/GDRDMA
gn1223:20475:10573 [0] NCCL INFO Channel 01/0 : 2[0] -> 3[0] [send] via NET/IBext/0/GDRDMA
gn1223:20475:10573 [0] NCCL INFO Connected all rings
gn1223:20475:10573 [0] NCCL INFO Channel 00/0 : 0[0] -> 2[0] [receive] via NET/IBext/0/GDRDMA
gn1223:20475:10573 [0] NCCL INFO Channel 00/0 : 2[0] -> 0[0] [send] via NET/IBext/0/GDRDMA
gn1223:20475:10573 [0] NCCL INFO Channel 00/0 : 3[0] -> 2[0] [receive] via NET/IBext/0/GDRDMA
gn1223:20475:10573 [0] NCCL INFO Channel 00/0 : 2[0] -> 1[0] [send] via NET/IBext/0/GDRDMA
gn1223:20475:10573 [0] NCCL INFO Channel 01/0 : 2[0] -> 1[0] [send] via NET/IBext/0/GDRDMA
gn1223:20475:10573 [0] NCCL INFO Connected all trees
gn1223:20475:10573 [0] NCCL INFO threadThresholds 8/8/64 | 32/8/64 | 512 | 512
gn1223:20475:10573 [0] NCCL INFO 2 coll channels, 0 nvls channels, 2 p2p channels, 2 p2p channels per peer
gn1223:20475:10573 [0] NCCL INFO comm 0x56075f29cfe0 rank 2 nranks 4 cudaDev 0 nvmlDev 0 busId 1b000 commId 0xca4b4bba3e88cdc1 - Init COMPLETE
gn1223:20475:10866 [0] NCCL INFO Channel 00/1 : 3[0] -> 2[0] [send] via NET/IBext/0/GDRDMA/Shared
gn1223:20475:10866 [0] NCCL INFO Channel 01/1 : 3[0] -> 2[0] [send] via NET/IBext/0/GDRDMA/Shared
gn1223:20475:11183 [0] NCCL INFO Using non-device net plugin version 0
gn1223:20475:11183 [0] NCCL INFO Using network IBext
gn1223:20475:11183 [0] NCCL INFO comm 0x56075f36f1f0 rank 2 nranks 4 cudaDev 0 nvmlDev 0 busId 1b000 commId 0x417ce62891cb9421 - Init START
gn1223:20475:11183 [0] NCCL INFO Trees [0] 1/3/-1->2->0 [1] -1/-1/-1->2->1
gn1223:20475:11183 [0] NCCL INFO P2P Chunksize set to 131072
gn1223:20475:11183 [0] NCCL INFO Channel 00/0 : 1[0] -> 2[0] [receive] via NET/IBext/0/GDRDMA
gn1223:20475:11183 [0] NCCL INFO Channel 01/0 : 1[0] -> 2[0] [receive] via NET/IBext/0/GDRDMA
gn1223:20475:11183 [0] NCCL INFO Channel 00/0 : 2[0] -> 3[0] [send] via NET/IBext/0/GDRDMA
gn1223:20475:11183 [0] NCCL INFO Channel 01/0 : 2[0] -> 3[0] [send] via NET/IBext/0/GDRDMA
gn1223:20475:11183 [0] NCCL INFO Connected all rings
gn1223:20475:11183 [0] NCCL INFO Channel 00/0 : 0[0] -> 2[0] [receive] via NET/IBext/0/GDRDMA
gn1223:20475:11183 [0] NCCL INFO Channel 00/0 : 2[0] -> 0[0] [send] via NET/IBext/0/GDRDMA
gn1223:20475:11183 [0] NCCL INFO Channel 00/0 : 3[0] -> 2[0] [receive] via NET/IBext/0/GDRDMA
gn1223:20475:11183 [0] NCCL INFO Channel 00/0 : 2[0] -> 1[0] [send] via NET/IBext/0/GDRDMA
gn1223:20475:11183 [0] NCCL INFO Channel 01/0 : 2[0] -> 1[0] [send] via NET/IBext/0/GDRDMA
gn1223:20475:11183 [0] NCCL INFO Connected all trees
gn1223:20475:11183 [0] NCCL INFO threadThresholds 8/8/64 | 32/8/64 | 512 | 512
gn1223:20475:11183 [0] NCCL INFO 2 coll channels, 0 nvls channels, 2 p2p channels, 2 p2p channels per peer
gn1223:20475:11183 [0] NCCL INFO comm 0x56075f36f1f0 rank 2 nranks 4 cudaDev 0 nvmlDev 0 busId 1b000 commId 0x417ce62891cb9421 - Init COMPLETE
